[0.014s] Invoking command in '/home/kyw/vscode/slam_study/ros2_ws/build/cmdvel_to_serial_cpp': CMAKE_PREFIX_PATH=${CMAKE_PREFIX_PATH}:/opt/ros/jazzy DEBUGINFOD_URLS=https://debuginfod.ubuntu.com /usr/bin/cmake --build /home/kyw/vscode/slam_study/ros2_ws/build/cmdvel_to_serial_cpp -- -j4 -l4
[0.057s] [100%] Built target cmdvel_to_serial
[0.076s] Invoked command in '/home/kyw/vscode/slam_study/ros2_ws/build/cmdvel_to_serial_cpp' returned '0': CMAKE_PREFIX_PATH=${CMAKE_PREFIX_PATH}:/opt/ros/jazzy DEBUGINFOD_URLS=https://debuginfod.ubuntu.com /usr/bin/cmake --build /home/kyw/vscode/slam_study/ros2_ws/build/cmdvel_to_serial_cpp -- -j4 -l4
[0.077s] Invoking command in '/home/kyw/vscode/slam_study/ros2_ws/build/cmdvel_to_serial_cpp': CMAKE_PREFIX_PATH=${CMAKE_PREFIX_PATH}:/opt/ros/jazzy DEBUGINFOD_URLS=https://debuginfod.ubuntu.com /usr/bin/cmake --install /home/kyw/vscode/slam_study/ros2_ws/build/cmdvel_to_serial_cpp
[0.092s] -- Install configuration: ""
[0.094s] -- Up-to-date: /home/kyw/vscode/slam_study/ros2_ws/install/cmdvel_to_serial_cpp/lib/cmdvel_to_serial_cpp/cmdvel_to_serial
[0.094s] -- Up-to-date: /home/kyw/vscode/slam_study/ros2_ws/install/cmdvel_to_serial_cpp/share/ament_index/resource_index/package_run_dependencies/cmdvel_to_serial_cpp
[0.094s] -- Up-to-date: /home/kyw/vscode/slam_study/ros2_ws/install/cmdvel_to_serial_cpp/share/ament_index/resource_index/parent_prefix_path/cmdvel_to_serial_cpp
[0.094s] -- Up-to-date: /home/kyw/vscode/slam_study/ros2_ws/install/cmdvel_to_serial_cpp/share/cmdvel_to_serial_cpp/environment/ament_prefix_path.sh
[0.094s] -- Up-to-date: /home/kyw/vscode/slam_study/ros2_ws/install/cmdvel_to_serial_cpp/share/cmdvel_to_serial_cpp/environment/ament_prefix_path.dsv
[0.094s] -- Up-to-date: /home/kyw/vscode/slam_study/ros2_ws/install/cmdvel_to_serial_cpp/share/cmdvel_to_serial_cpp/environment/path.sh
[0.094s] -- Up-to-date: /home/kyw/vscode/slam_study/ros2_ws/install/cmdvel_to_serial_cpp/share/cmdvel_to_serial_cpp/environment/path.dsv
[0.094s] -- Up-to-date: /home/kyw/vscode/slam_study/ros2_ws/install/cmdvel_to_serial_cpp/share/cmdvel_to_serial_cpp/local_setup.bash
[0.094s] -- Up-to-date: /home/kyw/vscode/slam_study/ros2_ws/install/cmdvel_to_serial_cpp/share/cmdvel_to_serial_cpp/local_setup.sh
[0.094s] -- Up-to-date: /home/kyw/vscode/slam_study/ros2_ws/install/cmdvel_to_serial_cpp/share/cmdvel_to_serial_cpp/local_setup.zsh
[0.094s] -- Up-to-date: /home/kyw/vscode/slam_study/ros2_ws/install/cmdvel_to_serial_cpp/share/cmdvel_to_serial_cpp/local_setup.dsv
[0.094s] -- Installing: /home/kyw/vscode/slam_study/ros2_ws/install/cmdvel_to_serial_cpp/share/cmdvel_to_serial_cpp/package.dsv
[0.094s] -- Up-to-date: /home/kyw/vscode/slam_study/ros2_ws/install/cmdvel_to_serial_cpp/share/ament_index/resource_index/packages/cmdvel_to_serial_cpp
[0.094s] -- Up-to-date: /home/kyw/vscode/slam_study/ros2_ws/install/cmdvel_to_serial_cpp/share/cmdvel_to_serial_cpp/cmake/cmdvel_to_serial_cppConfig.cmake
[0.094s] -- Up-to-date: /home/kyw/vscode/slam_study/ros2_ws/install/cmdvel_to_serial_cpp/share/cmdvel_to_serial_cpp/cmake/cmdvel_to_serial_cppConfig-version.cmake
[0.094s] -- Up-to-date: /home/kyw/vscode/slam_study/ros2_ws/install/cmdvel_to_serial_cpp/share/cmdvel_to_serial_cpp/package.xml
[0.097s] Invoked command in '/home/kyw/vscode/slam_study/ros2_ws/build/cmdvel_to_serial_cpp' returned '0': CMAKE_PREFIX_PATH=${CMAKE_PREFIX_PATH}:/opt/ros/jazzy DEBUGINFOD_URLS=https://debuginfod.ubuntu.com /usr/bin/cmake --install /home/kyw/vscode/slam_study/ros2_ws/build/cmdvel_to_serial_cpp
