[  2%] Built target robot_monitoring__rosidl_generator_type_description
[  2%] Built target ament_cmake_python_copy_robot_monitoring
[  5%] Built target robot_monitoring__cpp
[ 19%] Built target robot_monitoring__rosidl_generator_c
[ 27%] Built target robot_monitoring__rosidl_typesupport_fastrtps_c
[ 36%] Built target robot_monitoring__rosidl_typesupport_cpp
[ 44%] Built target robot_monitoring__rosidl_typesupport_fastrtps_cpp
[ 52%] Built target robot_monitoring__rosidl_typesupport_introspection_c
[ 61%] Built target robot_monitoring__rosidl_typesupport_c
[ 69%] Built target robot_monitoring__rosidl_typesupport_introspection_cpp
[ 69%] Built target robot_monitoring
[ 72%] Built target robot_monitoring__py
[ 77%] Built target robot_monitor_node
[ 83%] Built target robot_monitoring__rosidl_generator_py
[ 88%] Built target robot_monitoring_s__rosidl_typesupport_introspection_c
[ 94%] Built target robot_monitoring_s__rosidl_typesupport_fastrtps_c
[100%] Built target robot_monitoring_s__rosidl_typesupport_c
running egg_info
writing robot_monitoring.egg-info/PKG-INFO
writing dependency_links to robot_monitoring.egg-info/dependency_links.txt
writing top-level names to robot_monitoring.egg-info/top_level.txt
reading manifest file 'robot_monitoring.egg-info/SOURCES.txt'
writing manifest file 'robot_monitoring.egg-info/SOURCES.txt'
[100%] Built target ament_cmake_python_build_robot_monitoring_egg
-- Install configuration: ""
-- Up-to-date: /home/kyw/vscode/slam_study/ros2_ws/install/robot_monitoring/share/ament_index/resource_index/rosidl_interfaces/robot_monitoring
-- Up-to-date: /home/kyw/vscode/slam_study/ros2_ws/install/robot_monitoring/share/robot_monitoring/msg/RobotStatus.json
-- Up-to-date: /home/kyw/vscode/slam_study/ros2_ws/install/robot_monitoring/include/robot_monitoring/robot_monitoring
-- Up-to-date: /home/kyw/vscode/slam_study/ros2_ws/install/robot_monitoring/include/robot_monitoring/robot_monitoring/msg
-- Up-to-date: /home/kyw/vscode/slam_study/ros2_ws/install/robot_monitoring/include/robot_monitoring/robot_monitoring/msg/robot_status.h
-- Up-to-date: /home/kyw/vscode/slam_study/ros2_ws/install/robot_monitoring/include/robot_monitoring/robot_monitoring/msg/rosidl_generator_c__visibility_control.h
-- Up-to-date: /home/kyw/vscode/slam_study/ros2_ws/install/robot_monitoring/include/robot_monitoring/robot_monitoring/msg/detail
-- Up-to-date: /home/kyw/vscode/slam_study/ros2_ws/install/robot_monitoring/include/robot_monitoring/robot_monitoring/msg/detail/robot_status__type_support.h
-- Up-to-date: /home/kyw/vscode/slam_study/ros2_ws/install/robot_monitoring/include/robot_monitoring/robot_monitoring/msg/detail/robot_status__type_support.c
-- Up-to-date: /home/kyw/vscode/slam_study/ros2_ws/install/robot_monitoring/include/robot_monitoring/robot_monitoring/msg/detail/robot_status__description.c
-- Up-to-date: /home/kyw/vscode/slam_study/ros2_ws/install/robot_monitoring/include/robot_monitoring/robot_monitoring/msg/detail/robot_status__functions.c
-- Up-to-date: /home/kyw/vscode/slam_study/ros2_ws/install/robot_monitoring/include/robot_monitoring/robot_monitoring/msg/detail/robot_status__struct.h
-- Up-to-date: /home/kyw/vscode/slam_study/ros2_ws/install/robot_monitoring/include/robot_monitoring/robot_monitoring/msg/detail/robot_status__functions.h
-- Up-to-date: /home/kyw/vscode/slam_study/ros2_ws/install/robot_monitoring/share/robot_monitoring/environment/library_path.sh
-- Up-to-date: /home/kyw/vscode/slam_study/ros2_ws/install/robot_monitoring/share/robot_monitoring/environment/library_path.dsv
-- Up-to-date: /home/kyw/vscode/slam_study/ros2_ws/install/robot_monitoring/lib/librobot_monitoring__rosidl_generator_c.so
-- Up-to-date: /home/kyw/vscode/slam_study/ros2_ws/install/robot_monitoring/include/robot_monitoring/robot_monitoring
-- Up-to-date: /home/kyw/vscode/slam_study/ros2_ws/install/robot_monitoring/include/robot_monitoring/robot_monitoring/msg
-- Up-to-date: /home/kyw/vscode/slam_study/ros2_ws/install/robot_monitoring/include/robot_monitoring/robot_monitoring/msg/detail
-- Up-to-date: /home/kyw/vscode/slam_study/ros2_ws/install/robot_monitoring/include/robot_monitoring/robot_monitoring/msg/detail/robot_status__rosidl_typesupport_fastrtps_c.h
-- Up-to-date: /home/kyw/vscode/slam_study/ros2_ws/install/robot_monitoring/include/robot_monitoring/robot_monitoring/msg/rosidl_typesupport_fastrtps_c__visibility_control.h
-- Up-to-date: /home/kyw/vscode/slam_study/ros2_ws/install/robot_monitoring/lib/librobot_monitoring__rosidl_typesupport_fastrtps_c.so
-- Up-to-date: /home/kyw/vscode/slam_study/ros2_ws/install/robot_monitoring/include/robot_monitoring/robot_monitoring
-- Up-to-date: /home/kyw/vscode/slam_study/ros2_ws/install/robot_monitoring/include/robot_monitoring/robot_monitoring/msg
-- Up-to-date: /home/kyw/vscode/slam_study/ros2_ws/install/robot_monitoring/include/robot_monitoring/robot_monitoring/msg/robot_status.hpp
-- Up-to-date: /home/kyw/vscode/slam_study/ros2_ws/install/robot_monitoring/include/robot_monitoring/robot_monitoring/msg/rosidl_generator_cpp__visibility_control.hpp
-- Up-to-date: /home/kyw/vscode/slam_study/ros2_ws/install/robot_monitoring/include/robot_monitoring/robot_monitoring/msg/detail
-- Up-to-date: /home/kyw/vscode/slam_study/ros2_ws/install/robot_monitoring/include/robot_monitoring/robot_monitoring/msg/detail/robot_status__type_support.hpp
-- Up-to-date: /home/kyw/vscode/slam_study/ros2_ws/install/robot_monitoring/include/robot_monitoring/robot_monitoring/msg/detail/robot_status__builder.hpp
-- Up-to-date: /home/kyw/vscode/slam_study/ros2_ws/install/robot_monitoring/include/robot_monitoring/robot_monitoring/msg/detail/robot_status__traits.hpp
-- Up-to-date: /home/kyw/vscode/slam_study/ros2_ws/install/robot_monitoring/include/robot_monitoring/robot_monitoring/msg/detail/robot_status__struct.hpp
-- Up-to-date: /home/kyw/vscode/slam_study/ros2_ws/install/robot_monitoring/include/robot_monitoring/robot_monitoring
-- Up-to-date: /home/kyw/vscode/slam_study/ros2_ws/install/robot_monitoring/include/robot_monitoring/robot_monitoring/msg
-- Up-to-date: /home/kyw/vscode/slam_study/ros2_ws/install/robot_monitoring/include/robot_monitoring/robot_monitoring/msg/rosidl_typesupport_fastrtps_cpp__visibility_control.h
-- Up-to-date: /home/kyw/vscode/slam_study/ros2_ws/install/robot_monitoring/include/robot_monitoring/robot_monitoring/msg/detail
-- Up-to-date: /home/kyw/vscode/slam_study/ros2_ws/install/robot_monitoring/include/robot_monitoring/robot_monitoring/msg/detail/dds_fastrtps
-- Up-to-date: /home/kyw/vscode/slam_study/ros2_ws/install/robot_monitoring/include/robot_monitoring/robot_monitoring/msg/detail/robot_status__rosidl_typesupport_fastrtps_cpp.hpp
-- Up-to-date: /home/kyw/vscode/slam_study/ros2_ws/install/robot_monitoring/lib/librobot_monitoring__rosidl_typesupport_fastrtps_cpp.so
-- Up-to-date: /home/kyw/vscode/slam_study/ros2_ws/install/robot_monitoring/include/robot_monitoring/robot_monitoring
-- Up-to-date: /home/kyw/vscode/slam_study/ros2_ws/install/robot_monitoring/include/robot_monitoring/robot_monitoring/msg
-- Up-to-date: /home/kyw/vscode/slam_study/ros2_ws/install/robot_monitoring/include/robot_monitoring/robot_monitoring/msg/rosidl_typesupport_introspection_c__visibility_control.h
-- Up-to-date: /home/kyw/vscode/slam_study/ros2_ws/install/robot_monitoring/include/robot_monitoring/robot_monitoring/msg/detail
-- Up-to-date: /home/kyw/vscode/slam_study/ros2_ws/install/robot_monitoring/include/robot_monitoring/robot_monitoring/msg/detail/robot_status__type_support.c
-- Up-to-date: /home/kyw/vscode/slam_study/ros2_ws/install/robot_monitoring/include/robot_monitoring/robot_monitoring/msg/detail/robot_status__rosidl_typesupport_introspection_c.h
-- Up-to-date: /home/kyw/vscode/slam_study/ros2_ws/install/robot_monitoring/lib/librobot_monitoring__rosidl_typesupport_introspection_c.so
-- Up-to-date: /home/kyw/vscode/slam_study/ros2_ws/install/robot_monitoring/lib/librobot_monitoring__rosidl_typesupport_c.so
-- Up-to-date: /home/kyw/vscode/slam_study/ros2_ws/install/robot_monitoring/include/robot_monitoring/robot_monitoring
-- Up-to-date: /home/kyw/vscode/slam_study/ros2_ws/install/robot_monitoring/include/robot_monitoring/robot_monitoring/msg
-- Up-to-date: /home/kyw/vscode/slam_study/ros2_ws/install/robot_monitoring/include/robot_monitoring/robot_monitoring/msg/detail
-- Up-to-date: /home/kyw/vscode/slam_study/ros2_ws/install/robot_monitoring/include/robot_monitoring/robot_monitoring/msg/detail/robot_status__rosidl_typesupport_introspection_cpp.hpp
-- Up-to-date: /home/kyw/vscode/slam_study/ros2_ws/install/robot_monitoring/include/robot_monitoring/robot_monitoring/msg/detail/robot_status__type_support.cpp
-- Up-to-date: /home/kyw/vscode/slam_study/ros2_ws/install/robot_monitoring/lib/librobot_monitoring__rosidl_typesupport_introspection_cpp.so
-- Up-to-date: /home/kyw/vscode/slam_study/ros2_ws/install/robot_monitoring/lib/librobot_monitoring__rosidl_typesupport_cpp.so
-- Up-to-date: /home/kyw/vscode/slam_study/ros2_ws/install/robot_monitoring/share/robot_monitoring/environment/pythonpath.sh
-- Up-to-date: /home/kyw/vscode/slam_study/ros2_ws/install/robot_monitoring/share/robot_monitoring/environment/pythonpath.dsv
-- Up-to-date: /home/kyw/vscode/slam_study/ros2_ws/install/robot_monitoring/lib/python3.12/site-packages/robot_monitoring-0.0.0-py3.12.egg-info
-- Installing: /home/kyw/vscode/slam_study/ros2_ws/install/robot_monitoring/lib/python3.12/site-packages/robot_monitoring-0.0.0-py3.12.egg-info/SOURCES.txt
-- Installing: /home/kyw/vscode/slam_study/ros2_ws/install/robot_monitoring/lib/python3.12/site-packages/robot_monitoring-0.0.0-py3.12.egg-info/dependency_links.txt
-- Installing: /home/kyw/vscode/slam_study/ros2_ws/install/robot_monitoring/lib/python3.12/site-packages/robot_monitoring-0.0.0-py3.12.egg-info/PKG-INFO
-- Installing: /home/kyw/vscode/slam_study/ros2_ws/install/robot_monitoring/lib/python3.12/site-packages/robot_monitoring-0.0.0-py3.12.egg-info/top_level.txt
-- Up-to-date: /home/kyw/vscode/slam_study/ros2_ws/install/robot_monitoring/lib/python3.12/site-packages/robot_monitoring
-- Up-to-date: /home/kyw/vscode/slam_study/ros2_ws/install/robot_monitoring/lib/python3.12/site-packages/robot_monitoring/_robot_monitoring_s.ep.rosidl_typesupport_fastrtps_c.c
-- Up-to-date: /home/kyw/vscode/slam_study/ros2_ws/install/robot_monitoring/lib/python3.12/site-packages/robot_monitoring/_robot_monitoring_s.ep.rosidl_typesupport_c.c
-- Up-to-date: /home/kyw/vscode/slam_study/ros2_ws/install/robot_monitoring/lib/python3.12/site-packages/robot_monitoring/robot_monitoring_s__rosidl_typesupport_introspection_c.so
-- Up-to-date: /home/kyw/vscode/slam_study/ros2_ws/install/robot_monitoring/lib/python3.12/site-packages/robot_monitoring/robot_monitoring_s__rosidl_typesupport_fastrtps_c.so
-- Up-to-date: /home/kyw/vscode/slam_study/ros2_ws/install/robot_monitoring/lib/python3.12/site-packages/robot_monitoring/msg
-- Up-to-date: /home/kyw/vscode/slam_study/ros2_ws/install/robot_monitoring/lib/python3.12/site-packages/robot_monitoring/msg/_robot_status_s.c
-- Up-to-date: /home/kyw/vscode/slam_study/ros2_ws/install/robot_monitoring/lib/python3.12/site-packages/robot_monitoring/msg/_robot_status.py
-- Up-to-date: /home/kyw/vscode/slam_study/ros2_ws/install/robot_monitoring/lib/python3.12/site-packages/robot_monitoring/msg/__init__.py
-- Up-to-date: /home/kyw/vscode/slam_study/ros2_ws/install/robot_monitoring/lib/python3.12/site-packages/robot_monitoring/__init__.py
-- Up-to-date: /home/kyw/vscode/slam_study/ros2_ws/install/robot_monitoring/lib/python3.12/site-packages/robot_monitoring/_robot_monitoring_s.ep.rosidl_typesupport_introspection_c.c
-- Up-to-date: /home/kyw/vscode/slam_study/ros2_ws/install/robot_monitoring/lib/python3.12/site-packages/robot_monitoring/robot_monitoring_s__rosidl_typesupport_c.so
Listing '/home/kyw/vscode/slam_study/ros2_ws/install/robot_monitoring/lib/python3.12/site-packages/robot_monitoring'...
Listing '/home/kyw/vscode/slam_study/ros2_ws/install/robot_monitoring/lib/python3.12/site-packages/robot_monitoring/msg'...
-- Up-to-date: /home/kyw/vscode/slam_study/ros2_ws/install/robot_monitoring/lib/python3.12/site-packages/robot_monitoring/robot_monitoring_s__rosidl_typesupport_fastrtps_c.so
-- Up-to-date: /home/kyw/vscode/slam_study/ros2_ws/install/robot_monitoring/lib/python3.12/site-packages/robot_monitoring/robot_monitoring_s__rosidl_typesupport_introspection_c.so
-- Up-to-date: /home/kyw/vscode/slam_study/ros2_ws/install/robot_monitoring/lib/python3.12/site-packages/robot_monitoring/robot_monitoring_s__rosidl_typesupport_c.so
-- Up-to-date: /home/kyw/vscode/slam_study/ros2_ws/install/robot_monitoring/lib/librobot_monitoring__rosidl_generator_py.so
-- Up-to-date: /home/kyw/vscode/slam_study/ros2_ws/install/robot_monitoring/share/robot_monitoring/msg/RobotStatus.idl
-- Up-to-date: /home/kyw/vscode/slam_study/ros2_ws/install/robot_monitoring/share/robot_monitoring/msg/RobotStatus.msg
-- Up-to-date: /home/kyw/vscode/slam_study/ros2_ws/install/robot_monitoring/lib/robot_monitoring/robot_monitor_node
-- Up-to-date: /home/kyw/vscode/slam_study/ros2_ws/install/robot_monitoring/share/robot_monitoring/launch
-- Up-to-date: /home/kyw/vscode/slam_study/ros2_ws/install/robot_monitoring/share/robot_monitoring/launch/robot_description.launch.py
-- Up-to-date: /home/kyw/vscode/slam_study/ros2_ws/install/robot_monitoring/share/ament_index/resource_index/package_run_dependencies/robot_monitoring
-- Up-to-date: /home/kyw/vscode/slam_study/ros2_ws/install/robot_monitoring/share/ament_index/resource_index/parent_prefix_path/robot_monitoring
-- Up-to-date: /home/kyw/vscode/slam_study/ros2_ws/install/robot_monitoring/share/robot_monitoring/environment/ament_prefix_path.sh
-- Up-to-date: /home/kyw/vscode/slam_study/ros2_ws/install/robot_monitoring/share/robot_monitoring/environment/ament_prefix_path.dsv
-- Up-to-date: /home/kyw/vscode/slam_study/ros2_ws/install/robot_monitoring/share/robot_monitoring/environment/path.sh
-- Up-to-date: /home/kyw/vscode/slam_study/ros2_ws/install/robot_monitoring/share/robot_monitoring/environment/path.dsv
-- Up-to-date: /home/kyw/vscode/slam_study/ros2_ws/install/robot_monitoring/share/robot_monitoring/local_setup.bash
-- Up-to-date: /home/kyw/vscode/slam_study/ros2_ws/install/robot_monitoring/share/robot_monitoring/local_setup.sh
-- Up-to-date: /home/kyw/vscode/slam_study/ros2_ws/install/robot_monitoring/share/robot_monitoring/local_setup.zsh
-- Up-to-date: /home/kyw/vscode/slam_study/ros2_ws/install/robot_monitoring/share/robot_monitoring/local_setup.dsv
-- Installing: /home/kyw/vscode/slam_study/ros2_ws/install/robot_monitoring/share/robot_monitoring/package.dsv
-- Up-to-date: /home/kyw/vscode/slam_study/ros2_ws/install/robot_monitoring/share/ament_index/resource_index/packages/robot_monitoring
-- Up-to-date: /home/kyw/vscode/slam_study/ros2_ws/install/robot_monitoring/share/robot_monitoring/cmake/export_robot_monitoring__rosidl_generator_cExport.cmake
-- Up-to-date: /home/kyw/vscode/slam_study/ros2_ws/install/robot_monitoring/share/robot_monitoring/cmake/export_robot_monitoring__rosidl_generator_cExport-noconfig.cmake
-- Up-to-date: /home/kyw/vscode/slam_study/ros2_ws/install/robot_monitoring/share/robot_monitoring/cmake/export_robot_monitoring__rosidl_typesupport_fastrtps_cExport.cmake
-- Up-to-date: /home/kyw/vscode/slam_study/ros2_ws/install/robot_monitoring/share/robot_monitoring/cmake/export_robot_monitoring__rosidl_typesupport_fastrtps_cExport-noconfig.cmake
-- Up-to-date: /home/kyw/vscode/slam_study/ros2_ws/install/robot_monitoring/share/robot_monitoring/cmake/export_robot_monitoring__rosidl_generator_cppExport.cmake
-- Up-to-date: /home/kyw/vscode/slam_study/ros2_ws/install/robot_monitoring/share/robot_monitoring/cmake/export_robot_monitoring__rosidl_typesupport_fastrtps_cppExport.cmake
-- Up-to-date: /home/kyw/vscode/slam_study/ros2_ws/install/robot_monitoring/share/robot_monitoring/cmake/export_robot_monitoring__rosidl_typesupport_fastrtps_cppExport-noconfig.cmake
-- Up-to-date: /home/kyw/vscode/slam_study/ros2_ws/install/robot_monitoring/share/robot_monitoring/cmake/robot_monitoring__rosidl_typesupport_introspection_cExport.cmake
-- Up-to-date: /home/kyw/vscode/slam_study/ros2_ws/install/robot_monitoring/share/robot_monitoring/cmake/robot_monitoring__rosidl_typesupport_introspection_cExport-noconfig.cmake
-- Up-to-date: /home/kyw/vscode/slam_study/ros2_ws/install/robot_monitoring/share/robot_monitoring/cmake/robot_monitoring__rosidl_typesupport_cExport.cmake
-- Up-to-date: /home/kyw/vscode/slam_study/ros2_ws/install/robot_monitoring/share/robot_monitoring/cmake/robot_monitoring__rosidl_typesupport_cExport-noconfig.cmake
-- Up-to-date: /home/kyw/vscode/slam_study/ros2_ws/install/robot_monitoring/share/robot_monitoring/cmake/robot_monitoring__rosidl_typesupport_introspection_cppExport.cmake
-- Up-to-date: /home/kyw/vscode/slam_study/ros2_ws/install/robot_monitoring/share/robot_monitoring/cmake/robot_monitoring__rosidl_typesupport_introspection_cppExport-noconfig.cmake
-- Up-to-date: /home/kyw/vscode/slam_study/ros2_ws/install/robot_monitoring/share/robot_monitoring/cmake/robot_monitoring__rosidl_typesupport_cppExport.cmake
-- Up-to-date: /home/kyw/vscode/slam_study/ros2_ws/install/robot_monitoring/share/robot_monitoring/cmake/robot_monitoring__rosidl_typesupport_cppExport-noconfig.cmake
-- Up-to-date: /home/kyw/vscode/slam_study/ros2_ws/install/robot_monitoring/share/robot_monitoring/cmake/export_robot_monitoring__rosidl_generator_pyExport.cmake
-- Up-to-date: /home/kyw/vscode/slam_study/ros2_ws/install/robot_monitoring/share/robot_monitoring/cmake/export_robot_monitoring__rosidl_generator_pyExport-noconfig.cmake
-- Up-to-date: /home/kyw/vscode/slam_study/ros2_ws/install/robot_monitoring/share/robot_monitoring/cmake/rosidl_cmake-extras.cmake
-- Up-to-date: /home/kyw/vscode/slam_study/ros2_ws/install/robot_monitoring/share/robot_monitoring/cmake/ament_cmake_export_include_directories-extras.cmake
-- Up-to-date: /home/kyw/vscode/slam_study/ros2_ws/install/robot_monitoring/share/robot_monitoring/cmake/ament_cmake_export_libraries-extras.cmake
-- Up-to-date: /home/kyw/vscode/slam_study/ros2_ws/install/robot_monitoring/share/robot_monitoring/cmake/ament_cmake_export_targets-extras.cmake
-- Up-to-date: /home/kyw/vscode/slam_study/ros2_ws/install/robot_monitoring/share/robot_monitoring/cmake/rosidl_cmake_export_typesupport_targets-extras.cmake
-- Up-to-date: /home/kyw/vscode/slam_study/ros2_ws/install/robot_monitoring/share/robot_monitoring/cmake/ament_cmake_export_dependencies-extras.cmake
-- Up-to-date: /home/kyw/vscode/slam_study/ros2_ws/install/robot_monitoring/share/robot_monitoring/cmake/rosidl_cmake_export_typesupport_libraries-extras.cmake
-- Up-to-date: /home/kyw/vscode/slam_study/ros2_ws/install/robot_monitoring/share/robot_monitoring/cmake/robot_monitoringConfig.cmake
-- Up-to-date: /home/kyw/vscode/slam_study/ros2_ws/install/robot_monitoring/share/robot_monitoring/cmake/robot_monitoringConfig-version.cmake
-- Up-to-date: /home/kyw/vscode/slam_study/ros2_ws/install/robot_monitoring/share/robot_monitoring/package.xml
