[0.009s] Invoking command in '/home/kyw/vscode/slam_study/ros2_ws/build/robot_monitoring': CMAKE_PREFIX_PATH=${CMAKE_PREFIX_PATH}:/opt/ros/jazzy DEBUGINFOD_URLS=https://debuginfod.ubuntu.com /usr/bin/cmake --build /home/kyw/vscode/slam_study/ros2_ws/build/robot_monitoring -- -j4 -l4
[0.049s] [  2%] Built target robot_monitoring__rosidl_generator_type_description
[0.054s] [  2%] Built target ament_cmake_python_copy_robot_monitoring
[0.063s] [  5%] Built target robot_monitoring__cpp
[0.063s] [ 19%] Built target robot_monitoring__rosidl_generator_c
[0.081s] [ 27%] Built target robot_monitoring__rosidl_typesupport_fastrtps_c
[0.086s] [ 36%] Built target robot_monitoring__rosidl_typesupport_cpp
[0.097s] [ 44%] Built target robot_monitoring__rosidl_typesupport_fastrtps_cpp
[0.108s] [ 52%] Built target robot_monitoring__rosidl_typesupport_introspection_c
[0.108s] [ 61%] Built target robot_monitoring__rosidl_typesupport_c
[0.120s] [ 69%] Built target robot_monitoring__rosidl_typesupport_introspection_cpp
[0.136s] [ 69%] Built target robot_monitoring
[0.147s] [ 72%] Built target robot_monitoring__py
[0.152s] [ 77%] Built target robot_monitor_node
[0.160s] [ 83%] Built target robot_monitoring__rosidl_generator_py
[0.176s] [ 88%] Built target robot_monitoring_s__rosidl_typesupport_introspection_c
[0.179s] [ 94%] Built target robot_monitoring_s__rosidl_typesupport_fastrtps_c
[0.180s] [100%] Built target robot_monitoring_s__rosidl_typesupport_c
[0.201s] running egg_info
[0.212s] writing robot_monitoring.egg-info/PKG-INFO
[0.212s] writing dependency_links to robot_monitoring.egg-info/dependency_links.txt
[0.212s] writing top-level names to robot_monitoring.egg-info/top_level.txt
[0.241s] reading manifest file 'robot_monitoring.egg-info/SOURCES.txt'
[0.241s] writing manifest file 'robot_monitoring.egg-info/SOURCES.txt'
[0.259s] [100%] Built target ament_cmake_python_build_robot_monitoring_egg
[0.266s] Invoked command in '/home/kyw/vscode/slam_study/ros2_ws/build/robot_monitoring' returned '0': CMAKE_PREFIX_PATH=${CMAKE_PREFIX_PATH}:/opt/ros/jazzy DEBUGINFOD_URLS=https://debuginfod.ubuntu.com /usr/bin/cmake --build /home/kyw/vscode/slam_study/ros2_ws/build/robot_monitoring -- -j4 -l4
[0.267s] Invoking command in '/home/kyw/vscode/slam_study/ros2_ws/build/robot_monitoring': CMAKE_PREFIX_PATH=${CMAKE_PREFIX_PATH}:/opt/ros/jazzy DEBUGINFOD_URLS=https://debuginfod.ubuntu.com /usr/bin/cmake --install /home/kyw/vscode/slam_study/ros2_ws/build/robot_monitoring
[0.272s] -- Install configuration: ""
[0.272s] -- Up-to-date: /home/kyw/vscode/slam_study/ros2_ws/install/robot_monitoring/share/ament_index/resource_index/rosidl_interfaces/robot_monitoring
[0.273s] -- Up-to-date: /home/kyw/vscode/slam_study/ros2_ws/install/robot_monitoring/share/robot_monitoring/msg/RobotStatus.json
[0.273s] -- Up-to-date: /home/kyw/vscode/slam_study/ros2_ws/install/robot_monitoring/include/robot_monitoring/robot_monitoring
[0.273s] -- Up-to-date: /home/kyw/vscode/slam_study/ros2_ws/install/robot_monitoring/include/robot_monitoring/robot_monitoring/msg
[0.273s] -- Up-to-date: /home/kyw/vscode/slam_study/ros2_ws/install/robot_monitoring/include/robot_monitoring/robot_monitoring/msg/robot_status.h
[0.273s] -- Up-to-date: /home/kyw/vscode/slam_study/ros2_ws/install/robot_monitoring/include/robot_monitoring/robot_monitoring/msg/rosidl_generator_c__visibility_control.h
[0.273s] -- Up-to-date: /home/kyw/vscode/slam_study/ros2_ws/install/robot_monitoring/include/robot_monitoring/robot_monitoring/msg/detail
[0.273s] -- Up-to-date: /home/kyw/vscode/slam_study/ros2_ws/install/robot_monitoring/include/robot_monitoring/robot_monitoring/msg/detail/robot_status__type_support.h
[0.273s] -- Up-to-date: /home/kyw/vscode/slam_study/ros2_ws/install/robot_monitoring/include/robot_monitoring/robot_monitoring/msg/detail/robot_status__type_support.c
[0.273s] -- Up-to-date: /home/kyw/vscode/slam_study/ros2_ws/install/robot_monitoring/include/robot_monitoring/robot_monitoring/msg/detail/robot_status__description.c
[0.273s] -- Up-to-date: /home/kyw/vscode/slam_study/ros2_ws/install/robot_monitoring/include/robot_monitoring/robot_monitoring/msg/detail/robot_status__functions.c
[0.273s] -- Up-to-date: /home/kyw/vscode/slam_study/ros2_ws/install/robot_monitoring/include/robot_monitoring/robot_monitoring/msg/detail/robot_status__struct.h
[0.273s] -- Up-to-date: /home/kyw/vscode/slam_study/ros2_ws/install/robot_monitoring/include/robot_monitoring/robot_monitoring/msg/detail/robot_status__functions.h
[0.273s] -- Up-to-date: /home/kyw/vscode/slam_study/ros2_ws/install/robot_monitoring/share/robot_monitoring/environment/library_path.sh
[0.273s] -- Up-to-date: /home/kyw/vscode/slam_study/ros2_ws/install/robot_monitoring/share/robot_monitoring/environment/library_path.dsv
[0.273s] -- Up-to-date: /home/kyw/vscode/slam_study/ros2_ws/install/robot_monitoring/lib/librobot_monitoring__rosidl_generator_c.so
[0.274s] -- Up-to-date: /home/kyw/vscode/slam_study/ros2_ws/install/robot_monitoring/include/robot_monitoring/robot_monitoring
[0.274s] -- Up-to-date: /home/kyw/vscode/slam_study/ros2_ws/install/robot_monitoring/include/robot_monitoring/robot_monitoring/msg
[0.274s] -- Up-to-date: /home/kyw/vscode/slam_study/ros2_ws/install/robot_monitoring/include/robot_monitoring/robot_monitoring/msg/detail
[0.274s] -- Up-to-date: /home/kyw/vscode/slam_study/ros2_ws/install/robot_monitoring/include/robot_monitoring/robot_monitoring/msg/detail/robot_status__rosidl_typesupport_fastrtps_c.h
[0.274s] -- Up-to-date: /home/kyw/vscode/slam_study/ros2_ws/install/robot_monitoring/include/robot_monitoring/robot_monitoring/msg/rosidl_typesupport_fastrtps_c__visibility_control.h
[0.274s] -- Up-to-date: /home/kyw/vscode/slam_study/ros2_ws/install/robot_monitoring/lib/librobot_monitoring__rosidl_typesupport_fastrtps_c.so
[0.274s] -- Up-to-date: /home/kyw/vscode/slam_study/ros2_ws/install/robot_monitoring/include/robot_monitoring/robot_monitoring
[0.274s] -- Up-to-date: /home/kyw/vscode/slam_study/ros2_ws/install/robot_monitoring/include/robot_monitoring/robot_monitoring/msg
[0.274s] -- Up-to-date: /home/kyw/vscode/slam_study/ros2_ws/install/robot_monitoring/include/robot_monitoring/robot_monitoring/msg/robot_status.hpp
[0.274s] -- Up-to-date: /home/kyw/vscode/slam_study/ros2_ws/install/robot_monitoring/include/robot_monitoring/robot_monitoring/msg/rosidl_generator_cpp__visibility_control.hpp
[0.274s] -- Up-to-date: /home/kyw/vscode/slam_study/ros2_ws/install/robot_monitoring/include/robot_monitoring/robot_monitoring/msg/detail
[0.274s] -- Up-to-date: /home/kyw/vscode/slam_study/ros2_ws/install/robot_monitoring/include/robot_monitoring/robot_monitoring/msg/detail/robot_status__type_support.hpp
[0.274s] -- Up-to-date: /home/kyw/vscode/slam_study/ros2_ws/install/robot_monitoring/include/robot_monitoring/robot_monitoring/msg/detail/robot_status__builder.hpp
[0.274s] -- Up-to-date: /home/kyw/vscode/slam_study/ros2_ws/install/robot_monitoring/include/robot_monitoring/robot_monitoring/msg/detail/robot_status__traits.hpp
[0.275s] -- Up-to-date: /home/kyw/vscode/slam_study/ros2_ws/install/robot_monitoring/include/robot_monitoring/robot_monitoring/msg/detail/robot_status__struct.hpp
[0.275s] -- Up-to-date: /home/kyw/vscode/slam_study/ros2_ws/install/robot_monitoring/include/robot_monitoring/robot_monitoring
[0.275s] -- Up-to-date: /home/kyw/vscode/slam_study/ros2_ws/install/robot_monitoring/include/robot_monitoring/robot_monitoring/msg
[0.275s] -- Up-to-date: /home/kyw/vscode/slam_study/ros2_ws/install/robot_monitoring/include/robot_monitoring/robot_monitoring/msg/rosidl_typesupport_fastrtps_cpp__visibility_control.h
[0.275s] -- Up-to-date: /home/kyw/vscode/slam_study/ros2_ws/install/robot_monitoring/include/robot_monitoring/robot_monitoring/msg/detail
[0.275s] -- Up-to-date: /home/kyw/vscode/slam_study/ros2_ws/install/robot_monitoring/include/robot_monitoring/robot_monitoring/msg/detail/dds_fastrtps
[0.275s] -- Up-to-date: /home/kyw/vscode/slam_study/ros2_ws/install/robot_monitoring/include/robot_monitoring/robot_monitoring/msg/detail/robot_status__rosidl_typesupport_fastrtps_cpp.hpp
[0.275s] -- Up-to-date: /home/kyw/vscode/slam_study/ros2_ws/install/robot_monitoring/lib/librobot_monitoring__rosidl_typesupport_fastrtps_cpp.so
[0.275s] -- Up-to-date: /home/kyw/vscode/slam_study/ros2_ws/install/robot_monitoring/include/robot_monitoring/robot_monitoring
[0.275s] -- Up-to-date: /home/kyw/vscode/slam_study/ros2_ws/install/robot_monitoring/include/robot_monitoring/robot_monitoring/msg
[0.275s] -- Up-to-date: /home/kyw/vscode/slam_study/ros2_ws/install/robot_monitoring/include/robot_monitoring/robot_monitoring/msg/rosidl_typesupport_introspection_c__visibility_control.h
[0.275s] -- Up-to-date: /home/kyw/vscode/slam_study/ros2_ws/install/robot_monitoring/include/robot_monitoring/robot_monitoring/msg/detail
[0.275s] -- Up-to-date: /home/kyw/vscode/slam_study/ros2_ws/install/robot_monitoring/include/robot_monitoring/robot_monitoring/msg/detail/robot_status__type_support.c
[0.275s] -- Up-to-date: /home/kyw/vscode/slam_study/ros2_ws/install/robot_monitoring/include/robot_monitoring/robot_monitoring/msg/detail/robot_status__rosidl_typesupport_introspection_c.h
[0.275s] -- Up-to-date: /home/kyw/vscode/slam_study/ros2_ws/install/robot_monitoring/lib/librobot_monitoring__rosidl_typesupport_introspection_c.so
[0.275s] -- Up-to-date: /home/kyw/vscode/slam_study/ros2_ws/install/robot_monitoring/lib/librobot_monitoring__rosidl_typesupport_c.so
[0.275s] -- Up-to-date: /home/kyw/vscode/slam_study/ros2_ws/install/robot_monitoring/include/robot_monitoring/robot_monitoring
[0.275s] -- Up-to-date: /home/kyw/vscode/slam_study/ros2_ws/install/robot_monitoring/include/robot_monitoring/robot_monitoring/msg
[0.275s] -- Up-to-date: /home/kyw/vscode/slam_study/ros2_ws/install/robot_monitoring/include/robot_monitoring/robot_monitoring/msg/detail
[0.275s] -- Up-to-date: /home/kyw/vscode/slam_study/ros2_ws/install/robot_monitoring/include/robot_monitoring/robot_monitoring/msg/detail/robot_status__rosidl_typesupport_introspection_cpp.hpp
[0.275s] -- Up-to-date: /home/kyw/vscode/slam_study/ros2_ws/install/robot_monitoring/include/robot_monitoring/robot_monitoring/msg/detail/robot_status__type_support.cpp
[0.276s] -- Up-to-date: /home/kyw/vscode/slam_study/ros2_ws/install/robot_monitoring/lib/librobot_monitoring__rosidl_typesupport_introspection_cpp.so
[0.276s] -- Up-to-date: /home/kyw/vscode/slam_study/ros2_ws/install/robot_monitoring/lib/librobot_monitoring__rosidl_typesupport_cpp.so
[0.276s] -- Up-to-date: /home/kyw/vscode/slam_study/ros2_ws/install/robot_monitoring/share/robot_monitoring/environment/pythonpath.sh
[0.276s] -- Up-to-date: /home/kyw/vscode/slam_study/ros2_ws/install/robot_monitoring/share/robot_monitoring/environment/pythonpath.dsv
[0.276s] -- Up-to-date: /home/kyw/vscode/slam_study/ros2_ws/install/robot_monitoring/lib/python3.12/site-packages/robot_monitoring-0.0.0-py3.12.egg-info
[0.276s] -- Installing: /home/kyw/vscode/slam_study/ros2_ws/install/robot_monitoring/lib/python3.12/site-packages/robot_monitoring-0.0.0-py3.12.egg-info/SOURCES.txt
[0.276s] -- Installing: /home/kyw/vscode/slam_study/ros2_ws/install/robot_monitoring/lib/python3.12/site-packages/robot_monitoring-0.0.0-py3.12.egg-info/dependency_links.txt
[0.276s] -- Installing: /home/kyw/vscode/slam_study/ros2_ws/install/robot_monitoring/lib/python3.12/site-packages/robot_monitoring-0.0.0-py3.12.egg-info/PKG-INFO
[0.276s] -- Installing: /home/kyw/vscode/slam_study/ros2_ws/install/robot_monitoring/lib/python3.12/site-packages/robot_monitoring-0.0.0-py3.12.egg-info/top_level.txt
[0.276s] -- Up-to-date: /home/kyw/vscode/slam_study/ros2_ws/install/robot_monitoring/lib/python3.12/site-packages/robot_monitoring
[0.276s] -- Up-to-date: /home/kyw/vscode/slam_study/ros2_ws/install/robot_monitoring/lib/python3.12/site-packages/robot_monitoring/_robot_monitoring_s.ep.rosidl_typesupport_fastrtps_c.c
[0.276s] -- Up-to-date: /home/kyw/vscode/slam_study/ros2_ws/install/robot_monitoring/lib/python3.12/site-packages/robot_monitoring/_robot_monitoring_s.ep.rosidl_typesupport_c.c
[0.276s] -- Up-to-date: /home/kyw/vscode/slam_study/ros2_ws/install/robot_monitoring/lib/python3.12/site-packages/robot_monitoring/robot_monitoring_s__rosidl_typesupport_introspection_c.so
[0.276s] -- Up-to-date: /home/kyw/vscode/slam_study/ros2_ws/install/robot_monitoring/lib/python3.12/site-packages/robot_monitoring/robot_monitoring_s__rosidl_typesupport_fastrtps_c.so
[0.276s] -- Up-to-date: /home/kyw/vscode/slam_study/ros2_ws/install/robot_monitoring/lib/python3.12/site-packages/robot_monitoring/msg
[0.276s] -- Up-to-date: /home/kyw/vscode/slam_study/ros2_ws/install/robot_monitoring/lib/python3.12/site-packages/robot_monitoring/msg/_robot_status_s.c
[0.276s] -- Up-to-date: /home/kyw/vscode/slam_study/ros2_ws/install/robot_monitoring/lib/python3.12/site-packages/robot_monitoring/msg/_robot_status.py
[0.276s] -- Up-to-date: /home/kyw/vscode/slam_study/ros2_ws/install/robot_monitoring/lib/python3.12/site-packages/robot_monitoring/msg/__init__.py
[0.276s] -- Up-to-date: /home/kyw/vscode/slam_study/ros2_ws/install/robot_monitoring/lib/python3.12/site-packages/robot_monitoring/__init__.py
[0.276s] -- Up-to-date: /home/kyw/vscode/slam_study/ros2_ws/install/robot_monitoring/lib/python3.12/site-packages/robot_monitoring/_robot_monitoring_s.ep.rosidl_typesupport_introspection_c.c
[0.276s] -- Up-to-date: /home/kyw/vscode/slam_study/ros2_ws/install/robot_monitoring/lib/python3.12/site-packages/robot_monitoring/robot_monitoring_s__rosidl_typesupport_c.so
[0.298s] Listing '/home/kyw/vscode/slam_study/ros2_ws/install/robot_monitoring/lib/python3.12/site-packages/robot_monitoring'...
[0.298s] Listing '/home/kyw/vscode/slam_study/ros2_ws/install/robot_monitoring/lib/python3.12/site-packages/robot_monitoring/msg'...
[0.305s] -- Up-to-date: /home/kyw/vscode/slam_study/ros2_ws/install/robot_monitoring/lib/python3.12/site-packages/robot_monitoring/robot_monitoring_s__rosidl_typesupport_fastrtps_c.so
[0.305s] -- Up-to-date: /home/kyw/vscode/slam_study/ros2_ws/install/robot_monitoring/lib/python3.12/site-packages/robot_monitoring/robot_monitoring_s__rosidl_typesupport_introspection_c.so
[0.305s] -- Up-to-date: /home/kyw/vscode/slam_study/ros2_ws/install/robot_monitoring/lib/python3.12/site-packages/robot_monitoring/robot_monitoring_s__rosidl_typesupport_c.so
[0.305s] -- Up-to-date: /home/kyw/vscode/slam_study/ros2_ws/install/robot_monitoring/lib/librobot_monitoring__rosidl_generator_py.so
[0.305s] -- Up-to-date: /home/kyw/vscode/slam_study/ros2_ws/install/robot_monitoring/share/robot_monitoring/msg/RobotStatus.idl
[0.305s] -- Up-to-date: /home/kyw/vscode/slam_study/ros2_ws/install/robot_monitoring/share/robot_monitoring/msg/RobotStatus.msg
[0.305s] -- Up-to-date: /home/kyw/vscode/slam_study/ros2_ws/install/robot_monitoring/lib/robot_monitoring/robot_monitor_node
[0.305s] -- Up-to-date: /home/kyw/vscode/slam_study/ros2_ws/install/robot_monitoring/share/robot_monitoring/launch
[0.305s] -- Up-to-date: /home/kyw/vscode/slam_study/ros2_ws/install/robot_monitoring/share/robot_monitoring/launch/robot_description.launch.py
[0.305s] -- Up-to-date: /home/kyw/vscode/slam_study/ros2_ws/install/robot_monitoring/share/ament_index/resource_index/package_run_dependencies/robot_monitoring
[0.305s] -- Up-to-date: /home/kyw/vscode/slam_study/ros2_ws/install/robot_monitoring/share/ament_index/resource_index/parent_prefix_path/robot_monitoring
[0.305s] -- Up-to-date: /home/kyw/vscode/slam_study/ros2_ws/install/robot_monitoring/share/robot_monitoring/environment/ament_prefix_path.sh
[0.305s] -- Up-to-date: /home/kyw/vscode/slam_study/ros2_ws/install/robot_monitoring/share/robot_monitoring/environment/ament_prefix_path.dsv
[0.305s] -- Up-to-date: /home/kyw/vscode/slam_study/ros2_ws/install/robot_monitoring/share/robot_monitoring/environment/path.sh
[0.305s] -- Up-to-date: /home/kyw/vscode/slam_study/ros2_ws/install/robot_monitoring/share/robot_monitoring/environment/path.dsv
[0.305s] -- Up-to-date: /home/kyw/vscode/slam_study/ros2_ws/install/robot_monitoring/share/robot_monitoring/local_setup.bash
[0.305s] -- Up-to-date: /home/kyw/vscode/slam_study/ros2_ws/install/robot_monitoring/share/robot_monitoring/local_setup.sh
[0.305s] -- Up-to-date: /home/kyw/vscode/slam_study/ros2_ws/install/robot_monitoring/share/robot_monitoring/local_setup.zsh
[0.305s] -- Up-to-date: /home/kyw/vscode/slam_study/ros2_ws/install/robot_monitoring/share/robot_monitoring/local_setup.dsv
[0.305s] -- Installing: /home/kyw/vscode/slam_study/ros2_ws/install/robot_monitoring/share/robot_monitoring/package.dsv
[0.305s] -- Up-to-date: /home/kyw/vscode/slam_study/ros2_ws/install/robot_monitoring/share/ament_index/resource_index/packages/robot_monitoring
[0.305s] -- Up-to-date: /home/kyw/vscode/slam_study/ros2_ws/install/robot_monitoring/share/robot_monitoring/cmake/export_robot_monitoring__rosidl_generator_cExport.cmake
[0.305s] -- Up-to-date: /home/kyw/vscode/slam_study/ros2_ws/install/robot_monitoring/share/robot_monitoring/cmake/export_robot_monitoring__rosidl_generator_cExport-noconfig.cmake
[0.305s] -- Up-to-date: /home/kyw/vscode/slam_study/ros2_ws/install/robot_monitoring/share/robot_monitoring/cmake/export_robot_monitoring__rosidl_typesupport_fastrtps_cExport.cmake
[0.305s] -- Up-to-date: /home/kyw/vscode/slam_study/ros2_ws/install/robot_monitoring/share/robot_monitoring/cmake/export_robot_monitoring__rosidl_typesupport_fastrtps_cExport-noconfig.cmake
[0.305s] -- Up-to-date: /home/kyw/vscode/slam_study/ros2_ws/install/robot_monitoring/share/robot_monitoring/cmake/export_robot_monitoring__rosidl_generator_cppExport.cmake
[0.306s] -- Up-to-date: /home/kyw/vscode/slam_study/ros2_ws/install/robot_monitoring/share/robot_monitoring/cmake/export_robot_monitoring__rosidl_typesupport_fastrtps_cppExport.cmake
[0.306s] -- Up-to-date: /home/kyw/vscode/slam_study/ros2_ws/install/robot_monitoring/share/robot_monitoring/cmake/export_robot_monitoring__rosidl_typesupport_fastrtps_cppExport-noconfig.cmake
[0.306s] -- Up-to-date: /home/kyw/vscode/slam_study/ros2_ws/install/robot_monitoring/share/robot_monitoring/cmake/robot_monitoring__rosidl_typesupport_introspection_cExport.cmake
[0.306s] -- Up-to-date: /home/kyw/vscode/slam_study/ros2_ws/install/robot_monitoring/share/robot_monitoring/cmake/robot_monitoring__rosidl_typesupport_introspection_cExport-noconfig.cmake
[0.306s] -- Up-to-date: /home/kyw/vscode/slam_study/ros2_ws/install/robot_monitoring/share/robot_monitoring/cmake/robot_monitoring__rosidl_typesupport_cExport.cmake
[0.306s] -- Up-to-date: /home/kyw/vscode/slam_study/ros2_ws/install/robot_monitoring/share/robot_monitoring/cmake/robot_monitoring__rosidl_typesupport_cExport-noconfig.cmake
[0.306s] -- Up-to-date: /home/kyw/vscode/slam_study/ros2_ws/install/robot_monitoring/share/robot_monitoring/cmake/robot_monitoring__rosidl_typesupport_introspection_cppExport.cmake
[0.306s] -- Up-to-date: /home/kyw/vscode/slam_study/ros2_ws/install/robot_monitoring/share/robot_monitoring/cmake/robot_monitoring__rosidl_typesupport_introspection_cppExport-noconfig.cmake
[0.306s] -- Up-to-date: /home/kyw/vscode/slam_study/ros2_ws/install/robot_monitoring/share/robot_monitoring/cmake/robot_monitoring__rosidl_typesupport_cppExport.cmake
[0.306s] -- Up-to-date: /home/kyw/vscode/slam_study/ros2_ws/install/robot_monitoring/share/robot_monitoring/cmake/robot_monitoring__rosidl_typesupport_cppExport-noconfig.cmake
[0.306s] -- Up-to-date: /home/kyw/vscode/slam_study/ros2_ws/install/robot_monitoring/share/robot_monitoring/cmake/export_robot_monitoring__rosidl_generator_pyExport.cmake
[0.306s] -- Up-to-date: /home/kyw/vscode/slam_study/ros2_ws/install/robot_monitoring/share/robot_monitoring/cmake/export_robot_monitoring__rosidl_generator_pyExport-noconfig.cmake
[0.306s] -- Up-to-date: /home/kyw/vscode/slam_study/ros2_ws/install/robot_monitoring/share/robot_monitoring/cmake/rosidl_cmake-extras.cmake
[0.306s] -- Up-to-date: /home/kyw/vscode/slam_study/ros2_ws/install/robot_monitoring/share/robot_monitoring/cmake/ament_cmake_export_include_directories-extras.cmake
[0.306s] -- Up-to-date: /home/kyw/vscode/slam_study/ros2_ws/install/robot_monitoring/share/robot_monitoring/cmake/ament_cmake_export_libraries-extras.cmake
[0.306s] -- Up-to-date: /home/kyw/vscode/slam_study/ros2_ws/install/robot_monitoring/share/robot_monitoring/cmake/ament_cmake_export_targets-extras.cmake
[0.306s] -- Up-to-date: /home/kyw/vscode/slam_study/ros2_ws/install/robot_monitoring/share/robot_monitoring/cmake/rosidl_cmake_export_typesupport_targets-extras.cmake
[0.306s] -- Up-to-date: /home/kyw/vscode/slam_study/ros2_ws/install/robot_monitoring/share/robot_monitoring/cmake/ament_cmake_export_dependencies-extras.cmake
[0.306s] -- Up-to-date: /home/kyw/vscode/slam_study/ros2_ws/install/robot_monitoring/share/robot_monitoring/cmake/rosidl_cmake_export_typesupport_libraries-extras.cmake
[0.306s] -- Up-to-date: /home/kyw/vscode/slam_study/ros2_ws/install/robot_monitoring/share/robot_monitoring/cmake/robot_monitoringConfig.cmake
[0.306s] -- Up-to-date: /home/kyw/vscode/slam_study/ros2_ws/install/robot_monitoring/share/robot_monitoring/cmake/robot_monitoringConfig-version.cmake
[0.306s] -- Up-to-date: /home/kyw/vscode/slam_study/ros2_ws/install/robot_monitoring/share/robot_monitoring/package.xml
[0.307s] Invoked command in '/home/kyw/vscode/slam_study/ros2_ws/build/robot_monitoring' returned '0': CMAKE_PREFIX_PATH=${CMAKE_PREFIX_PATH}:/opt/ros/jazzy DEBUGINFOD_URLS=https://debuginfod.ubuntu.com /usr/bin/cmake --install /home/kyw/vscode/slam_study/ros2_ws/build/robot_monitoring
