[0.098s] DEBUG:colcon:Command line arguments: ['/usr/bin/colcon', 'build']
[0.098s] DEBUG:colcon:Parsed command line arguments: Namespace(log_base=None, log_level=None, verb_name='build', build_base='build', install_base='install', merge_install=False, symlink_install=False, test_result_base=None, continue_on_error=False, executor='parallel', parallel_workers=4, event_handlers=None, ignore_user_meta=False, metas=['./colcon.meta'], base_paths=['.'], packages_ignore=None, packages_ignore_regex=None, paths=None, packages_up_to=None, packages_up_to_regex=None, packages_above=None, packages_above_and_dependencies=None, packages_above_depth=None, packages_select_by_dep=None, packages_skip_by_dep=None, packages_skip_up_to=None, packages_select_build_failed=False, packages_skip_build_finished=False, packages_select_test_failures=False, packages_skip_test_passed=False, packages_select=None, packages_skip=None, packages_select_regex=None, packages_skip_regex=None, packages_start=None, packages_end=None, allow_overriding=[], cmake_args=None, cmake_target=None, cmake_target_skip_unavailable=False, cmake_clean_cache=False, cmake_clean_first=False, cmake_force_configure=False, ament_cmake_args=None, catkin_cmake_args=None, catkin_skip_building_tests=False, mixin_files=None, mixin=None, verb_parser=<colcon_mixin.mixin.mixin_argument.MixinArgumentDecorator object at 0xebf10b101d90>, verb_extension=<colcon_core.verb.build.BuildVerb object at 0xebf10b101a90>, main=<bound method BuildVerb.main of <colcon_core.verb.build.BuildVerb object at 0xebf10b101a90>>, mixin_verb=('build',))
[0.137s] Level 1:colcon.colcon_core.package_discovery:discover_packages(colcon_meta) check parameters
[0.137s] Level 1:colcon.colcon_core.package_discovery:discover_packages(recursive) check parameters
[0.137s] Level 1:colcon.colcon_core.package_discovery:discover_packages(ignore) check parameters
[0.137s] Level 1:colcon.colcon_core.package_discovery:discover_packages(path) check parameters
[0.137s] Level 1:colcon.colcon_core.package_discovery:discover_packages(colcon_meta) discover
[0.137s] Level 1:colcon.colcon_core.package_discovery:discover_packages(recursive) discover
[0.137s] INFO:colcon.colcon_core.package_discovery:Crawling recursively for packages in '/home/kyw/vscode/slam_study/ros2_ws'
[0.137s] Level 1:colcon.colcon_core.package_identification:_identify(.) by extensions ['ignore', 'ignore_ament_install']
[0.137s] Level 1:colcon.colcon_core.package_identification:_identify(.) by extension 'ignore'
[0.137s] Level 1:colcon.colcon_core.package_identification:_identify(.) by extension 'ignore_ament_install'
[0.137s] Level 1:colcon.colcon_core.package_identification:_identify(.) by extensions ['colcon_pkg']
[0.137s] Level 1:colcon.colcon_core.package_identification:_identify(.) by extension 'colcon_pkg'
[0.137s] Level 1:colcon.colcon_core.package_identification:_identify(.) by extensions ['colcon_meta']
[0.137s] Level 1:colcon.colcon_core.package_identification:_identify(.) by extension 'colcon_meta'
[0.137s] Level 1:colcon.colcon_core.package_identification:_identify(.) by extensions ['ros']
[0.137s] Level 1:colcon.colcon_core.package_identification:_identify(.) by extension 'ros'
[0.155s] Level 1:colcon.colcon_core.package_identification:_identify(.) by extensions ['cmake', 'python']
[0.155s] Level 1:colcon.colcon_core.package_identification:_identify(.) by extension 'cmake'
[0.155s] Level 1:colcon.colcon_core.package_identification:_identify(.) by extension 'python'
[0.155s] Level 1:colcon.colcon_core.package_identification:_identify(.) by extensions ['python_setup_py']
[0.155s] Level 1:colcon.colcon_core.package_identification:_identify(.) by extension 'python_setup_py'
[0.155s] Level 1:colcon.colcon_core.package_identification:_identify(build) by extensions ['ignore', 'ignore_ament_install']
[0.155s] Level 1:colcon.colcon_core.package_identification:_identify(build) by extension 'ignore'
[0.155s] Level 1:colcon.colcon_core.package_identification:_identify(build) ignored
[0.155s] Level 1:colcon.colcon_core.package_identification:_identify(install) by extensions ['ignore', 'ignore_ament_install']
[0.155s] Level 1:colcon.colcon_core.package_identification:_identify(install) by extension 'ignore'
[0.155s] Level 1:colcon.colcon_core.package_identification:_identify(install) ignored
[0.155s] Level 1:colcon.colcon_core.package_identification:_identify(log) by extensions ['ignore', 'ignore_ament_install']
[0.155s] Level 1:colcon.colcon_core.package_identification:_identify(log) by extension 'ignore'
[0.155s] Level 1:colcon.colcon_core.package_identification:_identify(log) ignored
[0.155s] Level 1:colcon.colcon_core.package_identification:_identify(src) by extensions ['ignore', 'ignore_ament_install']
[0.155s] Level 1:colcon.colcon_core.package_identification:_identify(src) by extension 'ignore'
[0.155s] Level 1:colcon.colcon_core.package_identification:_identify(src) by extension 'ignore_ament_install'
[0.155s] Level 1:colcon.colcon_core.package_identification:_identify(src) by extensions ['colcon_pkg']
[0.155s] Level 1:colcon.colcon_core.package_identification:_identify(src) by extension 'colcon_pkg'
[0.155s] Level 1:colcon.colcon_core.package_identification:_identify(src) by extensions ['colcon_meta']
[0.155s] Level 1:colcon.colcon_core.package_identification:_identify(src) by extension 'colcon_meta'
[0.155s] Level 1:colcon.colcon_core.package_identification:_identify(src) by extensions ['ros']
[0.155s] Level 1:colcon.colcon_core.package_identification:_identify(src) by extension 'ros'
[0.155s] Level 1:colcon.colcon_core.package_identification:_identify(src) by extensions ['cmake', 'python']
[0.155s] Level 1:colcon.colcon_core.package_identification:_identify(src) by extension 'cmake'
[0.155s] Level 1:colcon.colcon_core.package_identification:_identify(src) by extension 'python'
[0.155s] Level 1:colcon.colcon_core.package_identification:_identify(src) by extensions ['python_setup_py']
[0.155s] Level 1:colcon.colcon_core.package_identification:_identify(src) by extension 'python_setup_py'
[0.155s] Level 1:colcon.colcon_core.package_identification:_identify(src/cmdvel_to_serial_cpp) by extensions ['ignore', 'ignore_ament_install']
[0.155s] Level 1:colcon.colcon_core.package_identification:_identify(src/cmdvel_to_serial_cpp) by extension 'ignore'
[0.156s] Level 1:colcon.colcon_core.package_identification:_identify(src/cmdvel_to_serial_cpp) by extension 'ignore_ament_install'
[0.156s] Level 1:colcon.colcon_core.package_identification:_identify(src/cmdvel_to_serial_cpp) by extensions ['colcon_pkg']
[0.156s] Level 1:colcon.colcon_core.package_identification:_identify(src/cmdvel_to_serial_cpp) by extension 'colcon_pkg'
[0.156s] Level 1:colcon.colcon_core.package_identification:_identify(src/cmdvel_to_serial_cpp) by extensions ['colcon_meta']
[0.156s] Level 1:colcon.colcon_core.package_identification:_identify(src/cmdvel_to_serial_cpp) by extension 'colcon_meta'
[0.156s] Level 1:colcon.colcon_core.package_identification:_identify(src/cmdvel_to_serial_cpp) by extensions ['ros']
[0.156s] Level 1:colcon.colcon_core.package_identification:_identify(src/cmdvel_to_serial_cpp) by extension 'ros'
[0.158s] DEBUG:colcon.colcon_core.package_identification:Package 'src/cmdvel_to_serial_cpp' with type 'ros.ament_cmake' and name 'cmdvel_to_serial_cpp'
[0.158s] Level 1:colcon.colcon_core.package_identification:_identify(src/cow_odom_publisher) by extensions ['ignore', 'ignore_ament_install']
[0.158s] Level 1:colcon.colcon_core.package_identification:_identify(src/cow_odom_publisher) by extension 'ignore'
[0.158s] Level 1:colcon.colcon_core.package_identification:_identify(src/cow_odom_publisher) by extension 'ignore_ament_install'
[0.158s] Level 1:colcon.colcon_core.package_identification:_identify(src/cow_odom_publisher) by extensions ['colcon_pkg']
[0.158s] Level 1:colcon.colcon_core.package_identification:_identify(src/cow_odom_publisher) by extension 'colcon_pkg'
[0.158s] Level 1:colcon.colcon_core.package_identification:_identify(src/cow_odom_publisher) by extensions ['colcon_meta']
[0.158s] Level 1:colcon.colcon_core.package_identification:_identify(src/cow_odom_publisher) by extension 'colcon_meta'
[0.158s] Level 1:colcon.colcon_core.package_identification:_identify(src/cow_odom_publisher) by extensions ['ros']
[0.158s] Level 1:colcon.colcon_core.package_identification:_identify(src/cow_odom_publisher) by extension 'ros'
[0.158s] DEBUG:colcon.colcon_core.package_identification:Package 'src/cow_odom_publisher' with type 'ros.ament_cmake' and name 'cow_odom_publisher'
[0.158s] Level 1:colcon.colcon_core.package_identification:_identify(src/robot_monitoring) by extensions ['ignore', 'ignore_ament_install']
[0.158s] Level 1:colcon.colcon_core.package_identification:_identify(src/robot_monitoring) by extension 'ignore'
[0.158s] Level 1:colcon.colcon_core.package_identification:_identify(src/robot_monitoring) by extension 'ignore_ament_install'
[0.159s] Level 1:colcon.colcon_core.package_identification:_identify(src/robot_monitoring) by extensions ['colcon_pkg']
[0.159s] Level 1:colcon.colcon_core.package_identification:_identify(src/robot_monitoring) by extension 'colcon_pkg'
[0.159s] Level 1:colcon.colcon_core.package_identification:_identify(src/robot_monitoring) by extensions ['colcon_meta']
[0.159s] Level 1:colcon.colcon_core.package_identification:_identify(src/robot_monitoring) by extension 'colcon_meta'
[0.159s] Level 1:colcon.colcon_core.package_identification:_identify(src/robot_monitoring) by extensions ['ros']
[0.159s] Level 1:colcon.colcon_core.package_identification:_identify(src/robot_monitoring) by extension 'ros'
[0.159s] DEBUG:colcon.colcon_core.package_identification:Package 'src/robot_monitoring' with type 'ros.ament_cmake' and name 'robot_monitoring'
[0.159s] Level 1:colcon.colcon_core.package_discovery:discover_packages(recursive) using defaults
[0.159s] Level 1:colcon.colcon_core.package_discovery:discover_packages(ignore) discover
[0.159s] Level 1:colcon.colcon_core.package_discovery:discover_packages(ignore) using defaults
[0.159s] Level 1:colcon.colcon_core.package_discovery:discover_packages(path) discover
[0.159s] Level 1:colcon.colcon_core.package_discovery:discover_packages(path) using defaults
[0.173s] Level 1:colcon.colcon_core.package_discovery:discover_packages(prefix_path) check parameters
[0.173s] Level 1:colcon.colcon_core.package_discovery:discover_packages(prefix_path) discover
[0.175s] DEBUG:colcon.colcon_installed_package_information.package_discovery:Found 3 installed packages in /home/kyw/vscode/slam_study/ros2_ws/install
[0.176s] DEBUG:colcon.colcon_installed_package_information.package_discovery:Found 380 installed packages in /opt/ros/jazzy
[0.177s] Level 1:colcon.colcon_core.package_discovery:discover_packages(prefix_path) using defaults
[0.206s] Level 5:colcon.colcon_core.verb:set package 'cmdvel_to_serial_cpp' build argument 'cmake_args' from command line to 'None'
[0.206s] Level 5:colcon.colcon_core.verb:set package 'cmdvel_to_serial_cpp' build argument 'cmake_target' from command line to 'None'
[0.206s] Level 5:colcon.colcon_core.verb:set package 'cmdvel_to_serial_cpp' build argument 'cmake_target_skip_unavailable' from command line to 'False'
[0.206s] Level 5:colcon.colcon_core.verb:set package 'cmdvel_to_serial_cpp' build argument 'cmake_clean_cache' from command line to 'False'
[0.206s] Level 5:colcon.colcon_core.verb:set package 'cmdvel_to_serial_cpp' build argument 'cmake_clean_first' from command line to 'False'
[0.206s] Level 5:colcon.colcon_core.verb:set package 'cmdvel_to_serial_cpp' build argument 'cmake_force_configure' from command line to 'False'
[0.206s] Level 5:colcon.colcon_core.verb:set package 'cmdvel_to_serial_cpp' build argument 'ament_cmake_args' from command line to 'None'
[0.206s] Level 5:colcon.colcon_core.verb:set package 'cmdvel_to_serial_cpp' build argument 'catkin_cmake_args' from command line to 'None'
[0.206s] Level 5:colcon.colcon_core.verb:set package 'cmdvel_to_serial_cpp' build argument 'catkin_skip_building_tests' from command line to 'False'
[0.206s] DEBUG:colcon.colcon_core.verb:Building package 'cmdvel_to_serial_cpp' with the following arguments: {'ament_cmake_args': None, 'build_base': '/home/kyw/vscode/slam_study/ros2_ws/build/cmdvel_to_serial_cpp', 'catkin_cmake_args': None, 'catkin_skip_building_tests': False, 'cmake_args': None, 'cmake_clean_cache': False, 'cmake_clean_first': False, 'cmake_force_configure': False, 'cmake_target': None, 'cmake_target_skip_unavailable': False, 'install_base': '/home/kyw/vscode/slam_study/ros2_ws/install/cmdvel_to_serial_cpp', 'merge_install': False, 'path': '/home/kyw/vscode/slam_study/ros2_ws/src/cmdvel_to_serial_cpp', 'symlink_install': False, 'test_result_base': None}
[0.206s] Level 5:colcon.colcon_core.verb:set package 'cow_odom_publisher' build argument 'cmake_args' from command line to 'None'
[0.206s] Level 5:colcon.colcon_core.verb:set package 'cow_odom_publisher' build argument 'cmake_target' from command line to 'None'
[0.206s] Level 5:colcon.colcon_core.verb:set package 'cow_odom_publisher' build argument 'cmake_target_skip_unavailable' from command line to 'False'
[0.206s] Level 5:colcon.colcon_core.verb:set package 'cow_odom_publisher' build argument 'cmake_clean_cache' from command line to 'False'
[0.206s] Level 5:colcon.colcon_core.verb:set package 'cow_odom_publisher' build argument 'cmake_clean_first' from command line to 'False'
[0.206s] Level 5:colcon.colcon_core.verb:set package 'cow_odom_publisher' build argument 'cmake_force_configure' from command line to 'False'
[0.206s] Level 5:colcon.colcon_core.verb:set package 'cow_odom_publisher' build argument 'ament_cmake_args' from command line to 'None'
[0.206s] Level 5:colcon.colcon_core.verb:set package 'cow_odom_publisher' build argument 'catkin_cmake_args' from command line to 'None'
[0.206s] Level 5:colcon.colcon_core.verb:set package 'cow_odom_publisher' build argument 'catkin_skip_building_tests' from command line to 'False'
[0.206s] DEBUG:colcon.colcon_core.verb:Building package 'cow_odom_publisher' with the following arguments: {'ament_cmake_args': None, 'build_base': '/home/kyw/vscode/slam_study/ros2_ws/build/cow_odom_publisher', 'catkin_cmake_args': None, 'catkin_skip_building_tests': False, 'cmake_args': None, 'cmake_clean_cache': False, 'cmake_clean_first': False, 'cmake_force_configure': False, 'cmake_target': None, 'cmake_target_skip_unavailable': False, 'install_base': '/home/kyw/vscode/slam_study/ros2_ws/install/cow_odom_publisher', 'merge_install': False, 'path': '/home/kyw/vscode/slam_study/ros2_ws/src/cow_odom_publisher', 'symlink_install': False, 'test_result_base': None}
[0.207s] Level 5:colcon.colcon_core.verb:set package 'robot_monitoring' build argument 'cmake_args' from command line to 'None'
[0.207s] Level 5:colcon.colcon_core.verb:set package 'robot_monitoring' build argument 'cmake_target' from command line to 'None'
[0.207s] Level 5:colcon.colcon_core.verb:set package 'robot_monitoring' build argument 'cmake_target_skip_unavailable' from command line to 'False'
[0.207s] Level 5:colcon.colcon_core.verb:set package 'robot_monitoring' build argument 'cmake_clean_cache' from command line to 'False'
[0.207s] Level 5:colcon.colcon_core.verb:set package 'robot_monitoring' build argument 'cmake_clean_first' from command line to 'False'
[0.207s] Level 5:colcon.colcon_core.verb:set package 'robot_monitoring' build argument 'cmake_force_configure' from command line to 'False'
[0.207s] Level 5:colcon.colcon_core.verb:set package 'robot_monitoring' build argument 'ament_cmake_args' from command line to 'None'
[0.207s] Level 5:colcon.colcon_core.verb:set package 'robot_monitoring' build argument 'catkin_cmake_args' from command line to 'None'
[0.207s] Level 5:colcon.colcon_core.verb:set package 'robot_monitoring' build argument 'catkin_skip_building_tests' from command line to 'False'
[0.207s] DEBUG:colcon.colcon_core.verb:Building package 'robot_monitoring' with the following arguments: {'ament_cmake_args': None, 'build_base': '/home/kyw/vscode/slam_study/ros2_ws/build/robot_monitoring', 'catkin_cmake_args': None, 'catkin_skip_building_tests': False, 'cmake_args': None, 'cmake_clean_cache': False, 'cmake_clean_first': False, 'cmake_force_configure': False, 'cmake_target': None, 'cmake_target_skip_unavailable': False, 'install_base': '/home/kyw/vscode/slam_study/ros2_ws/install/robot_monitoring', 'merge_install': False, 'path': '/home/kyw/vscode/slam_study/ros2_ws/src/robot_monitoring', 'symlink_install': False, 'test_result_base': None}
[0.207s] INFO:colcon.colcon_core.executor:Executing jobs using 'parallel' executor
[0.208s] DEBUG:colcon.colcon_parallel_executor.executor.parallel:run_until_complete
[0.208s] INFO:colcon.colcon_ros.task.ament_cmake.build:Building ROS package in '/home/kyw/vscode/slam_study/ros2_ws/src/cmdvel_to_serial_cpp' with build type 'ament_cmake'
[0.208s] INFO:colcon.colcon_cmake.task.cmake.build:Building CMake package in '/home/kyw/vscode/slam_study/ros2_ws/src/cmdvel_to_serial_cpp'
[0.220s] INFO:colcon.colcon_core.plugin_system:Skipping extension 'colcon_core.shell.bat': Not used on non-Windows systems
[0.220s] INFO:colcon.colcon_core.shell:Skip shell extension 'powershell' for command environment: Not usable outside of PowerShell
[0.220s] DEBUG:colcon.colcon_core.shell:Skip shell extension 'dsv' for command environment
[0.223s] INFO:colcon.colcon_ros.task.ament_cmake.build:Building ROS package in '/home/kyw/vscode/slam_study/ros2_ws/src/cow_odom_publisher' with build type 'ament_cmake'
[0.223s] INFO:colcon.colcon_cmake.task.cmake.build:Building CMake package in '/home/kyw/vscode/slam_study/ros2_ws/src/cow_odom_publisher'
[0.223s] INFO:colcon.colcon_core.shell:Skip shell extension 'powershell' for command environment: Not usable outside of PowerShell
[0.223s] DEBUG:colcon.colcon_core.shell:Skip shell extension 'dsv' for command environment
[0.227s] INFO:colcon.colcon_ros.task.ament_cmake.build:Building ROS package in '/home/kyw/vscode/slam_study/ros2_ws/src/robot_monitoring' with build type 'ament_cmake'
[0.227s] INFO:colcon.colcon_cmake.task.cmake.build:Building CMake package in '/home/kyw/vscode/slam_study/ros2_ws/src/robot_monitoring'
[0.227s] INFO:colcon.colcon_core.shell:Skip shell extension 'powershell' for command environment: Not usable outside of PowerShell
[0.227s] DEBUG:colcon.colcon_core.shell:Skip shell extension 'dsv' for command environment
[0.233s] DEBUG:colcon.colcon_core.event_handler.log_command:Invoking command in '/home/kyw/vscode/slam_study/ros2_ws/build/cmdvel_to_serial_cpp': CMAKE_PREFIX_PATH=${CMAKE_PREFIX_PATH}:/opt/ros/jazzy DEBUGINFOD_URLS=https://debuginfod.ubuntu.com /usr/bin/cmake --build /home/kyw/vscode/slam_study/ros2_ws/build/cmdvel_to_serial_cpp -- -j4 -l4
[0.241s] DEBUG:colcon.colcon_core.event_handler.log_command:Invoking command in '/home/kyw/vscode/slam_study/ros2_ws/build/cow_odom_publisher': CMAKE_PREFIX_PATH=${CMAKE_PREFIX_PATH}:/opt/ros/jazzy DEBUGINFOD_URLS=https://debuginfod.ubuntu.com /usr/bin/cmake --build /home/kyw/vscode/slam_study/ros2_ws/build/cow_odom_publisher -- -j4 -l4
[0.244s] DEBUG:colcon.colcon_core.event_handler.log_command:Invoking command in '/home/kyw/vscode/slam_study/ros2_ws/build/robot_monitoring': CMAKE_PREFIX_PATH=${CMAKE_PREFIX_PATH}:/opt/ros/jazzy DEBUGINFOD_URLS=https://debuginfod.ubuntu.com /usr/bin/cmake --build /home/kyw/vscode/slam_study/ros2_ws/build/robot_monitoring -- -j4 -l4
[0.397s] DEBUG:colcon.colcon_core.event_handler.log_command:Invoked command in '/home/kyw/vscode/slam_study/ros2_ws/build/cmdvel_to_serial_cpp' returned '0': CMAKE_PREFIX_PATH=${CMAKE_PREFIX_PATH}:/opt/ros/jazzy DEBUGINFOD_URLS=https://debuginfod.ubuntu.com /usr/bin/cmake --build /home/kyw/vscode/slam_study/ros2_ws/build/cmdvel_to_serial_cpp -- -j4 -l4
[0.414s] DEBUG:colcon.colcon_core.event_handler.log_command:Invoking command in '/home/kyw/vscode/slam_study/ros2_ws/build/cmdvel_to_serial_cpp': CMAKE_PREFIX_PATH=${CMAKE_PREFIX_PATH}:/opt/ros/jazzy DEBUGINFOD_URLS=https://debuginfod.ubuntu.com /usr/bin/cmake --install /home/kyw/vscode/slam_study/ros2_ws/build/cmdvel_to_serial_cpp
[0.418s] DEBUG:colcon.colcon_core.event_handler.log_command:Invoked command in '/home/kyw/vscode/slam_study/ros2_ws/build/cow_odom_publisher' returned '0': CMAKE_PREFIX_PATH=${CMAKE_PREFIX_PATH}:/opt/ros/jazzy DEBUGINFOD_URLS=https://debuginfod.ubuntu.com /usr/bin/cmake --build /home/kyw/vscode/slam_study/ros2_ws/build/cow_odom_publisher -- -j4 -l4
[0.420s] DEBUG:colcon.colcon_core.event_handler.log_command:Invoking command in '/home/kyw/vscode/slam_study/ros2_ws/build/cow_odom_publisher': CMAKE_PREFIX_PATH=${CMAKE_PREFIX_PATH}:/opt/ros/jazzy DEBUGINFOD_URLS=https://debuginfod.ubuntu.com /usr/bin/cmake --install /home/kyw/vscode/slam_study/ros2_ws/build/cow_odom_publisher
[0.429s] Level 1:colcon.colcon_core.environment:create_environment_scripts_only(cmdvel_to_serial_cpp)
[0.429s] DEBUG:colcon.colcon_core.event_handler.log_command:Invoked command in '/home/kyw/vscode/slam_study/ros2_ws/build/cmdvel_to_serial_cpp' returned '0': CMAKE_PREFIX_PATH=${CMAKE_PREFIX_PATH}:/opt/ros/jazzy DEBUGINFOD_URLS=https://debuginfod.ubuntu.com /usr/bin/cmake --install /home/kyw/vscode/slam_study/ros2_ws/build/cmdvel_to_serial_cpp
[0.436s] Level 1:colcon.colcon_core.environment:checking '/home/kyw/vscode/slam_study/ros2_ws/install/cmdvel_to_serial_cpp' for CMake module files
[0.436s] Level 1:colcon.colcon_core.environment:checking '/home/kyw/vscode/slam_study/ros2_ws/install/cmdvel_to_serial_cpp' for CMake config files
[0.436s] Level 1:colcon.colcon_core.shell:create_environment_hook('cmdvel_to_serial_cpp', 'cmake_prefix_path')
[0.436s] INFO:colcon.colcon_core.shell:Creating environment hook '/home/kyw/vscode/slam_study/ros2_ws/install/cmdvel_to_serial_cpp/share/cmdvel_to_serial_cpp/hook/cmake_prefix_path.ps1'
[0.437s] INFO:colcon.colcon_core.shell:Creating environment descriptor '/home/kyw/vscode/slam_study/ros2_ws/install/cmdvel_to_serial_cpp/share/cmdvel_to_serial_cpp/hook/cmake_prefix_path.dsv'
[0.438s] INFO:colcon.colcon_core.shell:Creating environment hook '/home/kyw/vscode/slam_study/ros2_ws/install/cmdvel_to_serial_cpp/share/cmdvel_to_serial_cpp/hook/cmake_prefix_path.sh'
[0.439s] Level 1:colcon.colcon_core.environment:checking '/home/kyw/vscode/slam_study/ros2_ws/install/cmdvel_to_serial_cpp/lib'
[0.439s] Level 1:colcon.colcon_core.environment:checking '/home/kyw/vscode/slam_study/ros2_ws/install/cmdvel_to_serial_cpp/bin'
[0.439s] Level 1:colcon.colcon_core.environment:checking '/home/kyw/vscode/slam_study/ros2_ws/install/cmdvel_to_serial_cpp/lib/pkgconfig/cmdvel_to_serial_cpp.pc'
[0.439s] Level 1:colcon.colcon_core.environment:checking '/home/kyw/vscode/slam_study/ros2_ws/install/cmdvel_to_serial_cpp/lib/python3.12/site-packages'
[0.439s] Level 1:colcon.colcon_core.environment:checking '/home/kyw/vscode/slam_study/ros2_ws/install/cmdvel_to_serial_cpp/bin'
[0.439s] INFO:colcon.colcon_core.shell:Creating package script '/home/kyw/vscode/slam_study/ros2_ws/install/cmdvel_to_serial_cpp/share/cmdvel_to_serial_cpp/package.ps1'
[0.440s] INFO:colcon.colcon_core.shell:Creating package descriptor '/home/kyw/vscode/slam_study/ros2_ws/install/cmdvel_to_serial_cpp/share/cmdvel_to_serial_cpp/package.dsv'
[0.441s] INFO:colcon.colcon_core.shell:Creating package script '/home/kyw/vscode/slam_study/ros2_ws/install/cmdvel_to_serial_cpp/share/cmdvel_to_serial_cpp/package.sh'
[0.441s] INFO:colcon.colcon_core.shell:Creating package script '/home/kyw/vscode/slam_study/ros2_ws/install/cmdvel_to_serial_cpp/share/cmdvel_to_serial_cpp/package.bash'
[0.442s] INFO:colcon.colcon_core.shell:Creating package script '/home/kyw/vscode/slam_study/ros2_ws/install/cmdvel_to_serial_cpp/share/cmdvel_to_serial_cpp/package.zsh'
[0.443s] Level 1:colcon.colcon_core.environment:create_file_with_runtime_dependencies(/home/kyw/vscode/slam_study/ros2_ws/install/cmdvel_to_serial_cpp/share/colcon-core/packages/cmdvel_to_serial_cpp)
[0.443s] Level 1:colcon.colcon_core.environment:create_environment_scripts_only(cmdvel_to_serial_cpp)
[0.443s] Level 1:colcon.colcon_core.environment:checking '/home/kyw/vscode/slam_study/ros2_ws/install/cmdvel_to_serial_cpp' for CMake module files
[0.444s] Level 1:colcon.colcon_core.environment:checking '/home/kyw/vscode/slam_study/ros2_ws/install/cmdvel_to_serial_cpp' for CMake config files
[0.444s] Level 1:colcon.colcon_core.shell:create_environment_hook('cmdvel_to_serial_cpp', 'cmake_prefix_path')
[0.444s] INFO:colcon.colcon_core.shell:Creating environment hook '/home/kyw/vscode/slam_study/ros2_ws/install/cmdvel_to_serial_cpp/share/cmdvel_to_serial_cpp/hook/cmake_prefix_path.ps1'
[0.444s] INFO:colcon.colcon_core.shell:Creating environment descriptor '/home/kyw/vscode/slam_study/ros2_ws/install/cmdvel_to_serial_cpp/share/cmdvel_to_serial_cpp/hook/cmake_prefix_path.dsv'
[0.444s] INFO:colcon.colcon_core.shell:Creating environment hook '/home/kyw/vscode/slam_study/ros2_ws/install/cmdvel_to_serial_cpp/share/cmdvel_to_serial_cpp/hook/cmake_prefix_path.sh'
[0.445s] Level 1:colcon.colcon_core.environment:checking '/home/kyw/vscode/slam_study/ros2_ws/install/cmdvel_to_serial_cpp/lib'
[0.445s] Level 1:colcon.colcon_core.environment:checking '/home/kyw/vscode/slam_study/ros2_ws/install/cmdvel_to_serial_cpp/bin'
[0.445s] Level 1:colcon.colcon_core.environment:checking '/home/kyw/vscode/slam_study/ros2_ws/install/cmdvel_to_serial_cpp/lib/pkgconfig/cmdvel_to_serial_cpp.pc'
[0.445s] Level 1:colcon.colcon_core.environment:checking '/home/kyw/vscode/slam_study/ros2_ws/install/cmdvel_to_serial_cpp/lib/python3.12/site-packages'
[0.445s] Level 1:colcon.colcon_core.environment:checking '/home/kyw/vscode/slam_study/ros2_ws/install/cmdvel_to_serial_cpp/bin'
[0.445s] INFO:colcon.colcon_core.shell:Creating package script '/home/kyw/vscode/slam_study/ros2_ws/install/cmdvel_to_serial_cpp/share/cmdvel_to_serial_cpp/package.ps1'
[0.445s] INFO:colcon.colcon_core.shell:Creating package descriptor '/home/kyw/vscode/slam_study/ros2_ws/install/cmdvel_to_serial_cpp/share/cmdvel_to_serial_cpp/package.dsv'
[0.446s] INFO:colcon.colcon_core.shell:Creating package script '/home/kyw/vscode/slam_study/ros2_ws/install/cmdvel_to_serial_cpp/share/cmdvel_to_serial_cpp/package.sh'
[0.446s] INFO:colcon.colcon_core.shell:Creating package script '/home/kyw/vscode/slam_study/ros2_ws/install/cmdvel_to_serial_cpp/share/cmdvel_to_serial_cpp/package.bash'
[0.446s] INFO:colcon.colcon_core.shell:Creating package script '/home/kyw/vscode/slam_study/ros2_ws/install/cmdvel_to_serial_cpp/share/cmdvel_to_serial_cpp/package.zsh'
[0.446s] Level 1:colcon.colcon_core.environment:create_file_with_runtime_dependencies(/home/kyw/vscode/slam_study/ros2_ws/install/cmdvel_to_serial_cpp/share/colcon-core/packages/cmdvel_to_serial_cpp)
[0.448s] Level 1:colcon.colcon_core.environment:create_environment_scripts_only(cow_odom_publisher)
[0.448s] Level 1:colcon.colcon_core.environment:checking '/home/kyw/vscode/slam_study/ros2_ws/install/cow_odom_publisher' for CMake module files
[0.448s] Level 1:colcon.colcon_core.environment:checking '/home/kyw/vscode/slam_study/ros2_ws/install/cow_odom_publisher' for CMake config files
[0.448s] Level 1:colcon.colcon_core.shell:create_environment_hook('cow_odom_publisher', 'cmake_prefix_path')
[0.448s] INFO:colcon.colcon_core.shell:Creating environment hook '/home/kyw/vscode/slam_study/ros2_ws/install/cow_odom_publisher/share/cow_odom_publisher/hook/cmake_prefix_path.ps1'
[0.449s] INFO:colcon.colcon_core.shell:Creating environment descriptor '/home/kyw/vscode/slam_study/ros2_ws/install/cow_odom_publisher/share/cow_odom_publisher/hook/cmake_prefix_path.dsv'
[0.449s] INFO:colcon.colcon_core.shell:Creating environment hook '/home/kyw/vscode/slam_study/ros2_ws/install/cow_odom_publisher/share/cow_odom_publisher/hook/cmake_prefix_path.sh'
[0.449s] DEBUG:colcon.colcon_core.event_handler.log_command:Invoked command in '/home/kyw/vscode/slam_study/ros2_ws/build/cow_odom_publisher' returned '0': CMAKE_PREFIX_PATH=${CMAKE_PREFIX_PATH}:/opt/ros/jazzy DEBUGINFOD_URLS=https://debuginfod.ubuntu.com /usr/bin/cmake --install /home/kyw/vscode/slam_study/ros2_ws/build/cow_odom_publisher
[0.450s] Level 1:colcon.colcon_core.environment:checking '/home/kyw/vscode/slam_study/ros2_ws/install/cow_odom_publisher/lib'
[0.453s] Level 1:colcon.colcon_core.environment:checking '/home/kyw/vscode/slam_study/ros2_ws/install/cow_odom_publisher/bin'
[0.453s] Level 1:colcon.colcon_core.environment:checking '/home/kyw/vscode/slam_study/ros2_ws/install/cow_odom_publisher/lib/pkgconfig/cow_odom_publisher.pc'
[0.454s] Level 1:colcon.colcon_core.environment:checking '/home/kyw/vscode/slam_study/ros2_ws/install/cow_odom_publisher/lib/python3.12/site-packages'
[0.454s] Level 1:colcon.colcon_core.environment:checking '/home/kyw/vscode/slam_study/ros2_ws/install/cow_odom_publisher/bin'
[0.454s] INFO:colcon.colcon_core.shell:Creating package script '/home/kyw/vscode/slam_study/ros2_ws/install/cow_odom_publisher/share/cow_odom_publisher/package.ps1'
[0.454s] INFO:colcon.colcon_core.shell:Creating package descriptor '/home/kyw/vscode/slam_study/ros2_ws/install/cow_odom_publisher/share/cow_odom_publisher/package.dsv'
[0.455s] INFO:colcon.colcon_core.shell:Creating package script '/home/kyw/vscode/slam_study/ros2_ws/install/cow_odom_publisher/share/cow_odom_publisher/package.sh'
[0.455s] INFO:colcon.colcon_core.shell:Creating package script '/home/kyw/vscode/slam_study/ros2_ws/install/cow_odom_publisher/share/cow_odom_publisher/package.bash'
[0.455s] INFO:colcon.colcon_core.shell:Creating package script '/home/kyw/vscode/slam_study/ros2_ws/install/cow_odom_publisher/share/cow_odom_publisher/package.zsh'
[0.456s] Level 1:colcon.colcon_core.environment:create_file_with_runtime_dependencies(/home/kyw/vscode/slam_study/ros2_ws/install/cow_odom_publisher/share/colcon-core/packages/cow_odom_publisher)
[0.456s] Level 1:colcon.colcon_core.environment:create_environment_scripts_only(cow_odom_publisher)
[0.456s] Level 1:colcon.colcon_core.environment:checking '/home/kyw/vscode/slam_study/ros2_ws/install/cow_odom_publisher' for CMake module files
[0.456s] Level 1:colcon.colcon_core.environment:checking '/home/kyw/vscode/slam_study/ros2_ws/install/cow_odom_publisher' for CMake config files
[0.456s] Level 1:colcon.colcon_core.shell:create_environment_hook('cow_odom_publisher', 'cmake_prefix_path')
[0.456s] INFO:colcon.colcon_core.shell:Creating environment hook '/home/kyw/vscode/slam_study/ros2_ws/install/cow_odom_publisher/share/cow_odom_publisher/hook/cmake_prefix_path.ps1'
[0.457s] INFO:colcon.colcon_core.shell:Creating environment descriptor '/home/kyw/vscode/slam_study/ros2_ws/install/cow_odom_publisher/share/cow_odom_publisher/hook/cmake_prefix_path.dsv'
[0.457s] INFO:colcon.colcon_core.shell:Creating environment hook '/home/kyw/vscode/slam_study/ros2_ws/install/cow_odom_publisher/share/cow_odom_publisher/hook/cmake_prefix_path.sh'
[0.457s] Level 1:colcon.colcon_core.environment:checking '/home/kyw/vscode/slam_study/ros2_ws/install/cow_odom_publisher/lib'
[0.457s] Level 1:colcon.colcon_core.environment:checking '/home/kyw/vscode/slam_study/ros2_ws/install/cow_odom_publisher/bin'
[0.457s] Level 1:colcon.colcon_core.environment:checking '/home/kyw/vscode/slam_study/ros2_ws/install/cow_odom_publisher/lib/pkgconfig/cow_odom_publisher.pc'
[0.457s] Level 1:colcon.colcon_core.environment:checking '/home/kyw/vscode/slam_study/ros2_ws/install/cow_odom_publisher/lib/python3.12/site-packages'
[0.458s] Level 1:colcon.colcon_core.environment:checking '/home/kyw/vscode/slam_study/ros2_ws/install/cow_odom_publisher/bin'
[0.458s] INFO:colcon.colcon_core.shell:Creating package script '/home/kyw/vscode/slam_study/ros2_ws/install/cow_odom_publisher/share/cow_odom_publisher/package.ps1'
[0.458s] INFO:colcon.colcon_core.shell:Creating package descriptor '/home/kyw/vscode/slam_study/ros2_ws/install/cow_odom_publisher/share/cow_odom_publisher/package.dsv'
[0.458s] INFO:colcon.colcon_core.shell:Creating package script '/home/kyw/vscode/slam_study/ros2_ws/install/cow_odom_publisher/share/cow_odom_publisher/package.sh'
[0.458s] INFO:colcon.colcon_core.shell:Creating package script '/home/kyw/vscode/slam_study/ros2_ws/install/cow_odom_publisher/share/cow_odom_publisher/package.bash'
[0.458s] INFO:colcon.colcon_core.shell:Creating package script '/home/kyw/vscode/slam_study/ros2_ws/install/cow_odom_publisher/share/cow_odom_publisher/package.zsh'
[0.459s] Level 1:colcon.colcon_core.environment:create_file_with_runtime_dependencies(/home/kyw/vscode/slam_study/ros2_ws/install/cow_odom_publisher/share/colcon-core/packages/cow_odom_publisher)
[3.118s] DEBUG:colcon.colcon_core.event_handler.log_command:Invoked command in '/home/kyw/vscode/slam_study/ros2_ws/build/robot_monitoring' returned '2': CMAKE_PREFIX_PATH=${CMAKE_PREFIX_PATH}:/opt/ros/jazzy DEBUGINFOD_URLS=https://debuginfod.ubuntu.com /usr/bin/cmake --build /home/kyw/vscode/slam_study/ros2_ws/build/robot_monitoring -- -j4 -l4
[3.120s] Level 1:colcon.colcon_core.environment:create_environment_scripts_only(robot_monitoring)
[3.120s] Level 1:colcon.colcon_core.environment:checking '/home/kyw/vscode/slam_study/ros2_ws/install/robot_monitoring' for CMake module files
[3.121s] Level 1:colcon.colcon_core.environment:checking '/home/kyw/vscode/slam_study/ros2_ws/install/robot_monitoring' for CMake config files
[3.121s] Level 1:colcon.colcon_core.shell:create_environment_hook('robot_monitoring', 'cmake_prefix_path')
[3.122s] INFO:colcon.colcon_core.shell:Creating environment hook '/home/kyw/vscode/slam_study/ros2_ws/install/robot_monitoring/share/robot_monitoring/hook/cmake_prefix_path.ps1'
[3.122s] INFO:colcon.colcon_core.shell:Creating environment descriptor '/home/kyw/vscode/slam_study/ros2_ws/install/robot_monitoring/share/robot_monitoring/hook/cmake_prefix_path.dsv'
[3.122s] INFO:colcon.colcon_core.shell:Creating environment hook '/home/kyw/vscode/slam_study/ros2_ws/install/robot_monitoring/share/robot_monitoring/hook/cmake_prefix_path.sh'
[3.123s] Level 1:colcon.colcon_core.environment:checking '/home/kyw/vscode/slam_study/ros2_ws/install/robot_monitoring/lib'
[3.123s] Level 1:colcon.colcon_core.shell:create_environment_hook('robot_monitoring', 'ld_library_path_lib')
[3.123s] INFO:colcon.colcon_core.shell:Creating environment hook '/home/kyw/vscode/slam_study/ros2_ws/install/robot_monitoring/share/robot_monitoring/hook/ld_library_path_lib.ps1'
[3.123s] INFO:colcon.colcon_core.shell:Creating environment descriptor '/home/kyw/vscode/slam_study/ros2_ws/install/robot_monitoring/share/robot_monitoring/hook/ld_library_path_lib.dsv'
[3.124s] INFO:colcon.colcon_core.shell:Creating environment hook '/home/kyw/vscode/slam_study/ros2_ws/install/robot_monitoring/share/robot_monitoring/hook/ld_library_path_lib.sh'
[3.124s] Level 1:colcon.colcon_core.environment:checking '/home/kyw/vscode/slam_study/ros2_ws/install/robot_monitoring/bin'
[3.124s] Level 1:colcon.colcon_core.environment:checking '/home/kyw/vscode/slam_study/ros2_ws/install/robot_monitoring/lib/pkgconfig/robot_monitoring.pc'
[3.124s] Level 1:colcon.colcon_core.environment:checking '/home/kyw/vscode/slam_study/ros2_ws/install/robot_monitoring/lib/python3.12/site-packages'
[3.124s] Level 1:colcon.colcon_core.shell:create_environment_hook('robot_monitoring', 'pythonpath')
[3.124s] INFO:colcon.colcon_core.shell:Creating environment hook '/home/kyw/vscode/slam_study/ros2_ws/install/robot_monitoring/share/robot_monitoring/hook/pythonpath.ps1'
[3.124s] INFO:colcon.colcon_core.shell:Creating environment descriptor '/home/kyw/vscode/slam_study/ros2_ws/install/robot_monitoring/share/robot_monitoring/hook/pythonpath.dsv'
[3.125s] INFO:colcon.colcon_core.shell:Creating environment hook '/home/kyw/vscode/slam_study/ros2_ws/install/robot_monitoring/share/robot_monitoring/hook/pythonpath.sh'
[3.125s] Level 1:colcon.colcon_core.environment:checking '/home/kyw/vscode/slam_study/ros2_ws/install/robot_monitoring/bin'
[3.125s] INFO:colcon.colcon_core.shell:Creating package script '/home/kyw/vscode/slam_study/ros2_ws/install/robot_monitoring/share/robot_monitoring/package.ps1'
[3.126s] INFO:colcon.colcon_core.shell:Creating package descriptor '/home/kyw/vscode/slam_study/ros2_ws/install/robot_monitoring/share/robot_monitoring/package.dsv'
[3.126s] INFO:colcon.colcon_core.shell:Creating package script '/home/kyw/vscode/slam_study/ros2_ws/install/robot_monitoring/share/robot_monitoring/package.sh'
[3.126s] INFO:colcon.colcon_core.shell:Creating package script '/home/kyw/vscode/slam_study/ros2_ws/install/robot_monitoring/share/robot_monitoring/package.bash'
[3.126s] INFO:colcon.colcon_core.shell:Creating package script '/home/kyw/vscode/slam_study/ros2_ws/install/robot_monitoring/share/robot_monitoring/package.zsh'
[3.127s] Level 1:colcon.colcon_core.environment:create_file_with_runtime_dependencies(/home/kyw/vscode/slam_study/ros2_ws/install/robot_monitoring/share/colcon-core/packages/robot_monitoring)
[3.137s] DEBUG:colcon.colcon_parallel_executor.executor.parallel:closing loop
[3.137s] DEBUG:colcon.colcon_parallel_executor.executor.parallel:loop closed
[3.137s] DEBUG:colcon.colcon_parallel_executor.executor.parallel:run_until_complete finished with '2'
[3.137s] DEBUG:colcon.colcon_core.event_reactor:joining thread
[3.143s] INFO:colcon.colcon_core.plugin_system:Skipping extension 'colcon_notification.desktop_notification.terminal_notifier': Not used on non-Darwin systems
[3.143s] INFO:colcon.colcon_core.plugin_system:Skipping extension 'colcon_notification.desktop_notification.win32': Not used on non-Windows systems
[3.143s] INFO:colcon.colcon_notification.desktop_notification:Sending desktop notification using 'notify2'
[3.159s] DEBUG:colcon.colcon_core.event_reactor:joined thread
[3.160s] INFO:colcon.colcon_core.shell:Creating prefix script '/home/kyw/vscode/slam_study/ros2_ws/install/local_setup.ps1'
[3.160s] INFO:colcon.colcon_core.shell:Creating prefix util module '/home/kyw/vscode/slam_study/ros2_ws/install/_local_setup_util_ps1.py'
[3.161s] INFO:colcon.colcon_core.shell:Creating prefix chain script '/home/kyw/vscode/slam_study/ros2_ws/install/setup.ps1'
[3.162s] INFO:colcon.colcon_core.shell:Creating prefix script '/home/kyw/vscode/slam_study/ros2_ws/install/local_setup.sh'
[3.163s] INFO:colcon.colcon_core.shell:Creating prefix util module '/home/kyw/vscode/slam_study/ros2_ws/install/_local_setup_util_sh.py'
[3.163s] INFO:colcon.colcon_core.shell:Creating prefix chain script '/home/kyw/vscode/slam_study/ros2_ws/install/setup.sh'
[3.164s] INFO:colcon.colcon_core.shell:Creating prefix script '/home/kyw/vscode/slam_study/ros2_ws/install/local_setup.bash'
[3.165s] INFO:colcon.colcon_core.shell:Creating prefix chain script '/home/kyw/vscode/slam_study/ros2_ws/install/setup.bash'
[3.165s] INFO:colcon.colcon_core.shell:Creating prefix script '/home/kyw/vscode/slam_study/ros2_ws/install/local_setup.zsh'
[3.168s] INFO:colcon.colcon_core.shell:Creating prefix chain script '/home/kyw/vscode/slam_study/ros2_ws/install/setup.zsh'
