[0.095s] DEBUG:colcon:Command line arguments: ['/usr/bin/colcon', 'build']
[0.095s] DEBUG:colcon:Parsed command line arguments: Namespace(log_base=None, log_level=None, verb_name='build', build_base='build', install_base='install', merge_install=False, symlink_install=False, test_result_base=None, continue_on_error=False, executor='parallel', parallel_workers=4, event_handlers=None, ignore_user_meta=False, metas=['./colcon.meta'], base_paths=['.'], packages_ignore=None, packages_ignore_regex=None, paths=None, packages_up_to=None, packages_up_to_regex=None, packages_above=None, packages_above_and_dependencies=None, packages_above_depth=None, packages_select_by_dep=None, packages_skip_by_dep=None, packages_skip_up_to=None, packages_select_build_failed=False, packages_skip_build_finished=False, packages_select_test_failures=False, packages_skip_test_passed=False, packages_select=None, packages_skip=None, packages_select_regex=None, packages_skip_regex=None, packages_start=None, packages_end=None, allow_overriding=[], cmake_args=None, cmake_target=None, cmake_target_skip_unavailable=False, cmake_clean_cache=False, cmake_clean_first=False, cmake_force_configure=False, ament_cmake_args=None, catkin_cmake_args=None, catkin_skip_building_tests=False, mixin_files=None, mixin=None, verb_parser=<colcon_mixin.mixin.mixin_argument.MixinArgumentDecorator object at 0xfd546bc6d910>, verb_extension=<colcon_core.verb.build.BuildVerb object at 0xfd546bc6d610>, main=<bound method BuildVerb.main of <colcon_core.verb.build.BuildVerb object at 0xfd546bc6d610>>, mixin_verb=('build',))
[0.132s] Level 1:colcon.colcon_core.package_discovery:discover_packages(colcon_meta) check parameters
[0.132s] Level 1:colcon.colcon_core.package_discovery:discover_packages(recursive) check parameters
[0.132s] Level 1:colcon.colcon_core.package_discovery:discover_packages(ignore) check parameters
[0.132s] Level 1:colcon.colcon_core.package_discovery:discover_packages(path) check parameters
[0.132s] Level 1:colcon.colcon_core.package_discovery:discover_packages(colcon_meta) discover
[0.132s] Level 1:colcon.colcon_core.package_discovery:discover_packages(recursive) discover
[0.132s] INFO:colcon.colcon_core.package_discovery:Crawling recursively for packages in '/home/kyw/vscode/slam_study/ros2_ws'
[0.132s] Level 1:colcon.colcon_core.package_identification:_identify(.) by extensions ['ignore', 'ignore_ament_install']
[0.132s] Level 1:colcon.colcon_core.package_identification:_identify(.) by extension 'ignore'
[0.132s] Level 1:colcon.colcon_core.package_identification:_identify(.) by extension 'ignore_ament_install'
[0.132s] Level 1:colcon.colcon_core.package_identification:_identify(.) by extensions ['colcon_pkg']
[0.132s] Level 1:colcon.colcon_core.package_identification:_identify(.) by extension 'colcon_pkg'
[0.132s] Level 1:colcon.colcon_core.package_identification:_identify(.) by extensions ['colcon_meta']
[0.132s] Level 1:colcon.colcon_core.package_identification:_identify(.) by extension 'colcon_meta'
[0.132s] Level 1:colcon.colcon_core.package_identification:_identify(.) by extensions ['ros']
[0.132s] Level 1:colcon.colcon_core.package_identification:_identify(.) by extension 'ros'
[0.150s] Level 1:colcon.colcon_core.package_identification:_identify(.) by extensions ['cmake', 'python']
[0.150s] Level 1:colcon.colcon_core.package_identification:_identify(.) by extension 'cmake'
[0.150s] Level 1:colcon.colcon_core.package_identification:_identify(.) by extension 'python'
[0.150s] Level 1:colcon.colcon_core.package_identification:_identify(.) by extensions ['python_setup_py']
[0.150s] Level 1:colcon.colcon_core.package_identification:_identify(.) by extension 'python_setup_py'
[0.150s] Level 1:colcon.colcon_core.package_identification:_identify(build) by extensions ['ignore', 'ignore_ament_install']
[0.150s] Level 1:colcon.colcon_core.package_identification:_identify(build) by extension 'ignore'
[0.150s] Level 1:colcon.colcon_core.package_identification:_identify(build) ignored
[0.150s] Level 1:colcon.colcon_core.package_identification:_identify(install) by extensions ['ignore', 'ignore_ament_install']
[0.150s] Level 1:colcon.colcon_core.package_identification:_identify(install) by extension 'ignore'
[0.150s] Level 1:colcon.colcon_core.package_identification:_identify(install) ignored
[0.150s] Level 1:colcon.colcon_core.package_identification:_identify(log) by extensions ['ignore', 'ignore_ament_install']
[0.150s] Level 1:colcon.colcon_core.package_identification:_identify(log) by extension 'ignore'
[0.150s] Level 1:colcon.colcon_core.package_identification:_identify(log) ignored
[0.150s] Level 1:colcon.colcon_core.package_identification:_identify(src) by extensions ['ignore', 'ignore_ament_install']
[0.151s] Level 1:colcon.colcon_core.package_identification:_identify(src) by extension 'ignore'
[0.151s] Level 1:colcon.colcon_core.package_identification:_identify(src) by extension 'ignore_ament_install'
[0.151s] Level 1:colcon.colcon_core.package_identification:_identify(src) by extensions ['colcon_pkg']
[0.151s] Level 1:colcon.colcon_core.package_identification:_identify(src) by extension 'colcon_pkg'
[0.151s] Level 1:colcon.colcon_core.package_identification:_identify(src) by extensions ['colcon_meta']
[0.151s] Level 1:colcon.colcon_core.package_identification:_identify(src) by extension 'colcon_meta'
[0.151s] Level 1:colcon.colcon_core.package_identification:_identify(src) by extensions ['ros']
[0.151s] Level 1:colcon.colcon_core.package_identification:_identify(src) by extension 'ros'
[0.151s] Level 1:colcon.colcon_core.package_identification:_identify(src) by extensions ['cmake', 'python']
[0.151s] Level 1:colcon.colcon_core.package_identification:_identify(src) by extension 'cmake'
[0.151s] Level 1:colcon.colcon_core.package_identification:_identify(src) by extension 'python'
[0.151s] Level 1:colcon.colcon_core.package_identification:_identify(src) by extensions ['python_setup_py']
[0.151s] Level 1:colcon.colcon_core.package_identification:_identify(src) by extension 'python_setup_py'
[0.151s] Level 1:colcon.colcon_core.package_identification:_identify(src/cmdvel_to_serial_cpp) by extensions ['ignore', 'ignore_ament_install']
[0.151s] Level 1:colcon.colcon_core.package_identification:_identify(src/cmdvel_to_serial_cpp) by extension 'ignore'
[0.151s] Level 1:colcon.colcon_core.package_identification:_identify(src/cmdvel_to_serial_cpp) by extension 'ignore_ament_install'
[0.151s] Level 1:colcon.colcon_core.package_identification:_identify(src/cmdvel_to_serial_cpp) by extensions ['colcon_pkg']
[0.151s] Level 1:colcon.colcon_core.package_identification:_identify(src/cmdvel_to_serial_cpp) by extension 'colcon_pkg'
[0.151s] Level 1:colcon.colcon_core.package_identification:_identify(src/cmdvel_to_serial_cpp) by extensions ['colcon_meta']
[0.151s] Level 1:colcon.colcon_core.package_identification:_identify(src/cmdvel_to_serial_cpp) by extension 'colcon_meta'
[0.151s] Level 1:colcon.colcon_core.package_identification:_identify(src/cmdvel_to_serial_cpp) by extensions ['ros']
[0.151s] Level 1:colcon.colcon_core.package_identification:_identify(src/cmdvel_to_serial_cpp) by extension 'ros'
[0.153s] DEBUG:colcon.colcon_core.package_identification:Package 'src/cmdvel_to_serial_cpp' with type 'ros.ament_cmake' and name 'cmdvel_to_serial_cpp'
[0.153s] Level 1:colcon.colcon_core.package_identification:_identify(src/cow_odom_publisher) by extensions ['ignore', 'ignore_ament_install']
[0.153s] Level 1:colcon.colcon_core.package_identification:_identify(src/cow_odom_publisher) by extension 'ignore'
[0.153s] Level 1:colcon.colcon_core.package_identification:_identify(src/cow_odom_publisher) by extension 'ignore_ament_install'
[0.153s] Level 1:colcon.colcon_core.package_identification:_identify(src/cow_odom_publisher) by extensions ['colcon_pkg']
[0.153s] Level 1:colcon.colcon_core.package_identification:_identify(src/cow_odom_publisher) by extension 'colcon_pkg'
[0.153s] Level 1:colcon.colcon_core.package_identification:_identify(src/cow_odom_publisher) by extensions ['colcon_meta']
[0.153s] Level 1:colcon.colcon_core.package_identification:_identify(src/cow_odom_publisher) by extension 'colcon_meta'
[0.153s] Level 1:colcon.colcon_core.package_identification:_identify(src/cow_odom_publisher) by extensions ['ros']
[0.153s] Level 1:colcon.colcon_core.package_identification:_identify(src/cow_odom_publisher) by extension 'ros'
[0.153s] DEBUG:colcon.colcon_core.package_identification:Package 'src/cow_odom_publisher' with type 'ros.ament_cmake' and name 'cow_odom_publisher'
[0.153s] Level 1:colcon.colcon_core.package_identification:_identify(src/robot_monitoring) by extensions ['ignore', 'ignore_ament_install']
[0.153s] Level 1:colcon.colcon_core.package_identification:_identify(src/robot_monitoring) by extension 'ignore'
[0.153s] Level 1:colcon.colcon_core.package_identification:_identify(src/robot_monitoring) by extension 'ignore_ament_install'
[0.153s] Level 1:colcon.colcon_core.package_identification:_identify(src/robot_monitoring) by extensions ['colcon_pkg']
[0.153s] Level 1:colcon.colcon_core.package_identification:_identify(src/robot_monitoring) by extension 'colcon_pkg'
[0.153s] Level 1:colcon.colcon_core.package_identification:_identify(src/robot_monitoring) by extensions ['colcon_meta']
[0.154s] Level 1:colcon.colcon_core.package_identification:_identify(src/robot_monitoring) by extension 'colcon_meta'
[0.154s] Level 1:colcon.colcon_core.package_identification:_identify(src/robot_monitoring) by extensions ['ros']
[0.154s] Level 1:colcon.colcon_core.package_identification:_identify(src/robot_monitoring) by extension 'ros'
[0.154s] DEBUG:colcon.colcon_core.package_identification:Package 'src/robot_monitoring' with type 'ros.ament_cmake' and name 'robot_monitoring'
[0.154s] Level 1:colcon.colcon_core.package_discovery:discover_packages(recursive) using defaults
[0.154s] Level 1:colcon.colcon_core.package_discovery:discover_packages(ignore) discover
[0.154s] Level 1:colcon.colcon_core.package_discovery:discover_packages(ignore) using defaults
[0.154s] Level 1:colcon.colcon_core.package_discovery:discover_packages(path) discover
[0.154s] Level 1:colcon.colcon_core.package_discovery:discover_packages(path) using defaults
[0.168s] Level 1:colcon.colcon_core.package_discovery:discover_packages(prefix_path) check parameters
[0.168s] Level 1:colcon.colcon_core.package_discovery:discover_packages(prefix_path) discover
[0.170s] DEBUG:colcon.colcon_installed_package_information.package_discovery:Found 379 installed packages in /opt/ros/jazzy
[0.171s] Level 1:colcon.colcon_core.package_discovery:discover_packages(prefix_path) using defaults
[0.197s] Level 5:colcon.colcon_core.verb:set package 'cmdvel_to_serial_cpp' build argument 'cmake_args' from command line to 'None'
[0.197s] Level 5:colcon.colcon_core.verb:set package 'cmdvel_to_serial_cpp' build argument 'cmake_target' from command line to 'None'
[0.197s] Level 5:colcon.colcon_core.verb:set package 'cmdvel_to_serial_cpp' build argument 'cmake_target_skip_unavailable' from command line to 'False'
[0.197s] Level 5:colcon.colcon_core.verb:set package 'cmdvel_to_serial_cpp' build argument 'cmake_clean_cache' from command line to 'False'
[0.197s] Level 5:colcon.colcon_core.verb:set package 'cmdvel_to_serial_cpp' build argument 'cmake_clean_first' from command line to 'False'
[0.197s] Level 5:colcon.colcon_core.verb:set package 'cmdvel_to_serial_cpp' build argument 'cmake_force_configure' from command line to 'False'
[0.197s] Level 5:colcon.colcon_core.verb:set package 'cmdvel_to_serial_cpp' build argument 'ament_cmake_args' from command line to 'None'
[0.197s] Level 5:colcon.colcon_core.verb:set package 'cmdvel_to_serial_cpp' build argument 'catkin_cmake_args' from command line to 'None'
[0.197s] Level 5:colcon.colcon_core.verb:set package 'cmdvel_to_serial_cpp' build argument 'catkin_skip_building_tests' from command line to 'False'
[0.197s] DEBUG:colcon.colcon_core.verb:Building package 'cmdvel_to_serial_cpp' with the following arguments: {'ament_cmake_args': None, 'build_base': '/home/kyw/vscode/slam_study/ros2_ws/build/cmdvel_to_serial_cpp', 'catkin_cmake_args': None, 'catkin_skip_building_tests': False, 'cmake_args': None, 'cmake_clean_cache': False, 'cmake_clean_first': False, 'cmake_force_configure': False, 'cmake_target': None, 'cmake_target_skip_unavailable': False, 'install_base': '/home/kyw/vscode/slam_study/ros2_ws/install/cmdvel_to_serial_cpp', 'merge_install': False, 'path': '/home/kyw/vscode/slam_study/ros2_ws/src/cmdvel_to_serial_cpp', 'symlink_install': False, 'test_result_base': None}
[0.197s] Level 5:colcon.colcon_core.verb:set package 'cow_odom_publisher' build argument 'cmake_args' from command line to 'None'
[0.197s] Level 5:colcon.colcon_core.verb:set package 'cow_odom_publisher' build argument 'cmake_target' from command line to 'None'
[0.197s] Level 5:colcon.colcon_core.verb:set package 'cow_odom_publisher' build argument 'cmake_target_skip_unavailable' from command line to 'False'
[0.197s] Level 5:colcon.colcon_core.verb:set package 'cow_odom_publisher' build argument 'cmake_clean_cache' from command line to 'False'
[0.197s] Level 5:colcon.colcon_core.verb:set package 'cow_odom_publisher' build argument 'cmake_clean_first' from command line to 'False'
[0.197s] Level 5:colcon.colcon_core.verb:set package 'cow_odom_publisher' build argument 'cmake_force_configure' from command line to 'False'
[0.197s] Level 5:colcon.colcon_core.verb:set package 'cow_odom_publisher' build argument 'ament_cmake_args' from command line to 'None'
[0.197s] Level 5:colcon.colcon_core.verb:set package 'cow_odom_publisher' build argument 'catkin_cmake_args' from command line to 'None'
[0.197s] Level 5:colcon.colcon_core.verb:set package 'cow_odom_publisher' build argument 'catkin_skip_building_tests' from command line to 'False'
[0.197s] DEBUG:colcon.colcon_core.verb:Building package 'cow_odom_publisher' with the following arguments: {'ament_cmake_args': None, 'build_base': '/home/kyw/vscode/slam_study/ros2_ws/build/cow_odom_publisher', 'catkin_cmake_args': None, 'catkin_skip_building_tests': False, 'cmake_args': None, 'cmake_clean_cache': False, 'cmake_clean_first': False, 'cmake_force_configure': False, 'cmake_target': None, 'cmake_target_skip_unavailable': False, 'install_base': '/home/kyw/vscode/slam_study/ros2_ws/install/cow_odom_publisher', 'merge_install': False, 'path': '/home/kyw/vscode/slam_study/ros2_ws/src/cow_odom_publisher', 'symlink_install': False, 'test_result_base': None}
[0.197s] Level 5:colcon.colcon_core.verb:set package 'robot_monitoring' build argument 'cmake_args' from command line to 'None'
[0.197s] Level 5:colcon.colcon_core.verb:set package 'robot_monitoring' build argument 'cmake_target' from command line to 'None'
[0.197s] Level 5:colcon.colcon_core.verb:set package 'robot_monitoring' build argument 'cmake_target_skip_unavailable' from command line to 'False'
[0.197s] Level 5:colcon.colcon_core.verb:set package 'robot_monitoring' build argument 'cmake_clean_cache' from command line to 'False'
[0.197s] Level 5:colcon.colcon_core.verb:set package 'robot_monitoring' build argument 'cmake_clean_first' from command line to 'False'
[0.197s] Level 5:colcon.colcon_core.verb:set package 'robot_monitoring' build argument 'cmake_force_configure' from command line to 'False'
[0.197s] Level 5:colcon.colcon_core.verb:set package 'robot_monitoring' build argument 'ament_cmake_args' from command line to 'None'
[0.197s] Level 5:colcon.colcon_core.verb:set package 'robot_monitoring' build argument 'catkin_cmake_args' from command line to 'None'
[0.197s] Level 5:colcon.colcon_core.verb:set package 'robot_monitoring' build argument 'catkin_skip_building_tests' from command line to 'False'
[0.197s] DEBUG:colcon.colcon_core.verb:Building package 'robot_monitoring' with the following arguments: {'ament_cmake_args': None, 'build_base': '/home/kyw/vscode/slam_study/ros2_ws/build/robot_monitoring', 'catkin_cmake_args': None, 'catkin_skip_building_tests': False, 'cmake_args': None, 'cmake_clean_cache': False, 'cmake_clean_first': False, 'cmake_force_configure': False, 'cmake_target': None, 'cmake_target_skip_unavailable': False, 'install_base': '/home/kyw/vscode/slam_study/ros2_ws/install/robot_monitoring', 'merge_install': False, 'path': '/home/kyw/vscode/slam_study/ros2_ws/src/robot_monitoring', 'symlink_install': False, 'test_result_base': None}
[0.197s] INFO:colcon.colcon_core.executor:Executing jobs using 'parallel' executor
[0.198s] DEBUG:colcon.colcon_parallel_executor.executor.parallel:run_until_complete
[0.198s] INFO:colcon.colcon_ros.task.ament_cmake.build:Building ROS package in '/home/kyw/vscode/slam_study/ros2_ws/src/cmdvel_to_serial_cpp' with build type 'ament_cmake'
[0.198s] INFO:colcon.colcon_cmake.task.cmake.build:Building CMake package in '/home/kyw/vscode/slam_study/ros2_ws/src/cmdvel_to_serial_cpp'
[0.206s] INFO:colcon.colcon_core.plugin_system:Skipping extension 'colcon_core.shell.bat': Not used on non-Windows systems
[0.207s] INFO:colcon.colcon_core.shell:Skip shell extension 'powershell' for command environment: Not usable outside of PowerShell
[0.207s] DEBUG:colcon.colcon_core.shell:Skip shell extension 'dsv' for command environment
[0.209s] INFO:colcon.colcon_ros.task.ament_cmake.build:Building ROS package in '/home/kyw/vscode/slam_study/ros2_ws/src/cow_odom_publisher' with build type 'ament_cmake'
[0.209s] INFO:colcon.colcon_cmake.task.cmake.build:Building CMake package in '/home/kyw/vscode/slam_study/ros2_ws/src/cow_odom_publisher'
[0.209s] INFO:colcon.colcon_core.shell:Skip shell extension 'powershell' for command environment: Not usable outside of PowerShell
[0.209s] DEBUG:colcon.colcon_core.shell:Skip shell extension 'dsv' for command environment
[0.211s] INFO:colcon.colcon_ros.task.ament_cmake.build:Building ROS package in '/home/kyw/vscode/slam_study/ros2_ws/src/robot_monitoring' with build type 'ament_cmake'
[0.211s] INFO:colcon.colcon_cmake.task.cmake.build:Building CMake package in '/home/kyw/vscode/slam_study/ros2_ws/src/robot_monitoring'
[0.211s] INFO:colcon.colcon_core.shell:Skip shell extension 'powershell' for command environment: Not usable outside of PowerShell
[0.211s] DEBUG:colcon.colcon_core.shell:Skip shell extension 'dsv' for command environment
[0.216s] DEBUG:colcon.colcon_core.event_handler.log_command:Invoking command in '/home/kyw/vscode/slam_study/ros2_ws/build/cmdvel_to_serial_cpp': CMAKE_PREFIX_PATH=${CMAKE_PREFIX_PATH}:/opt/ros/jazzy DEBUGINFOD_URLS=https://debuginfod.ubuntu.com /usr/bin/cmake /home/kyw/vscode/slam_study/ros2_ws/src/cmdvel_to_serial_cpp -DCMAKE_INSTALL_PREFIX=/home/kyw/vscode/slam_study/ros2_ws/install/cmdvel_to_serial_cpp
[0.218s] DEBUG:colcon.colcon_core.event_handler.log_command:Invoking command in '/home/kyw/vscode/slam_study/ros2_ws/build/cow_odom_publisher': CMAKE_PREFIX_PATH=${CMAKE_PREFIX_PATH}:/opt/ros/jazzy DEBUGINFOD_URLS=https://debuginfod.ubuntu.com /usr/bin/cmake /home/kyw/vscode/slam_study/ros2_ws/src/cow_odom_publisher -DCMAKE_INSTALL_PREFIX=/home/kyw/vscode/slam_study/ros2_ws/install/cow_odom_publisher
[0.220s] DEBUG:colcon.colcon_core.event_handler.log_command:Invoking command in '/home/kyw/vscode/slam_study/ros2_ws/build/robot_monitoring': CMAKE_PREFIX_PATH=${CMAKE_PREFIX_PATH}:/opt/ros/jazzy DEBUGINFOD_URLS=https://debuginfod.ubuntu.com /usr/bin/cmake /home/kyw/vscode/slam_study/ros2_ws/src/robot_monitoring -DCMAKE_INSTALL_PREFIX=/home/kyw/vscode/slam_study/ros2_ws/install/robot_monitoring
[1.509s] DEBUG:colcon.colcon_core.event_handler.log_command:Invoked command in '/home/kyw/vscode/slam_study/ros2_ws/build/cmdvel_to_serial_cpp' returned '0': CMAKE_PREFIX_PATH=${CMAKE_PREFIX_PATH}:/opt/ros/jazzy DEBUGINFOD_URLS=https://debuginfod.ubuntu.com /usr/bin/cmake /home/kyw/vscode/slam_study/ros2_ws/src/cmdvel_to_serial_cpp -DCMAKE_INSTALL_PREFIX=/home/kyw/vscode/slam_study/ros2_ws/install/cmdvel_to_serial_cpp
[1.510s] DEBUG:colcon.colcon_core.event_handler.log_command:Invoking command in '/home/kyw/vscode/slam_study/ros2_ws/build/cmdvel_to_serial_cpp': CMAKE_PREFIX_PATH=${CMAKE_PREFIX_PATH}:/opt/ros/jazzy DEBUGINFOD_URLS=https://debuginfod.ubuntu.com /usr/bin/cmake --build /home/kyw/vscode/slam_study/ros2_ws/build/cmdvel_to_serial_cpp -- -j4 -l4
[1.585s] DEBUG:colcon.colcon_core.event_handler.log_command:Invoked command in '/home/kyw/vscode/slam_study/ros2_ws/build/cow_odom_publisher' returned '1': CMAKE_PREFIX_PATH=${CMAKE_PREFIX_PATH}:/opt/ros/jazzy DEBUGINFOD_URLS=https://debuginfod.ubuntu.com /usr/bin/cmake /home/kyw/vscode/slam_study/ros2_ws/src/cow_odom_publisher -DCMAKE_INSTALL_PREFIX=/home/kyw/vscode/slam_study/ros2_ws/install/cow_odom_publisher
[1.593s] Level 1:colcon.colcon_core.environment:create_environment_scripts_only(cow_odom_publisher)
[1.599s] Level 1:colcon.colcon_core.environment:checking '/home/kyw/vscode/slam_study/ros2_ws/install/cow_odom_publisher' for CMake module files
[1.599s] Level 1:colcon.colcon_core.environment:checking '/home/kyw/vscode/slam_study/ros2_ws/install/cow_odom_publisher' for CMake config files
[1.599s] Level 1:colcon.colcon_core.environment:checking '/home/kyw/vscode/slam_study/ros2_ws/install/cow_odom_publisher/bin'
[1.599s] Level 1:colcon.colcon_core.environment:checking '/home/kyw/vscode/slam_study/ros2_ws/install/cow_odom_publisher/lib/pkgconfig/cow_odom_publisher.pc'
[1.600s] Level 1:colcon.colcon_core.environment:checking '/home/kyw/vscode/slam_study/ros2_ws/install/cow_odom_publisher/lib/python3.12/site-packages'
[1.600s] Level 1:colcon.colcon_core.environment:checking '/home/kyw/vscode/slam_study/ros2_ws/install/cow_odom_publisher/bin'
[1.600s] INFO:colcon.colcon_core.shell:Creating package script '/home/kyw/vscode/slam_study/ros2_ws/install/cow_odom_publisher/share/cow_odom_publisher/package.ps1'
[1.601s] INFO:colcon.colcon_core.shell:Creating package descriptor '/home/kyw/vscode/slam_study/ros2_ws/install/cow_odom_publisher/share/cow_odom_publisher/package.dsv'
[1.601s] INFO:colcon.colcon_core.shell:Creating package script '/home/kyw/vscode/slam_study/ros2_ws/install/cow_odom_publisher/share/cow_odom_publisher/package.sh'
[1.602s] INFO:colcon.colcon_core.shell:Creating package script '/home/kyw/vscode/slam_study/ros2_ws/install/cow_odom_publisher/share/cow_odom_publisher/package.bash'
[1.606s] INFO:colcon.colcon_core.shell:Creating package script '/home/kyw/vscode/slam_study/ros2_ws/install/cow_odom_publisher/share/cow_odom_publisher/package.zsh'
[1.607s] Level 1:colcon.colcon_core.environment:create_file_with_runtime_dependencies(/home/kyw/vscode/slam_study/ros2_ws/install/cow_odom_publisher/share/colcon-core/packages/cow_odom_publisher)
[6.579s] DEBUG:colcon.colcon_parallel_executor.executor.parallel:closing loop
[6.579s] DEBUG:colcon.colcon_parallel_executor.executor.parallel:loop closed
[6.579s] DEBUG:colcon.colcon_parallel_executor.executor.parallel:run_until_complete finished with '1'
[6.579s] DEBUG:colcon.colcon_core.event_reactor:joining thread
[6.585s] INFO:colcon.colcon_core.plugin_system:Skipping extension 'colcon_notification.desktop_notification.terminal_notifier': Not used on non-Darwin systems
[6.585s] INFO:colcon.colcon_core.plugin_system:Skipping extension 'colcon_notification.desktop_notification.win32': Not used on non-Windows systems
[6.585s] INFO:colcon.colcon_notification.desktop_notification:Sending desktop notification using 'notify2'
[6.602s] DEBUG:colcon.colcon_core.event_reactor:joined thread
[6.602s] INFO:colcon.colcon_core.shell:Creating prefix script '/home/kyw/vscode/slam_study/ros2_ws/install/local_setup.ps1'
[6.603s] INFO:colcon.colcon_core.shell:Creating prefix util module '/home/kyw/vscode/slam_study/ros2_ws/install/_local_setup_util_ps1.py'
[6.604s] INFO:colcon.colcon_core.shell:Creating prefix chain script '/home/kyw/vscode/slam_study/ros2_ws/install/setup.ps1'
[6.605s] INFO:colcon.colcon_core.shell:Creating prefix script '/home/kyw/vscode/slam_study/ros2_ws/install/local_setup.sh'
[6.606s] INFO:colcon.colcon_core.shell:Creating prefix util module '/home/kyw/vscode/slam_study/ros2_ws/install/_local_setup_util_sh.py'
[6.606s] INFO:colcon.colcon_core.shell:Creating prefix chain script '/home/kyw/vscode/slam_study/ros2_ws/install/setup.sh'
[6.608s] INFO:colcon.colcon_core.shell:Creating prefix script '/home/kyw/vscode/slam_study/ros2_ws/install/local_setup.bash'
[6.609s] INFO:colcon.colcon_core.shell:Creating prefix chain script '/home/kyw/vscode/slam_study/ros2_ws/install/setup.bash'
[6.610s] INFO:colcon.colcon_core.shell:Creating prefix script '/home/kyw/vscode/slam_study/ros2_ws/install/local_setup.zsh'
[6.612s] INFO:colcon.colcon_core.shell:Creating prefix chain script '/home/kyw/vscode/slam_study/ros2_ws/install/setup.zsh'
