[  2%] [34m[1mGenerating type hashes for ROS interfaces[0m
[  2%] Built target ament_cmake_python_copy_robot_monitoring
[  2%] Built target robot_monitoring__rosidl_generator_type_description
[  5%] [34m[1mGenerating C code for ROS interfaces[0m
running egg_info
creating robot_monitoring.egg-info
[  8%] [34m[1mGenerating C++ code for ROS interfaces[0m
writing robot_monitoring.egg-info/PKG-INFO
writing dependency_links to robot_monitoring.egg-info/dependency_links.txt
writing top-level names to robot_monitoring.egg-info/top_level.txt
writing manifest file 'robot_monitoring.egg-info/SOURCES.txt'
reading manifest file 'robot_monitoring.egg-info/SOURCES.txt'
writing manifest file 'robot_monitoring.egg-info/SOURCES.txt'
[  8%] Built target ament_cmake_python_build_robot_monitoring_egg
[  8%] Built target robot_monitoring__cpp
[ 16%] [32mBuilding C object CMakeFiles/robot_monitoring__rosidl_generator_c.dir/rosidl_generator_c/robot_monitoring/msg/detail/robot_status__functions.c.o[0m
[ 16%] [32mBuilding C object CMakeFiles/robot_monitoring__rosidl_generator_c.dir/rosidl_generator_c/robot_monitoring/msg/detail/robot_status__type_support.c.o[0m
[ 16%] [32mBuilding C object CMakeFiles/robot_monitoring__rosidl_generator_c.dir/rosidl_generator_c/robot_monitoring/msg/detail/robot_status__description.c.o[0m
[ 19%] [32m[1mLinking C shared library librobot_monitoring__rosidl_generator_c.so[0m
[ 19%] Built target robot_monitoring__rosidl_generator_c
[ 22%] [34m[1mGenerating C++ type support dispatch for ROS interfaces[0m
[ 25%] [34m[1mGenerating C introspection for ROS interfaces[0m
[ 27%] [34m[1mGenerating C type support for eProsima Fast-RTPS[0m
[ 30%] [34m[1mGenerating C++ type support for eProsima Fast-RTPS[0m
[ 33%] [32mBuilding CXX object CMakeFiles/robot_monitoring__rosidl_typesupport_cpp.dir/rosidl_typesupport_cpp/robot_monitoring/msg/robot_status__type_support.cpp.o[0m
[ 36%] [32mBuilding CXX object CMakeFiles/robot_monitoring__rosidl_typesupport_fastrtps_cpp.dir/rosidl_typesupport_fastrtps_cpp/robot_monitoring/msg/detail/dds_fastrtps/robot_status__type_support.cpp.o[0m
[ 38%] [32mBuilding C object CMakeFiles/robot_monitoring__rosidl_typesupport_introspection_c.dir/rosidl_typesupport_introspection_c/robot_monitoring/msg/detail/robot_status__type_support.c.o[0m
[ 41%] [32mBuilding CXX object CMakeFiles/robot_monitoring__rosidl_typesupport_fastrtps_c.dir/rosidl_typesupport_fastrtps_c/robot_monitoring/msg/detail/robot_status__type_support_c.cpp.o[0m
[ 44%] [32m[1mLinking C shared library librobot_monitoring__rosidl_typesupport_introspection_c.so[0m
[ 44%] Built target robot_monitoring__rosidl_typesupport_introspection_c
[ 47%] [34m[1mGenerating C type support dispatch for ROS interfaces[0m
[ 50%] [32m[1mLinking CXX shared library librobot_monitoring__rosidl_typesupport_cpp.so[0m
[ 50%] Built target robot_monitoring__rosidl_typesupport_cpp
[ 52%] [34m[1mGenerating C++ introspection for ROS interfaces[0m
[ 55%] [32mBuilding CXX object CMakeFiles/robot_monitoring__rosidl_typesupport_c.dir/rosidl_typesupport_c/robot_monitoring/msg/robot_status__type_support.cpp.o[0m
[ 58%] [32m[1mLinking CXX shared library librobot_monitoring__rosidl_typesupport_c.so[0m
[ 58%] Built target robot_monitoring__rosidl_typesupport_c
[ 61%] [32m[1mLinking CXX shared library librobot_monitoring__rosidl_typesupport_fastrtps_cpp.so[0m
[ 61%] Built target robot_monitoring__rosidl_typesupport_fastrtps_cpp
[ 63%] [32m[1mLinking CXX shared library librobot_monitoring__rosidl_typesupport_fastrtps_c.so[0m
[ 66%] [32mBuilding CXX object CMakeFiles/robot_monitoring__rosidl_typesupport_introspection_cpp.dir/rosidl_typesupport_introspection_cpp/robot_monitoring/msg/detail/robot_status__type_support.cpp.o[0m
[ 66%] Built target robot_monitoring__rosidl_typesupport_fastrtps_c
[ 69%] [32m[1mLinking CXX shared library librobot_monitoring__rosidl_typesupport_introspection_cpp.so[0m
[ 69%] Built target robot_monitoring__rosidl_typesupport_introspection_cpp
[ 69%] Built target robot_monitoring
[ 72%] [32mBuilding CXX object CMakeFiles/robot_monitor_node.dir/src/robot_monitor_node.cpp.o[0m
[ 75%] [34m[1mGenerating Python code for ROS interfaces[0m
[ 75%] Built target robot_monitoring__py
[ 77%] [32mBuilding C object CMakeFiles/robot_monitoring__rosidl_generator_py.dir/rosidl_generator_py/robot_monitoring/msg/_robot_status_s.c.o[0m
[ 80%] [32m[1mLinking C shared library librobot_monitoring__rosidl_generator_py.so[0m
[ 80%] Built target robot_monitoring__rosidl_generator_py
[ 83%] [32mBuilding C object CMakeFiles/robot_monitoring_s__rosidl_typesupport_c.dir/rosidl_generator_py/robot_monitoring/_robot_monitoring_s.ep.rosidl_typesupport_c.c.o[0m
[ 86%] [32mBuilding C object CMakeFiles/robot_monitoring_s__rosidl_typesupport_introspection_c.dir/rosidl_generator_py/robot_monitoring/_robot_monitoring_s.ep.rosidl_typesupport_introspection_c.c.o[0m
[ 88%] [32mBuilding C object CMakeFiles/robot_monitoring_s__rosidl_typesupport_fastrtps_c.dir/rosidl_generator_py/robot_monitoring/_robot_monitoring_s.ep.rosidl_typesupport_fastrtps_c.c.o[0m
[ 91%] [32m[1mLinking C shared module rosidl_generator_py/robot_monitoring/robot_monitoring_s__rosidl_typesupport_introspection_c.so[0m
[ 94%] [32m[1mLinking C shared module rosidl_generator_py/robot_monitoring/robot_monitoring_s__rosidl_typesupport_fastrtps_c.so[0m
[ 97%] [32m[1mLinking C shared module rosidl_generator_py/robot_monitoring/robot_monitoring_s__rosidl_typesupport_c.so[0m
[ 97%] Built target robot_monitoring_s__rosidl_typesupport_introspection_c
[ 97%] Built target robot_monitoring_s__rosidl_typesupport_fastrtps_c
[ 97%] Built target robot_monitoring_s__rosidl_typesupport_c
[100%] [32m[1mLinking CXX executable robot_monitor_node[0m
[100%] Built target robot_monitor_node
