[0.010s] Invoking command in '/home/kyw/vscode/slam_study/ros2_ws/build/robot_monitoring': CMAKE_PREFIX_PATH=${CMAKE_PREFIX_PATH}:/opt/ros/jazzy DEBUGINFOD_URLS=https://debuginfod.ubuntu.com /usr/bin/cmake --build /home/kyw/vscode/slam_study/ros2_ws/build/robot_monitoring -- -j4 -l4
[0.048s] [  2%] [34m[1mGenerating type hashes for ROS interfaces[0m
[0.053s] [  2%] Built target ament_cmake_python_copy_robot_monitoring
[0.183s] [  2%] Built target robot_monitoring__rosidl_generator_type_description
[0.189s] [  5%] [34m[1mGenerating C code for ROS interfaces[0m
[0.190s] running egg_info
[0.191s] creating robot_monitoring.egg-info
[0.198s] [  8%] [34m[1mGenerating C++ code for ROS interfaces[0m
[0.204s] writing robot_monitoring.egg-info/PKG-INFO
[0.204s] writing dependency_links to robot_monitoring.egg-info/dependency_links.txt
[0.204s] writing top-level names to robot_monitoring.egg-info/top_level.txt
[0.204s] writing manifest file 'robot_monitoring.egg-info/SOURCES.txt'
[0.237s] reading manifest file 'robot_monitoring.egg-info/SOURCES.txt'
[0.238s] writing manifest file 'robot_monitoring.egg-info/SOURCES.txt'
[0.260s] [  8%] Built target ament_cmake_python_build_robot_monitoring_egg
[0.360s] [  8%] Built target robot_monitoring__cpp
[0.375s] [ 16%] [32mBuilding C object CMakeFiles/robot_monitoring__rosidl_generator_c.dir/rosidl_generator_c/robot_monitoring/msg/detail/robot_status__functions.c.o[0m
[0.375s] [ 16%] [32mBuilding C object CMakeFiles/robot_monitoring__rosidl_generator_c.dir/rosidl_generator_c/robot_monitoring/msg/detail/robot_status__type_support.c.o[0m
[0.375s] [ 16%] [32mBuilding C object CMakeFiles/robot_monitoring__rosidl_generator_c.dir/rosidl_generator_c/robot_monitoring/msg/detail/robot_status__description.c.o[0m
[0.422s] [ 19%] [32m[1mLinking C shared library librobot_monitoring__rosidl_generator_c.so[0m
[0.444s] [ 19%] Built target robot_monitoring__rosidl_generator_c
[0.452s] [ 22%] [34m[1mGenerating C++ type support dispatch for ROS interfaces[0m
[0.452s] [ 25%] [34m[1mGenerating C introspection for ROS interfaces[0m
[0.453s] [ 27%] [34m[1mGenerating C type support for eProsima Fast-RTPS[0m
[0.455s] [ 30%] [34m[1mGenerating C++ type support for eProsima Fast-RTPS[0m
[0.603s] [ 33%] [32mBuilding CXX object CMakeFiles/robot_monitoring__rosidl_typesupport_cpp.dir/rosidl_typesupport_cpp/robot_monitoring/msg/robot_status__type_support.cpp.o[0m
[0.628s] [ 36%] [32mBuilding CXX object CMakeFiles/robot_monitoring__rosidl_typesupport_fastrtps_cpp.dir/rosidl_typesupport_fastrtps_cpp/robot_monitoring/msg/detail/dds_fastrtps/robot_status__type_support.cpp.o[0m
[0.657s] [ 38%] [32mBuilding C object CMakeFiles/robot_monitoring__rosidl_typesupport_introspection_c.dir/rosidl_typesupport_introspection_c/robot_monitoring/msg/detail/robot_status__type_support.c.o[0m
[0.673s] [ 41%] [32mBuilding CXX object CMakeFiles/robot_monitoring__rosidl_typesupport_fastrtps_c.dir/rosidl_typesupport_fastrtps_c/robot_monitoring/msg/detail/robot_status__type_support_c.cpp.o[0m
[0.683s] [ 44%] [32m[1mLinking C shared library librobot_monitoring__rosidl_typesupport_introspection_c.so[0m
[0.706s] [ 44%] Built target robot_monitoring__rosidl_typesupport_introspection_c
[0.712s] [ 47%] [34m[1mGenerating C type support dispatch for ROS interfaces[0m
[0.793s] [ 50%] [32m[1mLinking CXX shared library librobot_monitoring__rosidl_typesupport_cpp.so[0m
[0.822s] [ 50%] Built target robot_monitoring__rosidl_typesupport_cpp
[0.834s] [ 52%] [34m[1mGenerating C++ introspection for ROS interfaces[0m
[0.861s] [ 55%] [32mBuilding CXX object CMakeFiles/robot_monitoring__rosidl_typesupport_c.dir/rosidl_typesupport_c/robot_monitoring/msg/robot_status__type_support.cpp.o[0m
[0.890s] [ 58%] [32m[1mLinking CXX shared library librobot_monitoring__rosidl_typesupport_c.so[0m
[0.920s] [ 58%] Built target robot_monitoring__rosidl_typesupport_c
[0.937s] [ 61%] [32m[1mLinking CXX shared library librobot_monitoring__rosidl_typesupport_fastrtps_cpp.so[0m
[0.966s] [ 61%] Built target robot_monitoring__rosidl_typesupport_fastrtps_cpp
[0.967s] [ 63%] [32m[1mLinking CXX shared library librobot_monitoring__rosidl_typesupport_fastrtps_c.so[0m
[0.987s] [ 66%] [32mBuilding CXX object CMakeFiles/robot_monitoring__rosidl_typesupport_introspection_cpp.dir/rosidl_typesupport_introspection_cpp/robot_monitoring/msg/detail/robot_status__type_support.cpp.o[0m
[0.999s] [ 66%] Built target robot_monitoring__rosidl_typesupport_fastrtps_c
[1.146s] [ 69%] [32m[1mLinking CXX shared library librobot_monitoring__rosidl_typesupport_introspection_cpp.so[0m
[1.169s] [ 69%] Built target robot_monitoring__rosidl_typesupport_introspection_cpp
[1.180s] [ 69%] Built target robot_monitoring
[1.192s] [ 72%] [32mBuilding CXX object CMakeFiles/robot_monitor_node.dir/src/robot_monitor_node.cpp.o[0m
[1.192s] [ 75%] [34m[1mGenerating Python code for ROS interfaces[0m
[1.378s] [ 75%] Built target robot_monitoring__py
[1.390s] [ 77%] [32mBuilding C object CMakeFiles/robot_monitoring__rosidl_generator_py.dir/rosidl_generator_py/robot_monitoring/msg/_robot_status_s.c.o[0m
[1.493s] [ 80%] [32m[1mLinking C shared library librobot_monitoring__rosidl_generator_py.so[0m
[1.522s] [ 80%] Built target robot_monitoring__rosidl_generator_py
[1.535s] [ 83%] [32mBuilding C object CMakeFiles/robot_monitoring_s__rosidl_typesupport_c.dir/rosidl_generator_py/robot_monitoring/_robot_monitoring_s.ep.rosidl_typesupport_c.c.o[0m
[1.540s] [ 86%] [32mBuilding C object CMakeFiles/robot_monitoring_s__rosidl_typesupport_introspection_c.dir/rosidl_generator_py/robot_monitoring/_robot_monitoring_s.ep.rosidl_typesupport_introspection_c.c.o[0m
[1.541s] [ 88%] [32mBuilding C object CMakeFiles/robot_monitoring_s__rosidl_typesupport_fastrtps_c.dir/rosidl_generator_py/robot_monitoring/_robot_monitoring_s.ep.rosidl_typesupport_fastrtps_c.c.o[0m
[1.628s] [ 91%] [32m[1mLinking C shared module rosidl_generator_py/robot_monitoring/robot_monitoring_s__rosidl_typesupport_introspection_c.so[0m
[1.628s] [ 94%] [32m[1mLinking C shared module rosidl_generator_py/robot_monitoring/robot_monitoring_s__rosidl_typesupport_fastrtps_c.so[0m
[1.644s] [ 97%] [32m[1mLinking C shared module rosidl_generator_py/robot_monitoring/robot_monitoring_s__rosidl_typesupport_c.so[0m
[1.666s] [ 97%] Built target robot_monitoring_s__rosidl_typesupport_introspection_c
[1.681s] [ 97%] Built target robot_monitoring_s__rosidl_typesupport_fastrtps_c
[1.691s] [ 97%] Built target robot_monitoring_s__rosidl_typesupport_c
[4.585s] [100%] [32m[1mLinking CXX executable robot_monitor_node[0m
[4.711s] [100%] Built target robot_monitor_node
