[0.018s] Invoking command in '/home/kyw/vscode/slam_study/ros2_ws/build/cmdvel_to_serial_cpp': CMAKE_PREFIX_PATH=${CMAKE_PREFIX_PATH}:/opt/ros/jazzy DEBUGINFOD_URLS=https://debuginfod.ubuntu.com /usr/bin/cmake /home/kyw/vscode/slam_study/ros2_ws/src/cmdvel_to_serial_cpp -DCMAKE_INSTALL_PREFIX=/home/kyw/vscode/slam_study/ros2_ws/install/cmdvel_to_serial_cpp
[0.170s] -- The C compiler identification is GNU 13.3.0
[0.281s] -- The CXX compiler identification is GNU 13.3.0
[0.300s] -- Detecting C compiler ABI info
[0.375s] -- Detecting C compiler ABI info - done
[0.383s] -- Check for working C compiler: /usr/bin/cc - skipped
[0.384s] -- Detecting C compile features
[0.384s] -- Detecting C compile features - done
[0.391s] -- Detecting CXX compiler ABI info
[0.460s] -- Detecting CXX compiler ABI info - done
[0.468s] -- Check for working CXX compiler: /usr/bin/c++ - skipped
[0.468s] -- Detecting CXX compile features
[0.469s] -- Detecting CXX compile features - done
[0.483s] -- Found ament_cmake: 2.5.4 (/opt/ros/jazzy/share/ament_cmake/cmake)
[0.591s] -- Found Python3: /usr/bin/python3 (found version "3.12.3") found components: Interpreter 
[0.708s] -- Found rclcpp: 28.1.9 (/opt/ros/jazzy/share/rclcpp/cmake)
[0.773s] -- Found rosidl_generator_c: 4.6.5 (/opt/ros/jazzy/share/rosidl_generator_c/cmake)
[0.789s] -- Found rosidl_generator_cpp: 4.6.5 (/opt/ros/jazzy/share/rosidl_generator_cpp/cmake)
[0.818s] -- Using all available rosidl_typesupport_c: rosidl_typesupport_fastrtps_c;rosidl_typesupport_introspection_c
[0.842s] -- Using all available rosidl_typesupport_cpp: rosidl_typesupport_fastrtps_cpp;rosidl_typesupport_introspection_cpp
[0.938s] -- Found rmw_implementation_cmake: 7.3.2 (/opt/ros/jazzy/share/rmw_implementation_cmake/cmake)
[0.944s] -- Found rmw_fastrtps_cpp: 8.4.2 (/opt/ros/jazzy/share/rmw_fastrtps_cpp/cmake)
[1.035s] -- Found OpenSSL: /usr/lib/aarch64-linux-gnu/libcrypto.so (found version "3.0.13")  
[1.053s] -- Found FastRTPS: /opt/ros/jazzy/include (Required is at least version "2.13") 
[1.070s] -- Using RMW implementation 'rmw_fastrtps_cpp' as default
[1.160s] -- Found geometry_msgs: 5.3.6 (/opt/ros/jazzy/share/geometry_msgs/cmake)
[1.191s] -- Found ament_lint_auto: 0.17.2 (/opt/ros/jazzy/share/ament_lint_auto/cmake)
[1.285s] -- Added test 'cppcheck' to perform static code analysis on C / C++ code
[1.285s] -- Configured cppcheck include dirs: 
[1.285s] -- Configured cppcheck exclude dirs and/or files: 
[1.286s] -- Added test 'lint_cmake' to check CMake code style
[1.287s] -- Added test 'uncrustify' to check C / C++ code style
[1.287s] -- Configured uncrustify additional arguments: 
[1.288s] -- Added test 'xmllint' to check XML markup files
[1.290s] -- Configuring done (1.2s)
[1.299s] -- Generating done (0.0s)
[1.302s] -- Build files have been written to: /home/kyw/vscode/slam_study/ros2_ws/build/cmdvel_to_serial_cpp
[1.311s] Invoked command in '/home/kyw/vscode/slam_study/ros2_ws/build/cmdvel_to_serial_cpp' returned '0': CMAKE_PREFIX_PATH=${CMAKE_PREFIX_PATH}:/opt/ros/jazzy DEBUGINFOD_URLS=https://debuginfod.ubuntu.com /usr/bin/cmake /home/kyw/vscode/slam_study/ros2_ws/src/cmdvel_to_serial_cpp -DCMAKE_INSTALL_PREFIX=/home/kyw/vscode/slam_study/ros2_ws/install/cmdvel_to_serial_cpp
[1.312s] Invoking command in '/home/kyw/vscode/slam_study/ros2_ws/build/cmdvel_to_serial_cpp': CMAKE_PREFIX_PATH=${CMAKE_PREFIX_PATH}:/opt/ros/jazzy DEBUGINFOD_URLS=https://debuginfod.ubuntu.com /usr/bin/cmake --build /home/kyw/vscode/slam_study/ros2_ws/build/cmdvel_to_serial_cpp -- -j4 -l4
[1.344s] [ 50%] [32mBuilding CXX object CMakeFiles/cmdvel_to_serial.dir/src/cmdvel_to_serial.cpp.o[0m
[6.141s] [100%] [32m[1mLinking CXX executable cmdvel_to_serial[0m
[6.363s] [100%] Built target cmdvel_to_serial
