[0.010s] Invoking command in '/home/kyw/vscode/slam_study/ros2_ws/build/cow_odom_publisher': CMAKE_PREFIX_PATH=${CMAKE_PREFIX_PATH}:/opt/ros/jazzy DEBUGINFOD_URLS=https://debuginfod.ubuntu.com /usr/bin/cmake /home/kyw/vscode/slam_study/ros2_ws/src/cow_odom_publisher -DCMAKE_INSTALL_PREFIX=/home/kyw/vscode/slam_study/ros2_ws/install/cow_odom_publisher
[0.022s] -- Found ament_cmake: 2.5.4 (/opt/ros/jazzy/share/ament_cmake/cmake)
[0.202s] -- Found rclcpp: 28.1.9 (/opt/ros/jazzy/share/rclcpp/cmake)
[0.224s] -- Found rosidl_generator_c: 4.6.5 (/opt/ros/jazzy/share/rosidl_generator_c/cmake)
[0.231s] -- Found rosidl_generator_cpp: 4.6.5 (/opt/ros/jazzy/share/rosidl_generator_cpp/cmake)
[0.240s] -- Using all available rosidl_typesupport_c: rosidl_typesupport_fastrtps_c;rosidl_typesupport_introspection_c
[0.250s] -- Using all available rosidl_typesupport_cpp: rosidl_typesupport_fastrtps_cpp;rosidl_typesupport_introspection_cpp
[0.300s] -- Found rmw_implementation_cmake: 7.3.2 (/opt/ros/jazzy/share/rmw_implementation_cmake/cmake)
[0.301s] -- Found rmw_fastrtps_cpp: 8.4.2 (/opt/ros/jazzy/share/rmw_fastrtps_cpp/cmake)
[0.352s] -- Using RMW implementation 'rmw_fastrtps_cpp' as default
[0.394s] -- Found nav_msgs: 5.3.6 (/opt/ros/jazzy/share/nav_msgs/cmake)
[0.435s] -- Found tf2_ros: 0.36.11 (/opt/ros/jazzy/share/tf2_ros/cmake)
[0.507s] -- Found robot_monitoring: 0.0.0 (/home/kyw/vscode/slam_study/ros2_ws/install/robot_monitoring/share/robot_monitoring/cmake)
[0.518s] -- Found tf2_geometry_msgs: 0.36.11 (/opt/ros/jazzy/share/tf2_geometry_msgs/cmake)
[0.537s] -- Found eigen3_cmake_module: 0.3.0 (/opt/ros/jazzy/share/eigen3_cmake_module/cmake)
[0.539s] -- Found Eigen3: TRUE (found version "3.4.0") 
[0.539s] -- Ensuring Eigen3 include directory is part of orocos-kdl CMake target
[0.542s] -- Found sensor_msgs: 5.3.6 (/opt/ros/jazzy/share/sensor_msgs/cmake)
[0.567s] -- Found ament_lint_auto: 0.17.2 (/opt/ros/jazzy/share/ament_lint_auto/cmake)
[0.639s] -- Added test 'cppcheck' to perform static code analysis on C / C++ code
[0.639s] -- Configured cppcheck include dirs: 
[0.639s] -- Configured cppcheck exclude dirs and/or files: 
[0.639s] -- Added test 'flake8' to check Python code syntax and style conventions
[0.639s] -- Configured 'flake8' exclude dirs and/or files: 
[0.640s] -- Added test 'lint_cmake' to check CMake code style
[0.640s] -- Added test 'pep257' to check Python code against some of the docstring style conventions in PEP 257
[0.641s] -- Added test 'uncrustify' to check C / C++ code style
[0.641s] -- Configured uncrustify additional arguments: 
[0.642s] -- Added test 'xmllint' to check XML markup files
[0.643s] -- Configuring done (0.6s)
[0.657s] -- Generating done (0.0s)
[0.660s] -- Build files have been written to: /home/kyw/vscode/slam_study/ros2_ws/build/cow_odom_publisher
[0.665s] Invoked command in '/home/kyw/vscode/slam_study/ros2_ws/build/cow_odom_publisher' returned '0': CMAKE_PREFIX_PATH=${CMAKE_PREFIX_PATH}:/opt/ros/jazzy DEBUGINFOD_URLS=https://debuginfod.ubuntu.com /usr/bin/cmake /home/kyw/vscode/slam_study/ros2_ws/src/cow_odom_publisher -DCMAKE_INSTALL_PREFIX=/home/kyw/vscode/slam_study/ros2_ws/install/cow_odom_publisher
[0.666s] Invoking command in '/home/kyw/vscode/slam_study/ros2_ws/build/cow_odom_publisher': CMAKE_PREFIX_PATH=${CMAKE_PREFIX_PATH}:/opt/ros/jazzy DEBUGINFOD_URLS=https://debuginfod.ubuntu.com /usr/bin/cmake --build /home/kyw/vscode/slam_study/ros2_ws/build/cow_odom_publisher -- -j4 -l4
[0.703s] [ 50%] [32mBuilding CXX object CMakeFiles/cow_odom_publisher.dir/src/cow_odom_publisher.cpp.o[0m
[5.791s] [100%] [32m[1mLinking CXX executable cow_odom_publisher[0m
[6.077s] [100%] Built target cow_odom_publisher
[6.085s] Invoked command in '/home/kyw/vscode/slam_study/ros2_ws/build/cow_odom_publisher' returned '0': CMAKE_PREFIX_PATH=${CMAKE_PREFIX_PATH}:/opt/ros/jazzy DEBUGINFOD_URLS=https://debuginfod.ubuntu.com /usr/bin/cmake --build /home/kyw/vscode/slam_study/ros2_ws/build/cow_odom_publisher -- -j4 -l4
[6.085s] Invoking command in '/home/kyw/vscode/slam_study/ros2_ws/build/cow_odom_publisher': CMAKE_PREFIX_PATH=${CMAKE_PREFIX_PATH}:/opt/ros/jazzy DEBUGINFOD_URLS=https://debuginfod.ubuntu.com /usr/bin/cmake --install /home/kyw/vscode/slam_study/ros2_ws/build/cow_odom_publisher
[6.091s] -- Install configuration: ""
[6.091s] -- Installing: /home/kyw/vscode/slam_study/ros2_ws/install/cow_odom_publisher/lib/cow_odom_publisher/cow_odom_publisher
[6.094s] -- Set non-toolchain portion of runtime path of "/home/kyw/vscode/slam_study/ros2_ws/install/cow_odom_publisher/lib/cow_odom_publisher/cow_odom_publisher" to ""
[6.094s] -- Installing: /home/kyw/vscode/slam_study/ros2_ws/install/cow_odom_publisher/share/cow_odom_publisher/launch
[6.094s] -- Installing: /home/kyw/vscode/slam_study/ros2_ws/install/cow_odom_publisher/share/cow_odom_publisher/launch/ekf_localization.launch.py
[6.094s] -- Installing: /home/kyw/vscode/slam_study/ros2_ws/install/cow_odom_publisher/share/cow_odom_publisher/launch/cow.launch.py
[6.094s] -- Installing: /home/kyw/vscode/slam_study/ros2_ws/install/cow_odom_publisher/share/ament_index/resource_index/package_run_dependencies/cow_odom_publisher
[6.094s] -- Installing: /home/kyw/vscode/slam_study/ros2_ws/install/cow_odom_publisher/share/ament_index/resource_index/parent_prefix_path/cow_odom_publisher
[6.094s] -- Installing: /home/kyw/vscode/slam_study/ros2_ws/install/cow_odom_publisher/share/cow_odom_publisher/environment/ament_prefix_path.sh
[6.094s] -- Installing: /home/kyw/vscode/slam_study/ros2_ws/install/cow_odom_publisher/share/cow_odom_publisher/environment/ament_prefix_path.dsv
[6.094s] -- Installing: /home/kyw/vscode/slam_study/ros2_ws/install/cow_odom_publisher/share/cow_odom_publisher/environment/path.sh
[6.094s] -- Installing: /home/kyw/vscode/slam_study/ros2_ws/install/cow_odom_publisher/share/cow_odom_publisher/environment/path.dsv
[6.094s] -- Installing: /home/kyw/vscode/slam_study/ros2_ws/install/cow_odom_publisher/share/cow_odom_publisher/local_setup.bash
[6.094s] -- Installing: /home/kyw/vscode/slam_study/ros2_ws/install/cow_odom_publisher/share/cow_odom_publisher/local_setup.sh
[6.095s] -- Installing: /home/kyw/vscode/slam_study/ros2_ws/install/cow_odom_publisher/share/cow_odom_publisher/local_setup.zsh
[6.095s] -- Installing: /home/kyw/vscode/slam_study/ros2_ws/install/cow_odom_publisher/share/cow_odom_publisher/local_setup.dsv
[6.095s] -- Installing: /home/kyw/vscode/slam_study/ros2_ws/install/cow_odom_publisher/share/cow_odom_publisher/package.dsv
[6.095s] -- Installing: /home/kyw/vscode/slam_study/ros2_ws/install/cow_odom_publisher/share/ament_index/resource_index/packages/cow_odom_publisher
[6.095s] -- Installing: /home/kyw/vscode/slam_study/ros2_ws/install/cow_odom_publisher/share/cow_odom_publisher/cmake/cow_odom_publisherConfig.cmake
[6.095s] -- Installing: /home/kyw/vscode/slam_study/ros2_ws/install/cow_odom_publisher/share/cow_odom_publisher/cmake/cow_odom_publisherConfig-version.cmake
[6.095s] -- Installing: /home/kyw/vscode/slam_study/ros2_ws/install/cow_odom_publisher/share/cow_odom_publisher/package.xml
[6.096s] Invoked command in '/home/kyw/vscode/slam_study/ros2_ws/build/cow_odom_publisher' returned '0': CMAKE_PREFIX_PATH=${CMAKE_PREFIX_PATH}:/opt/ros/jazzy DEBUGINFOD_URLS=https://debuginfod.ubuntu.com /usr/bin/cmake --install /home/kyw/vscode/slam_study/ros2_ws/build/cow_odom_publisher
