[0.009s] Invoking command in '/home/kyw/vscode/slam_study/ros2_ws/build/robot_monitoring': CMAKE_PREFIX_PATH=${CMAKE_PREFIX_PATH}:/opt/ros/jazzy DEBUGINFOD_URLS=https://debuginfod.ubuntu.com /usr/bin/cmake --build /home/kyw/vscode/slam_study/ros2_ws/build/robot_monitoring -- -j4 -l4
[0.044s] [  2%] Built target robot_monitoring__rosidl_generator_type_description
[0.050s] [  2%] Built target ament_cmake_python_copy_robot_monitoring
[0.056s] [  5%] Built target robot_monitoring__cpp
[0.057s] [ 19%] Built target robot_monitoring__rosidl_generator_c
[0.071s] [ 27%] Built target robot_monitoring__rosidl_typesupport_cpp
[0.072s] [ 36%] Built target robot_monitoring__rosidl_typesupport_fastrtps_cpp
[0.077s] [ 44%] Built target robot_monitoring__rosidl_typesupport_fastrtps_c
[0.085s] [ 52%] Built target robot_monitoring__rosidl_typesupport_c
[0.087s] [ 61%] Built target robot_monitoring__rosidl_typesupport_introspection_c
[0.092s] [ 69%] Built target robot_monitoring__rosidl_typesupport_introspection_cpp
[0.107s] [ 69%] Built target robot_monitoring
[0.119s] [ 72%] Built target robot_monitoring__py
[0.126s] [ 77%] Built target robot_monitor_node
[0.134s] [ 83%] Built target robot_monitoring__rosidl_generator_py
[0.150s] [ 94%] Built target robot_monitoring_s__rosidl_typesupport_introspection_c
[0.150s] [ 94%] Built target robot_monitoring_s__rosidl_typesupport_fastrtps_c
[0.153s] [100%] Built target robot_monitoring_s__rosidl_typesupport_c
[0.182s] running egg_info
[0.191s] writing robot_monitoring.egg-info/PKG-INFO
[0.191s] writing dependency_links to robot_monitoring.egg-info/dependency_links.txt
[0.191s] writing top-level names to robot_monitoring.egg-info/top_level.txt
[0.220s] reading manifest file 'robot_monitoring.egg-info/SOURCES.txt'
[0.220s] writing manifest file 'robot_monitoring.egg-info/SOURCES.txt'
[0.237s] [100%] Built target ament_cmake_python_build_robot_monitoring_egg
[0.244s] Invoked command in '/home/kyw/vscode/slam_study/ros2_ws/build/robot_monitoring' returned '0': CMAKE_PREFIX_PATH=${CMAKE_PREFIX_PATH}:/opt/ros/jazzy DEBUGINFOD_URLS=https://debuginfod.ubuntu.com /usr/bin/cmake --build /home/kyw/vscode/slam_study/ros2_ws/build/robot_monitoring -- -j4 -l4
[0.251s] Invoking command in '/home/kyw/vscode/slam_study/ros2_ws/build/robot_monitoring': CMAKE_PREFIX_PATH=${CMAKE_PREFIX_PATH}:/opt/ros/jazzy DEBUGINFOD_URLS=https://debuginfod.ubuntu.com /usr/bin/cmake --install /home/kyw/vscode/slam_study/ros2_ws/build/robot_monitoring
[0.256s] -- Install configuration: ""
[0.256s] -- Installing: /home/kyw/vscode/slam_study/ros2_ws/install/robot_monitoring/share/ament_index/resource_index/rosidl_interfaces/robot_monitoring
[0.257s] -- Installing: /home/kyw/vscode/slam_study/ros2_ws/install/robot_monitoring/share/robot_monitoring/msg/RobotStatus.json
[0.257s] -- Installing: /home/kyw/vscode/slam_study/ros2_ws/install/robot_monitoring/include/robot_monitoring/robot_monitoring
[0.257s] -- Installing: /home/kyw/vscode/slam_study/ros2_ws/install/robot_monitoring/include/robot_monitoring/robot_monitoring/msg
[0.257s] -- Installing: /home/kyw/vscode/slam_study/ros2_ws/install/robot_monitoring/include/robot_monitoring/robot_monitoring/msg/robot_status.h
[0.257s] -- Installing: /home/kyw/vscode/slam_study/ros2_ws/install/robot_monitoring/include/robot_monitoring/robot_monitoring/msg/rosidl_generator_c__visibility_control.h
[0.257s] -- Installing: /home/kyw/vscode/slam_study/ros2_ws/install/robot_monitoring/include/robot_monitoring/robot_monitoring/msg/detail
[0.257s] -- Installing: /home/kyw/vscode/slam_study/ros2_ws/install/robot_monitoring/include/robot_monitoring/robot_monitoring/msg/detail/robot_status__type_support.h
[0.257s] -- Installing: /home/kyw/vscode/slam_study/ros2_ws/install/robot_monitoring/include/robot_monitoring/robot_monitoring/msg/detail/robot_status__type_support.c
[0.257s] -- Installing: /home/kyw/vscode/slam_study/ros2_ws/install/robot_monitoring/include/robot_monitoring/robot_monitoring/msg/detail/robot_status__description.c
[0.257s] -- Installing: /home/kyw/vscode/slam_study/ros2_ws/install/robot_monitoring/include/robot_monitoring/robot_monitoring/msg/detail/robot_status__functions.c
[0.257s] -- Installing: /home/kyw/vscode/slam_study/ros2_ws/install/robot_monitoring/include/robot_monitoring/robot_monitoring/msg/detail/robot_status__struct.h
[0.258s] -- Installing: /home/kyw/vscode/slam_study/ros2_ws/install/robot_monitoring/include/robot_monitoring/robot_monitoring/msg/detail/robot_status__functions.h
[0.258s] -- Installing: /home/kyw/vscode/slam_study/ros2_ws/install/robot_monitoring/share/robot_monitoring/environment/library_path.sh
[0.258s] -- Installing: /home/kyw/vscode/slam_study/ros2_ws/install/robot_monitoring/share/robot_monitoring/environment/library_path.dsv
[0.258s] -- Installing: /home/kyw/vscode/slam_study/ros2_ws/install/robot_monitoring/lib/librobot_monitoring__rosidl_generator_c.so
[0.258s] -- Set non-toolchain portion of runtime path of "/home/kyw/vscode/slam_study/ros2_ws/install/robot_monitoring/lib/librobot_monitoring__rosidl_generator_c.so" to ""
[0.258s] -- Up-to-date: /home/kyw/vscode/slam_study/ros2_ws/install/robot_monitoring/include/robot_monitoring/robot_monitoring
[0.258s] -- Up-to-date: /home/kyw/vscode/slam_study/ros2_ws/install/robot_monitoring/include/robot_monitoring/robot_monitoring/msg
[0.258s] -- Up-to-date: /home/kyw/vscode/slam_study/ros2_ws/install/robot_monitoring/include/robot_monitoring/robot_monitoring/msg/detail
[0.258s] -- Installing: /home/kyw/vscode/slam_study/ros2_ws/install/robot_monitoring/include/robot_monitoring/robot_monitoring/msg/detail/robot_status__rosidl_typesupport_fastrtps_c.h
[0.258s] -- Installing: /home/kyw/vscode/slam_study/ros2_ws/install/robot_monitoring/include/robot_monitoring/robot_monitoring/msg/rosidl_typesupport_fastrtps_c__visibility_control.h
[0.258s] -- Installing: /home/kyw/vscode/slam_study/ros2_ws/install/robot_monitoring/lib/librobot_monitoring__rosidl_typesupport_fastrtps_c.so
[0.258s] -- Set non-toolchain portion of runtime path of "/home/kyw/vscode/slam_study/ros2_ws/install/robot_monitoring/lib/librobot_monitoring__rosidl_typesupport_fastrtps_c.so" to ""
[0.258s] -- Up-to-date: /home/kyw/vscode/slam_study/ros2_ws/install/robot_monitoring/include/robot_monitoring/robot_monitoring
[0.259s] -- Up-to-date: /home/kyw/vscode/slam_study/ros2_ws/install/robot_monitoring/include/robot_monitoring/robot_monitoring/msg
[0.259s] -- Installing: /home/kyw/vscode/slam_study/ros2_ws/install/robot_monitoring/include/robot_monitoring/robot_monitoring/msg/robot_status.hpp
[0.259s] -- Installing: /home/kyw/vscode/slam_study/ros2_ws/install/robot_monitoring/include/robot_monitoring/robot_monitoring/msg/rosidl_generator_cpp__visibility_control.hpp
[0.259s] -- Up-to-date: /home/kyw/vscode/slam_study/ros2_ws/install/robot_monitoring/include/robot_monitoring/robot_monitoring/msg/detail
[0.259s] -- Installing: /home/kyw/vscode/slam_study/ros2_ws/install/robot_monitoring/include/robot_monitoring/robot_monitoring/msg/detail/robot_status__type_support.hpp
[0.259s] -- Installing: /home/kyw/vscode/slam_study/ros2_ws/install/robot_monitoring/include/robot_monitoring/robot_monitoring/msg/detail/robot_status__builder.hpp
[0.259s] -- Installing: /home/kyw/vscode/slam_study/ros2_ws/install/robot_monitoring/include/robot_monitoring/robot_monitoring/msg/detail/robot_status__traits.hpp
[0.259s] -- Installing: /home/kyw/vscode/slam_study/ros2_ws/install/robot_monitoring/include/robot_monitoring/robot_monitoring/msg/detail/robot_status__struct.hpp
[0.259s] -- Up-to-date: /home/kyw/vscode/slam_study/ros2_ws/install/robot_monitoring/include/robot_monitoring/robot_monitoring
[0.259s] -- Up-to-date: /home/kyw/vscode/slam_study/ros2_ws/install/robot_monitoring/include/robot_monitoring/robot_monitoring/msg
[0.259s] -- Installing: /home/kyw/vscode/slam_study/ros2_ws/install/robot_monitoring/include/robot_monitoring/robot_monitoring/msg/rosidl_typesupport_fastrtps_cpp__visibility_control.h
[0.259s] -- Up-to-date: /home/kyw/vscode/slam_study/ros2_ws/install/robot_monitoring/include/robot_monitoring/robot_monitoring/msg/detail
[0.259s] -- Installing: /home/kyw/vscode/slam_study/ros2_ws/install/robot_monitoring/include/robot_monitoring/robot_monitoring/msg/detail/dds_fastrtps
[0.259s] -- Installing: /home/kyw/vscode/slam_study/ros2_ws/install/robot_monitoring/include/robot_monitoring/robot_monitoring/msg/detail/robot_status__rosidl_typesupport_fastrtps_cpp.hpp
[0.259s] -- Installing: /home/kyw/vscode/slam_study/ros2_ws/install/robot_monitoring/lib/librobot_monitoring__rosidl_typesupport_fastrtps_cpp.so
[0.259s] -- Set non-toolchain portion of runtime path of "/home/kyw/vscode/slam_study/ros2_ws/install/robot_monitoring/lib/librobot_monitoring__rosidl_typesupport_fastrtps_cpp.so" to ""
[0.259s] -- Up-to-date: /home/kyw/vscode/slam_study/ros2_ws/install/robot_monitoring/include/robot_monitoring/robot_monitoring
[0.260s] -- Up-to-date: /home/kyw/vscode/slam_study/ros2_ws/install/robot_monitoring/include/robot_monitoring/robot_monitoring/msg
[0.260s] -- Installing: /home/kyw/vscode/slam_study/ros2_ws/install/robot_monitoring/include/robot_monitoring/robot_monitoring/msg/rosidl_typesupport_introspection_c__visibility_control.h
[0.260s] -- Up-to-date: /home/kyw/vscode/slam_study/ros2_ws/install/robot_monitoring/include/robot_monitoring/robot_monitoring/msg/detail
[0.260s] -- Up-to-date: /home/kyw/vscode/slam_study/ros2_ws/install/robot_monitoring/include/robot_monitoring/robot_monitoring/msg/detail/robot_status__type_support.c
[0.260s] -- Installing: /home/kyw/vscode/slam_study/ros2_ws/install/robot_monitoring/include/robot_monitoring/robot_monitoring/msg/detail/robot_status__rosidl_typesupport_introspection_c.h
[0.260s] -- Installing: /home/kyw/vscode/slam_study/ros2_ws/install/robot_monitoring/lib/librobot_monitoring__rosidl_typesupport_introspection_c.so
[0.260s] -- Set non-toolchain portion of runtime path of "/home/kyw/vscode/slam_study/ros2_ws/install/robot_monitoring/lib/librobot_monitoring__rosidl_typesupport_introspection_c.so" to ""
[0.260s] -- Installing: /home/kyw/vscode/slam_study/ros2_ws/install/robot_monitoring/lib/librobot_monitoring__rosidl_typesupport_c.so
[0.260s] -- Set non-toolchain portion of runtime path of "/home/kyw/vscode/slam_study/ros2_ws/install/robot_monitoring/lib/librobot_monitoring__rosidl_typesupport_c.so" to ""
[0.260s] -- Up-to-date: /home/kyw/vscode/slam_study/ros2_ws/install/robot_monitoring/include/robot_monitoring/robot_monitoring
[0.260s] -- Up-to-date: /home/kyw/vscode/slam_study/ros2_ws/install/robot_monitoring/include/robot_monitoring/robot_monitoring/msg
[0.260s] -- Up-to-date: /home/kyw/vscode/slam_study/ros2_ws/install/robot_monitoring/include/robot_monitoring/robot_monitoring/msg/detail
[0.260s] -- Installing: /home/kyw/vscode/slam_study/ros2_ws/install/robot_monitoring/include/robot_monitoring/robot_monitoring/msg/detail/robot_status__rosidl_typesupport_introspection_cpp.hpp
[0.260s] -- Installing: /home/kyw/vscode/slam_study/ros2_ws/install/robot_monitoring/include/robot_monitoring/robot_monitoring/msg/detail/robot_status__type_support.cpp
[0.260s] -- Installing: /home/kyw/vscode/slam_study/ros2_ws/install/robot_monitoring/lib/librobot_monitoring__rosidl_typesupport_introspection_cpp.so
[0.261s] -- Set non-toolchain portion of runtime path of "/home/kyw/vscode/slam_study/ros2_ws/install/robot_monitoring/lib/librobot_monitoring__rosidl_typesupport_introspection_cpp.so" to ""
[0.261s] -- Installing: /home/kyw/vscode/slam_study/ros2_ws/install/robot_monitoring/lib/librobot_monitoring__rosidl_typesupport_cpp.so
[0.261s] -- Set non-toolchain portion of runtime path of "/home/kyw/vscode/slam_study/ros2_ws/install/robot_monitoring/lib/librobot_monitoring__rosidl_typesupport_cpp.so" to ""
[0.261s] -- Installing: /home/kyw/vscode/slam_study/ros2_ws/install/robot_monitoring/share/robot_monitoring/environment/pythonpath.sh
[0.261s] -- Installing: /home/kyw/vscode/slam_study/ros2_ws/install/robot_monitoring/share/robot_monitoring/environment/pythonpath.dsv
[0.261s] -- Installing: /home/kyw/vscode/slam_study/ros2_ws/install/robot_monitoring/lib/python3.12/site-packages/robot_monitoring-0.0.0-py3.12.egg-info
[0.261s] -- Installing: /home/kyw/vscode/slam_study/ros2_ws/install/robot_monitoring/lib/python3.12/site-packages/robot_monitoring-0.0.0-py3.12.egg-info/SOURCES.txt
[0.261s] -- Installing: /home/kyw/vscode/slam_study/ros2_ws/install/robot_monitoring/lib/python3.12/site-packages/robot_monitoring-0.0.0-py3.12.egg-info/dependency_links.txt
[0.261s] -- Installing: /home/kyw/vscode/slam_study/ros2_ws/install/robot_monitoring/lib/python3.12/site-packages/robot_monitoring-0.0.0-py3.12.egg-info/PKG-INFO
[0.262s] -- Installing: /home/kyw/vscode/slam_study/ros2_ws/install/robot_monitoring/lib/python3.12/site-packages/robot_monitoring-0.0.0-py3.12.egg-info/top_level.txt
[0.262s] -- Installing: /home/kyw/vscode/slam_study/ros2_ws/install/robot_monitoring/lib/python3.12/site-packages/robot_monitoring
[0.262s] -- Installing: /home/kyw/vscode/slam_study/ros2_ws/install/robot_monitoring/lib/python3.12/site-packages/robot_monitoring/_robot_monitoring_s.ep.rosidl_typesupport_fastrtps_c.c
[0.262s] -- Installing: /home/kyw/vscode/slam_study/ros2_ws/install/robot_monitoring/lib/python3.12/site-packages/robot_monitoring/_robot_monitoring_s.ep.rosidl_typesupport_c.c
[0.262s] -- Installing: /home/kyw/vscode/slam_study/ros2_ws/install/robot_monitoring/lib/python3.12/site-packages/robot_monitoring/robot_monitoring_s__rosidl_typesupport_introspection_c.so
[0.262s] -- Installing: /home/kyw/vscode/slam_study/ros2_ws/install/robot_monitoring/lib/python3.12/site-packages/robot_monitoring/robot_monitoring_s__rosidl_typesupport_fastrtps_c.so
[0.262s] -- Installing: /home/kyw/vscode/slam_study/ros2_ws/install/robot_monitoring/lib/python3.12/site-packages/robot_monitoring/msg
[0.262s] -- Installing: /home/kyw/vscode/slam_study/ros2_ws/install/robot_monitoring/lib/python3.12/site-packages/robot_monitoring/msg/_robot_status_s.c
[0.262s] -- Installing: /home/kyw/vscode/slam_study/ros2_ws/install/robot_monitoring/lib/python3.12/site-packages/robot_monitoring/msg/_robot_status.py
[0.262s] -- Installing: /home/kyw/vscode/slam_study/ros2_ws/install/robot_monitoring/lib/python3.12/site-packages/robot_monitoring/msg/__init__.py
[0.262s] -- Installing: /home/kyw/vscode/slam_study/ros2_ws/install/robot_monitoring/lib/python3.12/site-packages/robot_monitoring/__init__.py
[0.262s] -- Installing: /home/kyw/vscode/slam_study/ros2_ws/install/robot_monitoring/lib/python3.12/site-packages/robot_monitoring/_robot_monitoring_s.ep.rosidl_typesupport_introspection_c.c
[0.262s] -- Installing: /home/kyw/vscode/slam_study/ros2_ws/install/robot_monitoring/lib/python3.12/site-packages/robot_monitoring/robot_monitoring_s__rosidl_typesupport_c.so
[0.286s] Listing '/home/kyw/vscode/slam_study/ros2_ws/install/robot_monitoring/lib/python3.12/site-packages/robot_monitoring'...
[0.286s] Compiling '/home/kyw/vscode/slam_study/ros2_ws/install/robot_monitoring/lib/python3.12/site-packages/robot_monitoring/__init__.py'...
[0.286s] Listing '/home/kyw/vscode/slam_study/ros2_ws/install/robot_monitoring/lib/python3.12/site-packages/robot_monitoring/msg'...
[0.286s] Compiling '/home/kyw/vscode/slam_study/ros2_ws/install/robot_monitoring/lib/python3.12/site-packages/robot_monitoring/msg/__init__.py'...
[0.286s] Compiling '/home/kyw/vscode/slam_study/ros2_ws/install/robot_monitoring/lib/python3.12/site-packages/robot_monitoring/msg/_robot_status.py'...
[0.290s] -- Installing: /home/kyw/vscode/slam_study/ros2_ws/install/robot_monitoring/lib/python3.12/site-packages/robot_monitoring/robot_monitoring_s__rosidl_typesupport_fastrtps_c.so
[0.290s] -- Set non-toolchain portion of runtime path of "/home/kyw/vscode/slam_study/ros2_ws/install/robot_monitoring/lib/python3.12/site-packages/robot_monitoring/robot_monitoring_s__rosidl_typesupport_fastrtps_c.so" to ""
[0.290s] -- Installing: /home/kyw/vscode/slam_study/ros2_ws/install/robot_monitoring/lib/python3.12/site-packages/robot_monitoring/robot_monitoring_s__rosidl_typesupport_introspection_c.so
[0.291s] -- Set non-toolchain portion of runtime path of "/home/kyw/vscode/slam_study/ros2_ws/install/robot_monitoring/lib/python3.12/site-packages/robot_monitoring/robot_monitoring_s__rosidl_typesupport_introspection_c.so" to ""
[0.291s] -- Installing: /home/kyw/vscode/slam_study/ros2_ws/install/robot_monitoring/lib/python3.12/site-packages/robot_monitoring/robot_monitoring_s__rosidl_typesupport_c.so
[0.291s] -- Set non-toolchain portion of runtime path of "/home/kyw/vscode/slam_study/ros2_ws/install/robot_monitoring/lib/python3.12/site-packages/robot_monitoring/robot_monitoring_s__rosidl_typesupport_c.so" to ""
[0.291s] -- Installing: /home/kyw/vscode/slam_study/ros2_ws/install/robot_monitoring/lib/librobot_monitoring__rosidl_generator_py.so
[0.291s] -- Set non-toolchain portion of runtime path of "/home/kyw/vscode/slam_study/ros2_ws/install/robot_monitoring/lib/librobot_monitoring__rosidl_generator_py.so" to ""
[0.291s] -- Installing: /home/kyw/vscode/slam_study/ros2_ws/install/robot_monitoring/share/robot_monitoring/msg/RobotStatus.idl
[0.291s] -- Installing: /home/kyw/vscode/slam_study/ros2_ws/install/robot_monitoring/share/robot_monitoring/msg/RobotStatus.msg
[0.291s] -- Installing: /home/kyw/vscode/slam_study/ros2_ws/install/robot_monitoring/lib/robot_monitoring/robot_monitor_node
[0.293s] -- Set non-toolchain portion of runtime path of "/home/kyw/vscode/slam_study/ros2_ws/install/robot_monitoring/lib/robot_monitoring/robot_monitor_node" to ""
[0.293s] -- Installing: /home/kyw/vscode/slam_study/ros2_ws/install/robot_monitoring/share/robot_monitoring/launch
[0.293s] -- Installing: /home/kyw/vscode/slam_study/ros2_ws/install/robot_monitoring/share/robot_monitoring/launch/robot_description.launch.py
[0.293s] -- Installing: /home/kyw/vscode/slam_study/ros2_ws/install/robot_monitoring/share/ament_index/resource_index/package_run_dependencies/robot_monitoring
[0.293s] -- Installing: /home/kyw/vscode/slam_study/ros2_ws/install/robot_monitoring/share/ament_index/resource_index/parent_prefix_path/robot_monitoring
[0.293s] -- Installing: /home/kyw/vscode/slam_study/ros2_ws/install/robot_monitoring/share/robot_monitoring/environment/ament_prefix_path.sh
[0.293s] -- Installing: /home/kyw/vscode/slam_study/ros2_ws/install/robot_monitoring/share/robot_monitoring/environment/ament_prefix_path.dsv
[0.293s] -- Installing: /home/kyw/vscode/slam_study/ros2_ws/install/robot_monitoring/share/robot_monitoring/environment/path.sh
[0.293s] -- Installing: /home/kyw/vscode/slam_study/ros2_ws/install/robot_monitoring/share/robot_monitoring/environment/path.dsv
[0.293s] -- Installing: /home/kyw/vscode/slam_study/ros2_ws/install/robot_monitoring/share/robot_monitoring/local_setup.bash
[0.294s] -- Installing: /home/kyw/vscode/slam_study/ros2_ws/install/robot_monitoring/share/robot_monitoring/local_setup.sh
[0.294s] -- Installing: /home/kyw/vscode/slam_study/ros2_ws/install/robot_monitoring/share/robot_monitoring/local_setup.zsh
[0.294s] -- Installing: /home/kyw/vscode/slam_study/ros2_ws/install/robot_monitoring/share/robot_monitoring/local_setup.dsv
[0.294s] -- Installing: /home/kyw/vscode/slam_study/ros2_ws/install/robot_monitoring/share/robot_monitoring/package.dsv
[0.294s] -- Installing: /home/kyw/vscode/slam_study/ros2_ws/install/robot_monitoring/share/ament_index/resource_index/packages/robot_monitoring
[0.294s] -- Installing: /home/kyw/vscode/slam_study/ros2_ws/install/robot_monitoring/share/robot_monitoring/cmake/export_robot_monitoring__rosidl_generator_cExport.cmake
[0.294s] -- Installing: /home/kyw/vscode/slam_study/ros2_ws/install/robot_monitoring/share/robot_monitoring/cmake/export_robot_monitoring__rosidl_generator_cExport-noconfig.cmake
[0.294s] -- Installing: /home/kyw/vscode/slam_study/ros2_ws/install/robot_monitoring/share/robot_monitoring/cmake/export_robot_monitoring__rosidl_typesupport_fastrtps_cExport.cmake
[0.294s] -- Installing: /home/kyw/vscode/slam_study/ros2_ws/install/robot_monitoring/share/robot_monitoring/cmake/export_robot_monitoring__rosidl_typesupport_fastrtps_cExport-noconfig.cmake
[0.294s] -- Installing: /home/kyw/vscode/slam_study/ros2_ws/install/robot_monitoring/share/robot_monitoring/cmake/export_robot_monitoring__rosidl_generator_cppExport.cmake
[0.294s] -- Installing: /home/kyw/vscode/slam_study/ros2_ws/install/robot_monitoring/share/robot_monitoring/cmake/export_robot_monitoring__rosidl_typesupport_fastrtps_cppExport.cmake
[0.295s] -- Installing: /home/kyw/vscode/slam_study/ros2_ws/install/robot_monitoring/share/robot_monitoring/cmake/export_robot_monitoring__rosidl_typesupport_fastrtps_cppExport-noconfig.cmake
[0.295s] -- Installing: /home/kyw/vscode/slam_study/ros2_ws/install/robot_monitoring/share/robot_monitoring/cmake/robot_monitoring__rosidl_typesupport_introspection_cExport.cmake
[0.295s] -- Installing: /home/kyw/vscode/slam_study/ros2_ws/install/robot_monitoring/share/robot_monitoring/cmake/robot_monitoring__rosidl_typesupport_introspection_cExport-noconfig.cmake
[0.295s] -- Installing: /home/kyw/vscode/slam_study/ros2_ws/install/robot_monitoring/share/robot_monitoring/cmake/robot_monitoring__rosidl_typesupport_cExport.cmake
[0.295s] -- Installing: /home/kyw/vscode/slam_study/ros2_ws/install/robot_monitoring/share/robot_monitoring/cmake/robot_monitoring__rosidl_typesupport_cExport-noconfig.cmake
[0.295s] -- Installing: /home/kyw/vscode/slam_study/ros2_ws/install/robot_monitoring/share/robot_monitoring/cmake/robot_monitoring__rosidl_typesupport_introspection_cppExport.cmake
[0.295s] -- Installing: /home/kyw/vscode/slam_study/ros2_ws/install/robot_monitoring/share/robot_monitoring/cmake/robot_monitoring__rosidl_typesupport_introspection_cppExport-noconfig.cmake
[0.295s] -- Installing: /home/kyw/vscode/slam_study/ros2_ws/install/robot_monitoring/share/robot_monitoring/cmake/robot_monitoring__rosidl_typesupport_cppExport.cmake
[0.295s] -- Installing: /home/kyw/vscode/slam_study/ros2_ws/install/robot_monitoring/share/robot_monitoring/cmake/robot_monitoring__rosidl_typesupport_cppExport-noconfig.cmake
[0.295s] -- Installing: /home/kyw/vscode/slam_study/ros2_ws/install/robot_monitoring/share/robot_monitoring/cmake/export_robot_monitoring__rosidl_generator_pyExport.cmake
[0.295s] -- Installing: /home/kyw/vscode/slam_study/ros2_ws/install/robot_monitoring/share/robot_monitoring/cmake/export_robot_monitoring__rosidl_generator_pyExport-noconfig.cmake
[0.296s] -- Installing: /home/kyw/vscode/slam_study/ros2_ws/install/robot_monitoring/share/robot_monitoring/cmake/rosidl_cmake-extras.cmake
[0.296s] -- Installing: /home/kyw/vscode/slam_study/ros2_ws/install/robot_monitoring/share/robot_monitoring/cmake/ament_cmake_export_include_directories-extras.cmake
[0.296s] -- Installing: /home/kyw/vscode/slam_study/ros2_ws/install/robot_monitoring/share/robot_monitoring/cmake/ament_cmake_export_libraries-extras.cmake
[0.296s] -- Installing: /home/kyw/vscode/slam_study/ros2_ws/install/robot_monitoring/share/robot_monitoring/cmake/ament_cmake_export_targets-extras.cmake
[0.296s] -- Installing: /home/kyw/vscode/slam_study/ros2_ws/install/robot_monitoring/share/robot_monitoring/cmake/rosidl_cmake_export_typesupport_targets-extras.cmake
[0.296s] -- Installing: /home/kyw/vscode/slam_study/ros2_ws/install/robot_monitoring/share/robot_monitoring/cmake/ament_cmake_export_dependencies-extras.cmake
[0.296s] -- Installing: /home/kyw/vscode/slam_study/ros2_ws/install/robot_monitoring/share/robot_monitoring/cmake/rosidl_cmake_export_typesupport_libraries-extras.cmake
[0.296s] -- Installing: /home/kyw/vscode/slam_study/ros2_ws/install/robot_monitoring/share/robot_monitoring/cmake/robot_monitoringConfig.cmake
[0.296s] -- Installing: /home/kyw/vscode/slam_study/ros2_ws/install/robot_monitoring/share/robot_monitoring/cmake/robot_monitoringConfig-version.cmake
[0.296s] -- Installing: /home/kyw/vscode/slam_study/ros2_ws/install/robot_monitoring/share/robot_monitoring/package.xml
[0.298s] Invoked command in '/home/kyw/vscode/slam_study/ros2_ws/build/robot_monitoring' returned '0': CMAKE_PREFIX_PATH=${CMAKE_PREFIX_PATH}:/opt/ros/jazzy DEBUGINFOD_URLS=https://debuginfod.ubuntu.com /usr/bin/cmake --install /home/kyw/vscode/slam_study/ros2_ws/build/robot_monitoring
