[  2%] Built target robot_monitoring__rosidl_generator_type_description
[  2%] Built target ament_cmake_python_copy_robot_monitoring
[ 11%] Built target robot_monitoring__cpp
[ 19%] Built target robot_monitoring__rosidl_generator_c
[ 27%] Built target robot_monitoring__rosidl_typesupport_fastrtps_c
[ 36%] Built target robot_monitoring__rosidl_typesupport_introspection_c
[ 44%] Built target robot_monitoring__rosidl_typesupport_c
[ 52%] Built target robot_monitoring__rosidl_typesupport_introspection_cpp
[ 61%] Built target robot_monitoring__rosidl_typesupport_cpp
[ 69%] Built target robot_monitoring__rosidl_typesupport_fastrtps_cpp
[ 69%] Built target robot_monitoring
[ 72%] Built target robot_monitoring__py
[ 75%] [32mBuilding CXX object CMakeFiles/robot_monitor_node.dir/src/robot_monitor_node.cpp.o[0m
[ 80%] Built target robot_monitoring__rosidl_generator_py
[ 86%] Built target robot_monitoring_s__rosidl_typesupport_fastrtps_c
[ 91%] Built target robot_monitoring_s__rosidl_typesupport_introspection_c
[ 97%] Built target robot_monitoring_s__rosidl_typesupport_c
running egg_info
writing robot_monitoring.egg-info/PKG-INFO
writing dependency_links to robot_monitoring.egg-info/dependency_links.txt
writing top-level names to robot_monitoring.egg-info/top_level.txt
reading manifest file 'robot_monitoring.egg-info/SOURCES.txt'
writing manifest file 'robot_monitoring.egg-info/SOURCES.txt'
[ 97%] Built target ament_cmake_python_build_robot_monitoring_egg
