[0.010s] Invoking command in '/home/kyw/vscode/slam_study/ros2_ws/build/robot_monitoring': CMAKE_PREFIX_PATH=${CMAKE_PREFIX_PATH}:/opt/ros/jazzy DEBUGINFOD_URLS=https://debuginfod.ubuntu.com /usr/bin/cmake --build /home/kyw/vscode/slam_study/ros2_ws/build/robot_monitoring -- -j4 -l4
[0.052s] [  2%] Built target robot_monitoring__rosidl_generator_type_description
[0.058s] [  2%] Built target ament_cmake_python_copy_robot_monitoring
[0.066s] [ 11%] Built target robot_monitoring__cpp
[0.066s] [ 19%] Built target robot_monitoring__rosidl_generator_c
[0.085s] [ 27%] Built target robot_monitoring__rosidl_typesupport_fastrtps_c
[0.093s] [ 36%] Built target robot_monitoring__rosidl_typesupport_introspection_c
[0.093s] [ 44%] Built target robot_monitoring__rosidl_typesupport_c
[0.111s] [ 52%] Built target robot_monitoring__rosidl_typesupport_introspection_cpp
[0.115s] [ 61%] Built target robot_monitoring__rosidl_typesupport_cpp
[0.119s] [ 69%] Built target robot_monitoring__rosidl_typesupport_fastrtps_cpp
[0.137s] [ 69%] Built target robot_monitoring
[0.150s] [ 72%] Built target robot_monitoring__py
[0.159s] [ 75%] [32mBuilding CXX object CMakeFiles/robot_monitor_node.dir/src/robot_monitor_node.cpp.o[0m
[0.164s] [ 80%] Built target robot_monitoring__rosidl_generator_py
[0.179s] [ 86%] Built target robot_monitoring_s__rosidl_typesupport_fastrtps_c
[0.179s] [ 91%] Built target robot_monitoring_s__rosidl_typesupport_introspection_c
[0.192s] [ 97%] Built target robot_monitoring_s__rosidl_typesupport_c
[0.216s] running egg_info
[0.227s] writing robot_monitoring.egg-info/PKG-INFO
[0.227s] writing dependency_links to robot_monitoring.egg-info/dependency_links.txt
[0.227s] writing top-level names to robot_monitoring.egg-info/top_level.txt
[0.259s] reading manifest file 'robot_monitoring.egg-info/SOURCES.txt'
[0.260s] writing manifest file 'robot_monitoring.egg-info/SOURCES.txt'
[0.278s] [ 97%] Built target ament_cmake_python_build_robot_monitoring_egg
[1.516s] [01m[K/home/kyw/vscode/slam_study/ros2_ws/src/robot_monitoring/src/robot_monitor_node.cpp:[m[K In constructor ‘[01m[KRobotMonitorNode::[01;32m[KRobotMonitorNode[m[K()[m[K’:
[1.516s] [01m[K/home/kyw/vscode/slam_study/ros2_ws/src/robot_monitoring/src/robot_monitor_node.cpp:14:17:[m[K [01;31m[Kerror: [m[Kno matching function for call to ‘[01m[Kstd::basic_ifstream<char>::open(const char [13], int)[m[K’
[1.516s]    14 |     [01;31m[Kserial_.open("/dev/ttyAMA0", O_RDONLY | O_NOCTTY | O_NONBLOCK)[m[K;
[1.516s]       |     [01;31m[K~~~~~~~~~~~~^~~~~~~~~~~~~~~~~~~~~~~~~~~~~~~~~~~~~~~~~~~~~~~~~~[m[K
[1.516s] In file included from [01m[K/home/kyw/vscode/slam_study/ros2_ws/src/robot_monitoring/src/robot_monitor_node.cpp:4[m[K:
[1.516s] [01m[K/usr/include/c++/13/fstream:725:9:[m[K [01;36m[Knote: [m[Kcandidate: ‘[01m[Ktemplate<class _Path> std::_If_fs_path<_Path, void> std::basic_ifstream<_CharT, _Traits>::[01;32m[Kopen[m[K(const _Path&, std::ios_base::openmode) [35m[K[with _CharT = char; _Traits = std::char_traits<char>][m[K[m[K’
[1.516s]   725 |         [01;36m[Kopen[m[K(const _Path& __s, ios_base::openmode __mode = ios_base::in)
[1.517s]       |         [01;36m[K^~~~[m[K
[1.517s] [01m[K/usr/include/c++/13/fstream:725:9:[m[K [01;36m[Knote: [m[K  template argument deduction/substitution failed:
[1.517s] [01m[K/home/kyw/vscode/slam_study/ros2_ws/src/robot_monitoring/src/robot_monitor_node.cpp:14:54:[m[K [01;36m[Knote: [m[K  cannot convert ‘[01m[K((0 | 256) | 2048)[m[K’ (type ‘[01m[Kint[m[K’) to type ‘[01m[Kstd::ios_base::openmode[m[K’
[1.518s]    14 |     serial_.open("/dev/ttyAMA0", O_RDONLY | O_NOCTTY [01;36m[K|[m[K O_NONBLOCK);
[1.518s]       |                                                      [01;36m[K^[m[K
[1.518s] [01m[K/usr/include/c++/13/fstream:665:7:[m[K [01;36m[Knote: [m[Kcandidate: ‘[01m[Kvoid std::basic_ifstream<_CharT, _Traits>::[01;32m[Kopen[m[K(const char*, std::ios_base::openmode) [35m[K[with _CharT = char; _Traits = std::char_traits<char>; std::ios_base::openmode = std::ios_base::openmode][m[K[m[K’ (near match)
[1.518s]   665 |       [01;36m[Kopen[m[K(const char* __s, ios_base::openmode __mode = ios_base::in)
[1.518s]       |       [01;36m[K^~~~[m[K
[1.518s] [01m[K/usr/include/c++/13/fstream:665:7:[m[K [01;36m[Knote: [m[K  conversion of argument 2 would be ill-formed:
[1.518s] [01m[K/home/kyw/vscode/slam_study/ros2_ws/src/robot_monitoring/src/robot_monitor_node.cpp:14:54:[m[K [01;31m[Kerror: [m[Kinvalid conversion from ‘[01m[Kint[m[K’ to ‘[01m[Kstd::ios_base::openmode[m[K’ [[01;31m[K]8;;https://gcc.gnu.org/onlinedocs/gcc/Warning-Options.html#index-fpermissive-fpermissive]8;;[m[K]
[1.518s]    14 |     serial_.open("/dev/ttyAMA0", O_RDONLY | O_NOCTTY [01;31m[K|[m[K O_NONBLOCK);
[1.518s]       |                                                      [01;31m[K^[m[K
[1.518s]       |                                                      [01;31m[K|[m[K
[1.518s]       |                                                      [01;31m[Kint[m[K
[1.521s] [01m[K/usr/include/c++/13/fstream:704:7:[m[K [01;36m[Knote: [m[Kcandidate: ‘[01m[Kvoid std::basic_ifstream<_CharT, _Traits>::[01;32m[Kopen[m[K(const std::string&, std::ios_base::openmode) [35m[K[with _CharT = char; _Traits = std::char_traits<char>; std::string = std::__cxx11::basic_string<char>; std::ios_base::openmode = std::ios_base::openmode][m[K[m[K’ (near match)
[1.522s]   704 |       [01;36m[Kopen[m[K(const std::string& __s, ios_base::openmode __mode = ios_base::in)
[1.522s]       |       [01;36m[K^~~~[m[K
[1.522s] [01m[K/usr/include/c++/13/fstream:704:7:[m[K [01;36m[Knote: [m[K  conversion of argument 2 would be ill-formed:
[1.522s] [01m[K/home/kyw/vscode/slam_study/ros2_ws/src/robot_monitoring/src/robot_monitor_node.cpp:14:54:[m[K [01;31m[Kerror: [m[Kinvalid conversion from ‘[01m[Kint[m[K’ to ‘[01m[Kstd::ios_base::openmode[m[K’ [[01;31m[K]8;;https://gcc.gnu.org/onlinedocs/gcc/Warning-Options.html#index-fpermissive-fpermissive]8;;[m[K]
[1.522s]    14 |     serial_.open("/dev/ttyAMA0", O_RDONLY | O_NOCTTY [01;31m[K|[m[K O_NONBLOCK);
[1.522s]       |                                                      [01;31m[K^[m[K
[1.522s]       |                                                      [01;31m[K|[m[K
[1.522s]       |                                                      [01;31m[Kint[m[K
[2.524s] gmake[2]: *** [CMakeFiles/robot_monitor_node.dir/build.make:76: CMakeFiles/robot_monitor_node.dir/src/robot_monitor_node.cpp.o] Error 1
[2.524s] gmake[1]: *** [CMakeFiles/Makefile2:626: CMakeFiles/robot_monitor_node.dir/all] Error 2
[2.524s] gmake: *** [Makefile:146: all] Error 2
[2.526s] Invoked command in '/home/kyw/vscode/slam_study/ros2_ws/build/robot_monitoring' returned '2': CMAKE_PREFIX_PATH=${CMAKE_PREFIX_PATH}:/opt/ros/jazzy DEBUGINFOD_URLS=https://debuginfod.ubuntu.com /usr/bin/cmake --build /home/kyw/vscode/slam_study/ros2_ws/build/robot_monitoring -- -j4 -l4
