[0.058s] DEBUG:colcon:Command line arguments: ['/usr/bin/colcon', 'build']
[0.058s] DEBUG:colcon:Parsed command line arguments: Namespace(log_base=None, log_level=None, verb_name='build', build_base='build', install_base='install', merge_install=False, symlink_install=False, test_result_base=None, continue_on_error=False, executor='parallel', parallel_workers=4, event_handlers=None, ignore_user_meta=False, metas=['./colcon.meta'], base_paths=['.'], packages_ignore=None, packages_ignore_regex=None, paths=None, packages_up_to=None, packages_up_to_regex=None, packages_above=None, packages_above_and_dependencies=None, packages_above_depth=None, packages_select_by_dep=None, packages_skip_by_dep=None, packages_skip_up_to=None, packages_select_build_failed=False, packages_skip_build_finished=False, packages_select_test_failures=False, packages_skip_test_passed=False, packages_select=None, packages_skip=None, packages_select_regex=None, packages_skip_regex=None, packages_start=None, packages_end=None, allow_overriding=[], cmake_args=None, cmake_target=None, cmake_target_skip_unavailable=False, cmake_clean_cache=False, cmake_clean_first=False, cmake_force_configure=False, ament_cmake_args=None, catkin_cmake_args=None, catkin_skip_building_tests=False, mixin_files=None, mixin=None, verb_parser=<colcon_mixin.mixin.mixin_argument.MixinArgumentDecorator object at 0xf636f7669fa0>, verb_extension=<colcon_core.verb.build.BuildVerb object at 0xf636f7669cd0>, main=<bound method BuildVerb.main of <colcon_core.verb.build.BuildVerb object at 0xf636f7669cd0>>, mixin_verb=('build',))
[0.080s] Level 1:colcon.colcon_core.package_discovery:discover_packages(colcon_meta) check parameters
[0.080s] Level 1:colcon.colcon_core.package_discovery:discover_packages(recursive) check parameters
[0.080s] Level 1:colcon.colcon_core.package_discovery:discover_packages(ignore) check parameters
[0.080s] Level 1:colcon.colcon_core.package_discovery:discover_packages(path) check parameters
[0.080s] Level 1:colcon.colcon_core.package_discovery:discover_packages(colcon_meta) discover
[0.080s] Level 1:colcon.colcon_core.package_discovery:discover_packages(recursive) discover
[0.080s] INFO:colcon.colcon_core.package_discovery:Crawling recursively for packages in '/home/kyw/vscode/slam_study/ros2_ws'
[0.080s] Level 1:colcon.colcon_core.package_identification:_identify(.) by extensions ['ignore', 'ignore_ament_install']
[0.080s] Level 1:colcon.colcon_core.package_identification:_identify(.) by extension 'ignore'
[0.080s] Level 1:colcon.colcon_core.package_identification:_identify(.) by extension 'ignore_ament_install'
[0.080s] Level 1:colcon.colcon_core.package_identification:_identify(.) by extensions ['colcon_pkg']
[0.081s] Level 1:colcon.colcon_core.package_identification:_identify(.) by extension 'colcon_pkg'
[0.081s] Level 1:colcon.colcon_core.package_identification:_identify(.) by extensions ['colcon_meta']
[0.081s] Level 1:colcon.colcon_core.package_identification:_identify(.) by extension 'colcon_meta'
[0.081s] Level 1:colcon.colcon_core.package_identification:_identify(.) by extensions ['ros']
[0.081s] Level 1:colcon.colcon_core.package_identification:_identify(.) by extension 'ros'
[0.095s] Level 1:colcon.colcon_core.package_identification:_identify(.) by extensions ['cmake', 'python']
[0.095s] Level 1:colcon.colcon_core.package_identification:_identify(.) by extension 'cmake'
[0.095s] Level 1:colcon.colcon_core.package_identification:_identify(.) by extension 'python'
[0.095s] Level 1:colcon.colcon_core.package_identification:_identify(.) by extensions ['python_setup_py']
[0.095s] Level 1:colcon.colcon_core.package_identification:_identify(.) by extension 'python_setup_py'
[0.095s] Level 1:colcon.colcon_core.package_identification:_identify(build) by extensions ['ignore', 'ignore_ament_install']
[0.095s] Level 1:colcon.colcon_core.package_identification:_identify(build) by extension 'ignore'
[0.095s] Level 1:colcon.colcon_core.package_identification:_identify(build) ignored
[0.095s] Level 1:colcon.colcon_core.package_identification:_identify(install) by extensions ['ignore', 'ignore_ament_install']
[0.095s] Level 1:colcon.colcon_core.package_identification:_identify(install) by extension 'ignore'
[0.095s] Level 1:colcon.colcon_core.package_identification:_identify(install) ignored
[0.095s] Level 1:colcon.colcon_core.package_identification:_identify(log) by extensions ['ignore', 'ignore_ament_install']
[0.095s] Level 1:colcon.colcon_core.package_identification:_identify(log) by extension 'ignore'
[0.095s] Level 1:colcon.colcon_core.package_identification:_identify(log) ignored
[0.095s] Level 1:colcon.colcon_core.package_identification:_identify(src) by extensions ['ignore', 'ignore_ament_install']
[0.095s] Level 1:colcon.colcon_core.package_identification:_identify(src) by extension 'ignore'
[0.095s] Level 1:colcon.colcon_core.package_identification:_identify(src) by extension 'ignore_ament_install'
[0.095s] Level 1:colcon.colcon_core.package_identification:_identify(src) by extensions ['colcon_pkg']
[0.095s] Level 1:colcon.colcon_core.package_identification:_identify(src) by extension 'colcon_pkg'
[0.095s] Level 1:colcon.colcon_core.package_identification:_identify(src) by extensions ['colcon_meta']
[0.095s] Level 1:colcon.colcon_core.package_identification:_identify(src) by extension 'colcon_meta'
[0.095s] Level 1:colcon.colcon_core.package_identification:_identify(src) by extensions ['ros']
[0.095s] Level 1:colcon.colcon_core.package_identification:_identify(src) by extension 'ros'
[0.095s] Level 1:colcon.colcon_core.package_identification:_identify(src) by extensions ['cmake', 'python']
[0.095s] Level 1:colcon.colcon_core.package_identification:_identify(src) by extension 'cmake'
[0.095s] Level 1:colcon.colcon_core.package_identification:_identify(src) by extension 'python'
[0.095s] Level 1:colcon.colcon_core.package_identification:_identify(src) by extensions ['python_setup_py']
[0.095s] Level 1:colcon.colcon_core.package_identification:_identify(src) by extension 'python_setup_py'
[0.095s] Level 1:colcon.colcon_core.package_identification:_identify(src/cmdvel_to_serial_cpp) by extensions ['ignore', 'ignore_ament_install']
[0.095s] Level 1:colcon.colcon_core.package_identification:_identify(src/cmdvel_to_serial_cpp) by extension 'ignore'
[0.095s] Level 1:colcon.colcon_core.package_identification:_identify(src/cmdvel_to_serial_cpp) by extension 'ignore_ament_install'
[0.095s] Level 1:colcon.colcon_core.package_identification:_identify(src/cmdvel_to_serial_cpp) by extensions ['colcon_pkg']
[0.095s] Level 1:colcon.colcon_core.package_identification:_identify(src/cmdvel_to_serial_cpp) by extension 'colcon_pkg'
[0.095s] Level 1:colcon.colcon_core.package_identification:_identify(src/cmdvel_to_serial_cpp) by extensions ['colcon_meta']
[0.095s] Level 1:colcon.colcon_core.package_identification:_identify(src/cmdvel_to_serial_cpp) by extension 'colcon_meta'
[0.095s] Level 1:colcon.colcon_core.package_identification:_identify(src/cmdvel_to_serial_cpp) by extensions ['ros']
[0.095s] Level 1:colcon.colcon_core.package_identification:_identify(src/cmdvel_to_serial_cpp) by extension 'ros'
[0.097s] DEBUG:colcon.colcon_core.package_identification:Package 'src/cmdvel_to_serial_cpp' with type 'ros.ament_cmake' and name 'cmdvel_to_serial_cpp'
[0.097s] Level 1:colcon.colcon_core.package_identification:_identify(src/cow_odom_publisher) by extensions ['ignore', 'ignore_ament_install']
[0.097s] Level 1:colcon.colcon_core.package_identification:_identify(src/cow_odom_publisher) by extension 'ignore'
[0.097s] Level 1:colcon.colcon_core.package_identification:_identify(src/cow_odom_publisher) by extension 'ignore_ament_install'
[0.097s] Level 1:colcon.colcon_core.package_identification:_identify(src/cow_odom_publisher) by extensions ['colcon_pkg']
[0.097s] Level 1:colcon.colcon_core.package_identification:_identify(src/cow_odom_publisher) by extension 'colcon_pkg'
[0.097s] Level 1:colcon.colcon_core.package_identification:_identify(src/cow_odom_publisher) by extensions ['colcon_meta']
[0.097s] Level 1:colcon.colcon_core.package_identification:_identify(src/cow_odom_publisher) by extension 'colcon_meta'
[0.097s] Level 1:colcon.colcon_core.package_identification:_identify(src/cow_odom_publisher) by extensions ['ros']
[0.097s] Level 1:colcon.colcon_core.package_identification:_identify(src/cow_odom_publisher) by extension 'ros'
[0.097s] DEBUG:colcon.colcon_core.package_identification:Package 'src/cow_odom_publisher' with type 'ros.ament_cmake' and name 'cow_odom_publisher'
[0.097s] Level 1:colcon.colcon_core.package_identification:_identify(src/robot_monitoring) by extensions ['ignore', 'ignore_ament_install']
[0.097s] Level 1:colcon.colcon_core.package_identification:_identify(src/robot_monitoring) by extension 'ignore'
[0.097s] Level 1:colcon.colcon_core.package_identification:_identify(src/robot_monitoring) by extension 'ignore_ament_install'
[0.097s] Level 1:colcon.colcon_core.package_identification:_identify(src/robot_monitoring) by extensions ['colcon_pkg']
[0.097s] Level 1:colcon.colcon_core.package_identification:_identify(src/robot_monitoring) by extension 'colcon_pkg'
[0.097s] Level 1:colcon.colcon_core.package_identification:_identify(src/robot_monitoring) by extensions ['colcon_meta']
[0.097s] Level 1:colcon.colcon_core.package_identification:_identify(src/robot_monitoring) by extension 'colcon_meta'
[0.097s] Level 1:colcon.colcon_core.package_identification:_identify(src/robot_monitoring) by extensions ['ros']
[0.098s] Level 1:colcon.colcon_core.package_identification:_identify(src/robot_monitoring) by extension 'ros'
[0.098s] DEBUG:colcon.colcon_core.package_identification:Package 'src/robot_monitoring' with type 'ros.ament_cmake' and name 'robot_monitoring'
[0.098s] Level 1:colcon.colcon_core.package_discovery:discover_packages(recursive) using defaults
[0.098s] Level 1:colcon.colcon_core.package_discovery:discover_packages(ignore) discover
[0.098s] Level 1:colcon.colcon_core.package_discovery:discover_packages(ignore) using defaults
[0.098s] Level 1:colcon.colcon_core.package_discovery:discover_packages(path) discover
[0.098s] Level 1:colcon.colcon_core.package_discovery:discover_packages(path) using defaults
[0.107s] Level 1:colcon.colcon_core.package_discovery:discover_packages(prefix_path) check parameters
[0.108s] Level 1:colcon.colcon_core.package_discovery:discover_packages(prefix_path) discover
[0.108s] DEBUG:colcon.colcon_installed_package_information.package_discovery:Found 3 installed packages in /home/kyw/vscode/slam_study/ros2_ws/install
[0.109s] DEBUG:colcon.colcon_installed_package_information.package_discovery:Found 379 installed packages in /opt/ros/jazzy
[0.110s] Level 1:colcon.colcon_core.package_discovery:discover_packages(prefix_path) using defaults
[0.136s] Level 5:colcon.colcon_core.verb:set package 'cmdvel_to_serial_cpp' build argument 'cmake_args' from command line to 'None'
[0.136s] Level 5:colcon.colcon_core.verb:set package 'cmdvel_to_serial_cpp' build argument 'cmake_target' from command line to 'None'
[0.136s] Level 5:colcon.colcon_core.verb:set package 'cmdvel_to_serial_cpp' build argument 'cmake_target_skip_unavailable' from command line to 'False'
[0.136s] Level 5:colcon.colcon_core.verb:set package 'cmdvel_to_serial_cpp' build argument 'cmake_clean_cache' from command line to 'False'
[0.136s] Level 5:colcon.colcon_core.verb:set package 'cmdvel_to_serial_cpp' build argument 'cmake_clean_first' from command line to 'False'
[0.136s] Level 5:colcon.colcon_core.verb:set package 'cmdvel_to_serial_cpp' build argument 'cmake_force_configure' from command line to 'False'
[0.136s] Level 5:colcon.colcon_core.verb:set package 'cmdvel_to_serial_cpp' build argument 'ament_cmake_args' from command line to 'None'
[0.136s] Level 5:colcon.colcon_core.verb:set package 'cmdvel_to_serial_cpp' build argument 'catkin_cmake_args' from command line to 'None'
[0.136s] Level 5:colcon.colcon_core.verb:set package 'cmdvel_to_serial_cpp' build argument 'catkin_skip_building_tests' from command line to 'False'
[0.136s] DEBUG:colcon.colcon_core.verb:Building package 'cmdvel_to_serial_cpp' with the following arguments: {'ament_cmake_args': None, 'build_base': '/home/kyw/vscode/slam_study/ros2_ws/build/cmdvel_to_serial_cpp', 'catkin_cmake_args': None, 'catkin_skip_building_tests': False, 'cmake_args': None, 'cmake_clean_cache': False, 'cmake_clean_first': False, 'cmake_force_configure': False, 'cmake_target': None, 'cmake_target_skip_unavailable': False, 'install_base': '/home/kyw/vscode/slam_study/ros2_ws/install/cmdvel_to_serial_cpp', 'merge_install': False, 'path': '/home/kyw/vscode/slam_study/ros2_ws/src/cmdvel_to_serial_cpp', 'symlink_install': False, 'test_result_base': None}
[0.137s] Level 5:colcon.colcon_core.verb:set package 'cow_odom_publisher' build argument 'cmake_args' from command line to 'None'
[0.137s] Level 5:colcon.colcon_core.verb:set package 'cow_odom_publisher' build argument 'cmake_target' from command line to 'None'
[0.137s] Level 5:colcon.colcon_core.verb:set package 'cow_odom_publisher' build argument 'cmake_target_skip_unavailable' from command line to 'False'
[0.137s] Level 5:colcon.colcon_core.verb:set package 'cow_odom_publisher' build argument 'cmake_clean_cache' from command line to 'False'
[0.137s] Level 5:colcon.colcon_core.verb:set package 'cow_odom_publisher' build argument 'cmake_clean_first' from command line to 'False'
[0.137s] Level 5:colcon.colcon_core.verb:set package 'cow_odom_publisher' build argument 'cmake_force_configure' from command line to 'False'
[0.137s] Level 5:colcon.colcon_core.verb:set package 'cow_odom_publisher' build argument 'ament_cmake_args' from command line to 'None'
[0.137s] Level 5:colcon.colcon_core.verb:set package 'cow_odom_publisher' build argument 'catkin_cmake_args' from command line to 'None'
[0.137s] Level 5:colcon.colcon_core.verb:set package 'cow_odom_publisher' build argument 'catkin_skip_building_tests' from command line to 'False'
[0.137s] DEBUG:colcon.colcon_core.verb:Building package 'cow_odom_publisher' with the following arguments: {'ament_cmake_args': None, 'build_base': '/home/kyw/vscode/slam_study/ros2_ws/build/cow_odom_publisher', 'catkin_cmake_args': None, 'catkin_skip_building_tests': False, 'cmake_args': None, 'cmake_clean_cache': False, 'cmake_clean_first': False, 'cmake_force_configure': False, 'cmake_target': None, 'cmake_target_skip_unavailable': False, 'install_base': '/home/kyw/vscode/slam_study/ros2_ws/install/cow_odom_publisher', 'merge_install': False, 'path': '/home/kyw/vscode/slam_study/ros2_ws/src/cow_odom_publisher', 'symlink_install': False, 'test_result_base': None}
[0.137s] Level 5:colcon.colcon_core.verb:set package 'robot_monitoring' build argument 'cmake_args' from command line to 'None'
[0.137s] Level 5:colcon.colcon_core.verb:set package 'robot_monitoring' build argument 'cmake_target' from command line to 'None'
[0.137s] Level 5:colcon.colcon_core.verb:set package 'robot_monitoring' build argument 'cmake_target_skip_unavailable' from command line to 'False'
[0.137s] Level 5:colcon.colcon_core.verb:set package 'robot_monitoring' build argument 'cmake_clean_cache' from command line to 'False'
[0.137s] Level 5:colcon.colcon_core.verb:set package 'robot_monitoring' build argument 'cmake_clean_first' from command line to 'False'
[0.137s] Level 5:colcon.colcon_core.verb:set package 'robot_monitoring' build argument 'cmake_force_configure' from command line to 'False'
[0.137s] Level 5:colcon.colcon_core.verb:set package 'robot_monitoring' build argument 'ament_cmake_args' from command line to 'None'
[0.137s] Level 5:colcon.colcon_core.verb:set package 'robot_monitoring' build argument 'catkin_cmake_args' from command line to 'None'
[0.137s] Level 5:colcon.colcon_core.verb:set package 'robot_monitoring' build argument 'catkin_skip_building_tests' from command line to 'False'
[0.137s] DEBUG:colcon.colcon_core.verb:Building package 'robot_monitoring' with the following arguments: {'ament_cmake_args': None, 'build_base': '/home/kyw/vscode/slam_study/ros2_ws/build/robot_monitoring', 'catkin_cmake_args': None, 'catkin_skip_building_tests': False, 'cmake_args': None, 'cmake_clean_cache': False, 'cmake_clean_first': False, 'cmake_force_configure': False, 'cmake_target': None, 'cmake_target_skip_unavailable': False, 'install_base': '/home/kyw/vscode/slam_study/ros2_ws/install/robot_monitoring', 'merge_install': False, 'path': '/home/kyw/vscode/slam_study/ros2_ws/src/robot_monitoring', 'symlink_install': False, 'test_result_base': None}
[0.137s] INFO:colcon.colcon_core.executor:Executing jobs using 'parallel' executor
[0.138s] DEBUG:colcon.colcon_parallel_executor.executor.parallel:run_until_complete
[0.138s] INFO:colcon.colcon_ros.task.ament_cmake.build:Building ROS package in '/home/kyw/vscode/slam_study/ros2_ws/src/cmdvel_to_serial_cpp' with build type 'ament_cmake'
[0.138s] INFO:colcon.colcon_cmake.task.cmake.build:Building CMake package in '/home/kyw/vscode/slam_study/ros2_ws/src/cmdvel_to_serial_cpp'
[0.139s] INFO:colcon.colcon_core.plugin_system:Skipping extension 'colcon_core.shell.bat': Not used on non-Windows systems
[0.139s] INFO:colcon.colcon_core.shell:Skip shell extension 'powershell' for command environment: Not usable outside of PowerShell
[0.139s] DEBUG:colcon.colcon_core.shell:Skip shell extension 'dsv' for command environment
[0.149s] INFO:colcon.colcon_ros.task.ament_cmake.build:Building ROS package in '/home/kyw/vscode/slam_study/ros2_ws/src/cow_odom_publisher' with build type 'ament_cmake'
[0.149s] INFO:colcon.colcon_cmake.task.cmake.build:Building CMake package in '/home/kyw/vscode/slam_study/ros2_ws/src/cow_odom_publisher'
[0.149s] INFO:colcon.colcon_core.shell:Skip shell extension 'powershell' for command environment: Not usable outside of PowerShell
[0.149s] DEBUG:colcon.colcon_core.shell:Skip shell extension 'dsv' for command environment
[0.151s] INFO:colcon.colcon_ros.task.ament_cmake.build:Building ROS package in '/home/kyw/vscode/slam_study/ros2_ws/src/robot_monitoring' with build type 'ament_cmake'
[0.152s] INFO:colcon.colcon_cmake.task.cmake.build:Building CMake package in '/home/kyw/vscode/slam_study/ros2_ws/src/robot_monitoring'
[0.152s] INFO:colcon.colcon_core.shell:Skip shell extension 'powershell' for command environment: Not usable outside of PowerShell
[0.152s] DEBUG:colcon.colcon_core.shell:Skip shell extension 'dsv' for command environment
[0.158s] DEBUG:colcon.colcon_core.event_handler.log_command:Invoking command in '/home/kyw/vscode/slam_study/ros2_ws/build/cmdvel_to_serial_cpp': CMAKE_PREFIX_PATH=${CMAKE_PREFIX_PATH}:/opt/ros/jazzy DEBUGINFOD_URLS=https://debuginfod.ubuntu.com /usr/bin/cmake --build /home/kyw/vscode/slam_study/ros2_ws/build/cmdvel_to_serial_cpp -- -j4 -l4
[0.160s] DEBUG:colcon.colcon_core.event_handler.log_command:Invoking command in '/home/kyw/vscode/slam_study/ros2_ws/build/cow_odom_publisher': CMAKE_PREFIX_PATH=${CMAKE_PREFIX_PATH}:/opt/ros/jazzy DEBUGINFOD_URLS=https://debuginfod.ubuntu.com /usr/bin/cmake --build /home/kyw/vscode/slam_study/ros2_ws/build/cow_odom_publisher -- -j4 -l4
[0.169s] DEBUG:colcon.colcon_core.event_handler.log_command:Invoking command in '/home/kyw/vscode/slam_study/ros2_ws/build/robot_monitoring': CMAKE_PREFIX_PATH=${CMAKE_PREFIX_PATH}:/opt/ros/jazzy DEBUGINFOD_URLS=https://debuginfod.ubuntu.com /usr/bin/cmake --build /home/kyw/vscode/slam_study/ros2_ws/build/robot_monitoring -- -j4 -l4
[0.207s] DEBUG:colcon.colcon_core.event_handler.log_command:Invoked command in '/home/kyw/vscode/slam_study/ros2_ws/build/cmdvel_to_serial_cpp' returned '0': CMAKE_PREFIX_PATH=${CMAKE_PREFIX_PATH}:/opt/ros/jazzy DEBUGINFOD_URLS=https://debuginfod.ubuntu.com /usr/bin/cmake --build /home/kyw/vscode/slam_study/ros2_ws/build/cmdvel_to_serial_cpp -- -j4 -l4
[0.214s] DEBUG:colcon.colcon_core.event_handler.log_command:Invoking command in '/home/kyw/vscode/slam_study/ros2_ws/build/cmdvel_to_serial_cpp': CMAKE_PREFIX_PATH=${CMAKE_PREFIX_PATH}:/opt/ros/jazzy DEBUGINFOD_URLS=https://debuginfod.ubuntu.com /usr/bin/cmake --install /home/kyw/vscode/slam_study/ros2_ws/build/cmdvel_to_serial_cpp
[0.219s] DEBUG:colcon.colcon_core.event_handler.log_command:Invoked command in '/home/kyw/vscode/slam_study/ros2_ws/build/cow_odom_publisher' returned '0': CMAKE_PREFIX_PATH=${CMAKE_PREFIX_PATH}:/opt/ros/jazzy DEBUGINFOD_URLS=https://debuginfod.ubuntu.com /usr/bin/cmake --build /home/kyw/vscode/slam_study/ros2_ws/build/cow_odom_publisher -- -j4 -l4
[0.219s] DEBUG:colcon.colcon_core.event_handler.log_command:Invoking command in '/home/kyw/vscode/slam_study/ros2_ws/build/cow_odom_publisher': CMAKE_PREFIX_PATH=${CMAKE_PREFIX_PATH}:/opt/ros/jazzy DEBUGINFOD_URLS=https://debuginfod.ubuntu.com /usr/bin/cmake --install /home/kyw/vscode/slam_study/ros2_ws/build/cow_odom_publisher
[0.226s] Level 1:colcon.colcon_core.environment:create_environment_scripts_only(cmdvel_to_serial_cpp)
[0.226s] DEBUG:colcon.colcon_core.event_handler.log_command:Invoked command in '/home/kyw/vscode/slam_study/ros2_ws/build/cmdvel_to_serial_cpp' returned '0': CMAKE_PREFIX_PATH=${CMAKE_PREFIX_PATH}:/opt/ros/jazzy DEBUGINFOD_URLS=https://debuginfod.ubuntu.com /usr/bin/cmake --install /home/kyw/vscode/slam_study/ros2_ws/build/cmdvel_to_serial_cpp
[0.228s] Level 1:colcon.colcon_core.environment:checking '/home/kyw/vscode/slam_study/ros2_ws/install/cmdvel_to_serial_cpp' for CMake module files
[0.228s] Level 1:colcon.colcon_core.environment:checking '/home/kyw/vscode/slam_study/ros2_ws/install/cmdvel_to_serial_cpp' for CMake config files
[0.228s] Level 1:colcon.colcon_core.shell:create_environment_hook('cmdvel_to_serial_cpp', 'cmake_prefix_path')
[0.228s] INFO:colcon.colcon_core.shell:Creating environment hook '/home/kyw/vscode/slam_study/ros2_ws/install/cmdvel_to_serial_cpp/share/cmdvel_to_serial_cpp/hook/cmake_prefix_path.ps1'
[0.229s] INFO:colcon.colcon_core.shell:Creating environment descriptor '/home/kyw/vscode/slam_study/ros2_ws/install/cmdvel_to_serial_cpp/share/cmdvel_to_serial_cpp/hook/cmake_prefix_path.dsv'
[0.229s] INFO:colcon.colcon_core.shell:Creating environment hook '/home/kyw/vscode/slam_study/ros2_ws/install/cmdvel_to_serial_cpp/share/cmdvel_to_serial_cpp/hook/cmake_prefix_path.sh'
[0.230s] Level 1:colcon.colcon_core.environment:checking '/home/kyw/vscode/slam_study/ros2_ws/install/cmdvel_to_serial_cpp/lib'
[0.230s] Level 1:colcon.colcon_core.environment:checking '/home/kyw/vscode/slam_study/ros2_ws/install/cmdvel_to_serial_cpp/bin'
[0.230s] Level 1:colcon.colcon_core.environment:checking '/home/kyw/vscode/slam_study/ros2_ws/install/cmdvel_to_serial_cpp/lib/pkgconfig/cmdvel_to_serial_cpp.pc'
[0.230s] Level 1:colcon.colcon_core.environment:checking '/home/kyw/vscode/slam_study/ros2_ws/install/cmdvel_to_serial_cpp/lib/python3.12/site-packages'
[0.230s] Level 1:colcon.colcon_core.environment:checking '/home/kyw/vscode/slam_study/ros2_ws/install/cmdvel_to_serial_cpp/bin'
[0.230s] INFO:colcon.colcon_core.shell:Creating package script '/home/kyw/vscode/slam_study/ros2_ws/install/cmdvel_to_serial_cpp/share/cmdvel_to_serial_cpp/package.ps1'
[0.230s] INFO:colcon.colcon_core.shell:Creating package descriptor '/home/kyw/vscode/slam_study/ros2_ws/install/cmdvel_to_serial_cpp/share/cmdvel_to_serial_cpp/package.dsv'
[0.231s] INFO:colcon.colcon_core.shell:Creating package script '/home/kyw/vscode/slam_study/ros2_ws/install/cmdvel_to_serial_cpp/share/cmdvel_to_serial_cpp/package.sh'
[0.231s] INFO:colcon.colcon_core.shell:Creating package script '/home/kyw/vscode/slam_study/ros2_ws/install/cmdvel_to_serial_cpp/share/cmdvel_to_serial_cpp/package.bash'
[0.232s] INFO:colcon.colcon_core.shell:Creating package script '/home/kyw/vscode/slam_study/ros2_ws/install/cmdvel_to_serial_cpp/share/cmdvel_to_serial_cpp/package.zsh'
[0.232s] Level 1:colcon.colcon_core.environment:create_file_with_runtime_dependencies(/home/kyw/vscode/slam_study/ros2_ws/install/cmdvel_to_serial_cpp/share/colcon-core/packages/cmdvel_to_serial_cpp)
[0.233s] Level 1:colcon.colcon_core.environment:create_environment_scripts_only(cmdvel_to_serial_cpp)
[0.233s] Level 1:colcon.colcon_core.environment:checking '/home/kyw/vscode/slam_study/ros2_ws/install/cmdvel_to_serial_cpp' for CMake module files
[0.234s] Level 1:colcon.colcon_core.environment:checking '/home/kyw/vscode/slam_study/ros2_ws/install/cmdvel_to_serial_cpp' for CMake config files
[0.234s] Level 1:colcon.colcon_core.shell:create_environment_hook('cmdvel_to_serial_cpp', 'cmake_prefix_path')
[0.234s] INFO:colcon.colcon_core.shell:Creating environment hook '/home/kyw/vscode/slam_study/ros2_ws/install/cmdvel_to_serial_cpp/share/cmdvel_to_serial_cpp/hook/cmake_prefix_path.ps1'
[0.234s] INFO:colcon.colcon_core.shell:Creating environment descriptor '/home/kyw/vscode/slam_study/ros2_ws/install/cmdvel_to_serial_cpp/share/cmdvel_to_serial_cpp/hook/cmake_prefix_path.dsv'
[0.234s] INFO:colcon.colcon_core.shell:Creating environment hook '/home/kyw/vscode/slam_study/ros2_ws/install/cmdvel_to_serial_cpp/share/cmdvel_to_serial_cpp/hook/cmake_prefix_path.sh'
[0.235s] Level 1:colcon.colcon_core.environment:checking '/home/kyw/vscode/slam_study/ros2_ws/install/cmdvel_to_serial_cpp/lib'
[0.235s] Level 1:colcon.colcon_core.environment:checking '/home/kyw/vscode/slam_study/ros2_ws/install/cmdvel_to_serial_cpp/bin'
[0.235s] Level 1:colcon.colcon_core.environment:checking '/home/kyw/vscode/slam_study/ros2_ws/install/cmdvel_to_serial_cpp/lib/pkgconfig/cmdvel_to_serial_cpp.pc'
[0.235s] Level 1:colcon.colcon_core.environment:checking '/home/kyw/vscode/slam_study/ros2_ws/install/cmdvel_to_serial_cpp/lib/python3.12/site-packages'
[0.235s] Level 1:colcon.colcon_core.environment:checking '/home/kyw/vscode/slam_study/ros2_ws/install/cmdvel_to_serial_cpp/bin'
[0.235s] INFO:colcon.colcon_core.shell:Creating package script '/home/kyw/vscode/slam_study/ros2_ws/install/cmdvel_to_serial_cpp/share/cmdvel_to_serial_cpp/package.ps1'
[0.235s] INFO:colcon.colcon_core.shell:Creating package descriptor '/home/kyw/vscode/slam_study/ros2_ws/install/cmdvel_to_serial_cpp/share/cmdvel_to_serial_cpp/package.dsv'
[0.236s] INFO:colcon.colcon_core.shell:Creating package script '/home/kyw/vscode/slam_study/ros2_ws/install/cmdvel_to_serial_cpp/share/cmdvel_to_serial_cpp/package.sh'
[0.236s] INFO:colcon.colcon_core.shell:Creating package script '/home/kyw/vscode/slam_study/ros2_ws/install/cmdvel_to_serial_cpp/share/cmdvel_to_serial_cpp/package.bash'
[0.236s] INFO:colcon.colcon_core.shell:Creating package script '/home/kyw/vscode/slam_study/ros2_ws/install/cmdvel_to_serial_cpp/share/cmdvel_to_serial_cpp/package.zsh'
[0.236s] Level 1:colcon.colcon_core.environment:create_file_with_runtime_dependencies(/home/kyw/vscode/slam_study/ros2_ws/install/cmdvel_to_serial_cpp/share/colcon-core/packages/cmdvel_to_serial_cpp)
[0.243s] Level 1:colcon.colcon_core.environment:create_environment_scripts_only(cow_odom_publisher)
[0.243s] Level 1:colcon.colcon_core.environment:checking '/home/kyw/vscode/slam_study/ros2_ws/install/cow_odom_publisher' for CMake module files
[0.244s] Level 1:colcon.colcon_core.environment:checking '/home/kyw/vscode/slam_study/ros2_ws/install/cow_odom_publisher' for CMake config files
[0.244s] Level 1:colcon.colcon_core.shell:create_environment_hook('cow_odom_publisher', 'cmake_prefix_path')
[0.244s] INFO:colcon.colcon_core.shell:Creating environment hook '/home/kyw/vscode/slam_study/ros2_ws/install/cow_odom_publisher/share/cow_odom_publisher/hook/cmake_prefix_path.ps1'
[0.245s] DEBUG:colcon.colcon_core.event_handler.log_command:Invoked command in '/home/kyw/vscode/slam_study/ros2_ws/build/cow_odom_publisher' returned '0': CMAKE_PREFIX_PATH=${CMAKE_PREFIX_PATH}:/opt/ros/jazzy DEBUGINFOD_URLS=https://debuginfod.ubuntu.com /usr/bin/cmake --install /home/kyw/vscode/slam_study/ros2_ws/build/cow_odom_publisher
[0.245s] INFO:colcon.colcon_core.shell:Creating environment descriptor '/home/kyw/vscode/slam_study/ros2_ws/install/cow_odom_publisher/share/cow_odom_publisher/hook/cmake_prefix_path.dsv'
[0.245s] INFO:colcon.colcon_core.shell:Creating environment hook '/home/kyw/vscode/slam_study/ros2_ws/install/cow_odom_publisher/share/cow_odom_publisher/hook/cmake_prefix_path.sh'
[0.246s] Level 1:colcon.colcon_core.environment:checking '/home/kyw/vscode/slam_study/ros2_ws/install/cow_odom_publisher/lib'
[0.246s] Level 1:colcon.colcon_core.environment:checking '/home/kyw/vscode/slam_study/ros2_ws/install/cow_odom_publisher/bin'
[0.246s] Level 1:colcon.colcon_core.environment:checking '/home/kyw/vscode/slam_study/ros2_ws/install/cow_odom_publisher/lib/pkgconfig/cow_odom_publisher.pc'
[0.246s] Level 1:colcon.colcon_core.environment:checking '/home/kyw/vscode/slam_study/ros2_ws/install/cow_odom_publisher/lib/python3.12/site-packages'
[0.246s] Level 1:colcon.colcon_core.environment:checking '/home/kyw/vscode/slam_study/ros2_ws/install/cow_odom_publisher/bin'
[0.246s] INFO:colcon.colcon_core.shell:Creating package script '/home/kyw/vscode/slam_study/ros2_ws/install/cow_odom_publisher/share/cow_odom_publisher/package.ps1'
[0.247s] INFO:colcon.colcon_core.shell:Creating package descriptor '/home/kyw/vscode/slam_study/ros2_ws/install/cow_odom_publisher/share/cow_odom_publisher/package.dsv'
[0.247s] INFO:colcon.colcon_core.shell:Creating package script '/home/kyw/vscode/slam_study/ros2_ws/install/cow_odom_publisher/share/cow_odom_publisher/package.sh'
[0.247s] INFO:colcon.colcon_core.shell:Creating package script '/home/kyw/vscode/slam_study/ros2_ws/install/cow_odom_publisher/share/cow_odom_publisher/package.bash'
[0.248s] INFO:colcon.colcon_core.shell:Creating package script '/home/kyw/vscode/slam_study/ros2_ws/install/cow_odom_publisher/share/cow_odom_publisher/package.zsh'
[0.248s] Level 1:colcon.colcon_core.environment:create_file_with_runtime_dependencies(/home/kyw/vscode/slam_study/ros2_ws/install/cow_odom_publisher/share/colcon-core/packages/cow_odom_publisher)
[0.248s] Level 1:colcon.colcon_core.environment:create_environment_scripts_only(cow_odom_publisher)
[0.248s] Level 1:colcon.colcon_core.environment:checking '/home/kyw/vscode/slam_study/ros2_ws/install/cow_odom_publisher' for CMake module files
[0.248s] Level 1:colcon.colcon_core.environment:checking '/home/kyw/vscode/slam_study/ros2_ws/install/cow_odom_publisher' for CMake config files
[0.249s] Level 1:colcon.colcon_core.shell:create_environment_hook('cow_odom_publisher', 'cmake_prefix_path')
[0.249s] INFO:colcon.colcon_core.shell:Creating environment hook '/home/kyw/vscode/slam_study/ros2_ws/install/cow_odom_publisher/share/cow_odom_publisher/hook/cmake_prefix_path.ps1'
[0.249s] INFO:colcon.colcon_core.shell:Creating environment descriptor '/home/kyw/vscode/slam_study/ros2_ws/install/cow_odom_publisher/share/cow_odom_publisher/hook/cmake_prefix_path.dsv'
[0.249s] INFO:colcon.colcon_core.shell:Creating environment hook '/home/kyw/vscode/slam_study/ros2_ws/install/cow_odom_publisher/share/cow_odom_publisher/hook/cmake_prefix_path.sh'
[0.249s] Level 1:colcon.colcon_core.environment:checking '/home/kyw/vscode/slam_study/ros2_ws/install/cow_odom_publisher/lib'
[0.249s] Level 1:colcon.colcon_core.environment:checking '/home/kyw/vscode/slam_study/ros2_ws/install/cow_odom_publisher/bin'
[0.249s] Level 1:colcon.colcon_core.environment:checking '/home/kyw/vscode/slam_study/ros2_ws/install/cow_odom_publisher/lib/pkgconfig/cow_odom_publisher.pc'
[0.250s] Level 1:colcon.colcon_core.environment:checking '/home/kyw/vscode/slam_study/ros2_ws/install/cow_odom_publisher/lib/python3.12/site-packages'
[0.250s] Level 1:colcon.colcon_core.environment:checking '/home/kyw/vscode/slam_study/ros2_ws/install/cow_odom_publisher/bin'
[0.250s] INFO:colcon.colcon_core.shell:Creating package script '/home/kyw/vscode/slam_study/ros2_ws/install/cow_odom_publisher/share/cow_odom_publisher/package.ps1'
[0.250s] INFO:colcon.colcon_core.shell:Creating package descriptor '/home/kyw/vscode/slam_study/ros2_ws/install/cow_odom_publisher/share/cow_odom_publisher/package.dsv'
[0.250s] INFO:colcon.colcon_core.shell:Creating package script '/home/kyw/vscode/slam_study/ros2_ws/install/cow_odom_publisher/share/cow_odom_publisher/package.sh'
[0.251s] INFO:colcon.colcon_core.shell:Creating package script '/home/kyw/vscode/slam_study/ros2_ws/install/cow_odom_publisher/share/cow_odom_publisher/package.bash'
[0.251s] INFO:colcon.colcon_core.shell:Creating package script '/home/kyw/vscode/slam_study/ros2_ws/install/cow_odom_publisher/share/cow_odom_publisher/package.zsh'
[0.251s] Level 1:colcon.colcon_core.environment:create_file_with_runtime_dependencies(/home/kyw/vscode/slam_study/ros2_ws/install/cow_odom_publisher/share/colcon-core/packages/cow_odom_publisher)
[4.034s] DEBUG:colcon.colcon_core.event_handler.log_command:Invoked command in '/home/kyw/vscode/slam_study/ros2_ws/build/robot_monitoring' returned '0': CMAKE_PREFIX_PATH=${CMAKE_PREFIX_PATH}:/opt/ros/jazzy DEBUGINFOD_URLS=https://debuginfod.ubuntu.com /usr/bin/cmake --build /home/kyw/vscode/slam_study/ros2_ws/build/robot_monitoring -- -j4 -l4
[4.034s] DEBUG:colcon.colcon_core.event_handler.log_command:Invoking command in '/home/kyw/vscode/slam_study/ros2_ws/build/robot_monitoring': CMAKE_PREFIX_PATH=${CMAKE_PREFIX_PATH}:/opt/ros/jazzy DEBUGINFOD_URLS=https://debuginfod.ubuntu.com /usr/bin/cmake --install /home/kyw/vscode/slam_study/ros2_ws/build/robot_monitoring
[4.073s] Level 1:colcon.colcon_core.environment:create_environment_scripts_only(robot_monitoring)
[4.073s] Level 1:colcon.colcon_core.environment:checking '/home/kyw/vscode/slam_study/ros2_ws/install/robot_monitoring' for CMake module files
[4.073s] DEBUG:colcon.colcon_core.event_handler.log_command:Invoked command in '/home/kyw/vscode/slam_study/ros2_ws/build/robot_monitoring' returned '0': CMAKE_PREFIX_PATH=${CMAKE_PREFIX_PATH}:/opt/ros/jazzy DEBUGINFOD_URLS=https://debuginfod.ubuntu.com /usr/bin/cmake --install /home/kyw/vscode/slam_study/ros2_ws/build/robot_monitoring
[4.074s] Level 1:colcon.colcon_core.environment:checking '/home/kyw/vscode/slam_study/ros2_ws/install/robot_monitoring' for CMake config files
[4.074s] Level 1:colcon.colcon_core.shell:create_environment_hook('robot_monitoring', 'cmake_prefix_path')
[4.074s] INFO:colcon.colcon_core.shell:Creating environment hook '/home/kyw/vscode/slam_study/ros2_ws/install/robot_monitoring/share/robot_monitoring/hook/cmake_prefix_path.ps1'
[4.074s] INFO:colcon.colcon_core.shell:Creating environment descriptor '/home/kyw/vscode/slam_study/ros2_ws/install/robot_monitoring/share/robot_monitoring/hook/cmake_prefix_path.dsv'
[4.075s] INFO:colcon.colcon_core.shell:Creating environment hook '/home/kyw/vscode/slam_study/ros2_ws/install/robot_monitoring/share/robot_monitoring/hook/cmake_prefix_path.sh'
[4.075s] Level 1:colcon.colcon_core.environment:checking '/home/kyw/vscode/slam_study/ros2_ws/install/robot_monitoring/lib'
[4.075s] Level 1:colcon.colcon_core.shell:create_environment_hook('robot_monitoring', 'ld_library_path_lib')
[4.075s] INFO:colcon.colcon_core.shell:Creating environment hook '/home/kyw/vscode/slam_study/ros2_ws/install/robot_monitoring/share/robot_monitoring/hook/ld_library_path_lib.ps1'
[4.075s] INFO:colcon.colcon_core.shell:Creating environment descriptor '/home/kyw/vscode/slam_study/ros2_ws/install/robot_monitoring/share/robot_monitoring/hook/ld_library_path_lib.dsv'
[4.076s] INFO:colcon.colcon_core.shell:Creating environment hook '/home/kyw/vscode/slam_study/ros2_ws/install/robot_monitoring/share/robot_monitoring/hook/ld_library_path_lib.sh'
[4.076s] Level 1:colcon.colcon_core.environment:checking '/home/kyw/vscode/slam_study/ros2_ws/install/robot_monitoring/bin'
[4.076s] Level 1:colcon.colcon_core.environment:checking '/home/kyw/vscode/slam_study/ros2_ws/install/robot_monitoring/lib/pkgconfig/robot_monitoring.pc'
[4.076s] Level 1:colcon.colcon_core.environment:checking '/home/kyw/vscode/slam_study/ros2_ws/install/robot_monitoring/lib/python3.12/site-packages'
[4.076s] Level 1:colcon.colcon_core.shell:create_environment_hook('robot_monitoring', 'pythonpath')
[4.076s] INFO:colcon.colcon_core.shell:Creating environment hook '/home/kyw/vscode/slam_study/ros2_ws/install/robot_monitoring/share/robot_monitoring/hook/pythonpath.ps1'
[4.077s] INFO:colcon.colcon_core.shell:Creating environment descriptor '/home/kyw/vscode/slam_study/ros2_ws/install/robot_monitoring/share/robot_monitoring/hook/pythonpath.dsv'
[4.077s] INFO:colcon.colcon_core.shell:Creating environment hook '/home/kyw/vscode/slam_study/ros2_ws/install/robot_monitoring/share/robot_monitoring/hook/pythonpath.sh'
[4.077s] Level 1:colcon.colcon_core.environment:checking '/home/kyw/vscode/slam_study/ros2_ws/install/robot_monitoring/bin'
[4.077s] INFO:colcon.colcon_core.shell:Creating package script '/home/kyw/vscode/slam_study/ros2_ws/install/robot_monitoring/share/robot_monitoring/package.ps1'
[4.078s] INFO:colcon.colcon_core.shell:Creating package descriptor '/home/kyw/vscode/slam_study/ros2_ws/install/robot_monitoring/share/robot_monitoring/package.dsv'
[4.078s] INFO:colcon.colcon_core.shell:Creating package script '/home/kyw/vscode/slam_study/ros2_ws/install/robot_monitoring/share/robot_monitoring/package.sh'
[4.078s] INFO:colcon.colcon_core.shell:Creating package script '/home/kyw/vscode/slam_study/ros2_ws/install/robot_monitoring/share/robot_monitoring/package.bash'
[4.078s] INFO:colcon.colcon_core.shell:Creating package script '/home/kyw/vscode/slam_study/ros2_ws/install/robot_monitoring/share/robot_monitoring/package.zsh'
[4.079s] Level 1:colcon.colcon_core.environment:create_file_with_runtime_dependencies(/home/kyw/vscode/slam_study/ros2_ws/install/robot_monitoring/share/colcon-core/packages/robot_monitoring)
[4.079s] Level 1:colcon.colcon_core.environment:create_environment_scripts_only(robot_monitoring)
[4.079s] Level 1:colcon.colcon_core.environment:checking '/home/kyw/vscode/slam_study/ros2_ws/install/robot_monitoring' for CMake module files
[4.080s] Level 1:colcon.colcon_core.environment:checking '/home/kyw/vscode/slam_study/ros2_ws/install/robot_monitoring' for CMake config files
[4.080s] Level 1:colcon.colcon_core.shell:create_environment_hook('robot_monitoring', 'cmake_prefix_path')
[4.080s] INFO:colcon.colcon_core.shell:Creating environment hook '/home/kyw/vscode/slam_study/ros2_ws/install/robot_monitoring/share/robot_monitoring/hook/cmake_prefix_path.ps1'
[4.080s] INFO:colcon.colcon_core.shell:Creating environment descriptor '/home/kyw/vscode/slam_study/ros2_ws/install/robot_monitoring/share/robot_monitoring/hook/cmake_prefix_path.dsv'
[4.080s] INFO:colcon.colcon_core.shell:Creating environment hook '/home/kyw/vscode/slam_study/ros2_ws/install/robot_monitoring/share/robot_monitoring/hook/cmake_prefix_path.sh'
[4.081s] Level 1:colcon.colcon_core.environment:checking '/home/kyw/vscode/slam_study/ros2_ws/install/robot_monitoring/lib'
[4.081s] Level 1:colcon.colcon_core.shell:create_environment_hook('robot_monitoring', 'ld_library_path_lib')
[4.081s] INFO:colcon.colcon_core.shell:Creating environment hook '/home/kyw/vscode/slam_study/ros2_ws/install/robot_monitoring/share/robot_monitoring/hook/ld_library_path_lib.ps1'
[4.081s] INFO:colcon.colcon_core.shell:Creating environment descriptor '/home/kyw/vscode/slam_study/ros2_ws/install/robot_monitoring/share/robot_monitoring/hook/ld_library_path_lib.dsv'
[4.081s] INFO:colcon.colcon_core.shell:Creating environment hook '/home/kyw/vscode/slam_study/ros2_ws/install/robot_monitoring/share/robot_monitoring/hook/ld_library_path_lib.sh'
[4.081s] Level 1:colcon.colcon_core.environment:checking '/home/kyw/vscode/slam_study/ros2_ws/install/robot_monitoring/bin'
[4.081s] Level 1:colcon.colcon_core.environment:checking '/home/kyw/vscode/slam_study/ros2_ws/install/robot_monitoring/lib/pkgconfig/robot_monitoring.pc'
[4.082s] Level 1:colcon.colcon_core.environment:checking '/home/kyw/vscode/slam_study/ros2_ws/install/robot_monitoring/lib/python3.12/site-packages'
[4.082s] Level 1:colcon.colcon_core.shell:create_environment_hook('robot_monitoring', 'pythonpath')
[4.082s] INFO:colcon.colcon_core.shell:Creating environment hook '/home/kyw/vscode/slam_study/ros2_ws/install/robot_monitoring/share/robot_monitoring/hook/pythonpath.ps1'
[4.082s] INFO:colcon.colcon_core.shell:Creating environment descriptor '/home/kyw/vscode/slam_study/ros2_ws/install/robot_monitoring/share/robot_monitoring/hook/pythonpath.dsv'
[4.082s] INFO:colcon.colcon_core.shell:Creating environment hook '/home/kyw/vscode/slam_study/ros2_ws/install/robot_monitoring/share/robot_monitoring/hook/pythonpath.sh'
[4.082s] Level 1:colcon.colcon_core.environment:checking '/home/kyw/vscode/slam_study/ros2_ws/install/robot_monitoring/bin'
[4.083s] INFO:colcon.colcon_core.shell:Creating package script '/home/kyw/vscode/slam_study/ros2_ws/install/robot_monitoring/share/robot_monitoring/package.ps1'
[4.083s] INFO:colcon.colcon_core.shell:Creating package descriptor '/home/kyw/vscode/slam_study/ros2_ws/install/robot_monitoring/share/robot_monitoring/package.dsv'
[4.083s] INFO:colcon.colcon_core.shell:Creating package script '/home/kyw/vscode/slam_study/ros2_ws/install/robot_monitoring/share/robot_monitoring/package.sh'
[4.084s] INFO:colcon.colcon_core.shell:Creating package script '/home/kyw/vscode/slam_study/ros2_ws/install/robot_monitoring/share/robot_monitoring/package.bash'
[4.084s] INFO:colcon.colcon_core.shell:Creating package script '/home/kyw/vscode/slam_study/ros2_ws/install/robot_monitoring/share/robot_monitoring/package.zsh'
[4.084s] Level 1:colcon.colcon_core.environment:create_file_with_runtime_dependencies(/home/kyw/vscode/slam_study/ros2_ws/install/robot_monitoring/share/colcon-core/packages/robot_monitoring)
[4.085s] DEBUG:colcon.colcon_parallel_executor.executor.parallel:closing loop
[4.085s] DEBUG:colcon.colcon_parallel_executor.executor.parallel:loop closed
[4.085s] DEBUG:colcon.colcon_parallel_executor.executor.parallel:run_until_complete finished with '0'
[4.085s] DEBUG:colcon.colcon_core.event_reactor:joining thread
[4.093s] INFO:colcon.colcon_core.plugin_system:Skipping extension 'colcon_notification.desktop_notification.terminal_notifier': Not used on non-Darwin systems
[4.093s] INFO:colcon.colcon_core.plugin_system:Skipping extension 'colcon_notification.desktop_notification.win32': Not used on non-Windows systems
[4.093s] INFO:colcon.colcon_notification.desktop_notification:Sending desktop notification using 'notify2'
[4.108s] DEBUG:colcon.colcon_core.event_reactor:joined thread
[4.109s] INFO:colcon.colcon_core.shell:Creating prefix script '/home/kyw/vscode/slam_study/ros2_ws/install/local_setup.ps1'
[4.109s] INFO:colcon.colcon_core.shell:Creating prefix util module '/home/kyw/vscode/slam_study/ros2_ws/install/_local_setup_util_ps1.py'
[4.112s] INFO:colcon.colcon_core.shell:Creating prefix chain script '/home/kyw/vscode/slam_study/ros2_ws/install/setup.ps1'
[4.113s] INFO:colcon.colcon_core.shell:Creating prefix script '/home/kyw/vscode/slam_study/ros2_ws/install/local_setup.sh'
[4.113s] INFO:colcon.colcon_core.shell:Creating prefix util module '/home/kyw/vscode/slam_study/ros2_ws/install/_local_setup_util_sh.py'
[4.114s] INFO:colcon.colcon_core.shell:Creating prefix chain script '/home/kyw/vscode/slam_study/ros2_ws/install/setup.sh'
[4.114s] INFO:colcon.colcon_core.shell:Creating prefix script '/home/kyw/vscode/slam_study/ros2_ws/install/local_setup.bash'
[4.115s] INFO:colcon.colcon_core.shell:Creating prefix chain script '/home/kyw/vscode/slam_study/ros2_ws/install/setup.bash'
[4.118s] INFO:colcon.colcon_core.shell:Creating prefix script '/home/kyw/vscode/slam_study/ros2_ws/install/local_setup.zsh'
[4.119s] INFO:colcon.colcon_core.shell:Creating prefix chain script '/home/kyw/vscode/slam_study/ros2_ws/install/setup.zsh'
