[100%] Built target cow_odom_publisher
-- Install configuration: ""
-- Up-to-date: /home/kyw/vscode/slam_study/ros2_ws/install/cow_odom_publisher/lib/cow_odom_publisher/cow_odom_publisher
-- Up-to-date: /home/kyw/vscode/slam_study/ros2_ws/install/cow_odom_publisher/share/cow_odom_publisher/launch
-- Installing: /home/kyw/vscode/slam_study/ros2_ws/install/cow_odom_publisher/share/cow_odom_publisher/launch/ekf_localization.launch.py
-- Up-to-date: /home/kyw/vscode/slam_study/ros2_ws/install/cow_odom_publisher/share/cow_odom_publisher/launch/cow.launch.py
-- Up-to-date: /home/kyw/vscode/slam_study/ros2_ws/install/cow_odom_publisher/share/ament_index/resource_index/package_run_dependencies/cow_odom_publisher
-- Up-to-date: /home/kyw/vscode/slam_study/ros2_ws/install/cow_odom_publisher/share/ament_index/resource_index/parent_prefix_path/cow_odom_publisher
-- Up-to-date: /home/kyw/vscode/slam_study/ros2_ws/install/cow_odom_publisher/share/cow_odom_publisher/environment/ament_prefix_path.sh
-- Up-to-date: /home/kyw/vscode/slam_study/ros2_ws/install/cow_odom_publisher/share/cow_odom_publisher/environment/ament_prefix_path.dsv
-- Up-to-date: /home/kyw/vscode/slam_study/ros2_ws/install/cow_odom_publisher/share/cow_odom_publisher/environment/path.sh
-- Up-to-date: /home/kyw/vscode/slam_study/ros2_ws/install/cow_odom_publisher/share/cow_odom_publisher/environment/path.dsv
-- Up-to-date: /home/kyw/vscode/slam_study/ros2_ws/install/cow_odom_publisher/share/cow_odom_publisher/local_setup.bash
-- Up-to-date: /home/kyw/vscode/slam_study/ros2_ws/install/cow_odom_publisher/share/cow_odom_publisher/local_setup.sh
-- Up-to-date: /home/kyw/vscode/slam_study/ros2_ws/install/cow_odom_publisher/share/cow_odom_publisher/local_setup.zsh
-- Up-to-date: /home/kyw/vscode/slam_study/ros2_ws/install/cow_odom_publisher/share/cow_odom_publisher/local_setup.dsv
-- Installing: /home/kyw/vscode/slam_study/ros2_ws/install/cow_odom_publisher/share/cow_odom_publisher/package.dsv
-- Up-to-date: /home/kyw/vscode/slam_study/ros2_ws/install/cow_odom_publisher/share/ament_index/resource_index/packages/cow_odom_publisher
-- Up-to-date: /home/kyw/vscode/slam_study/ros2_ws/install/cow_odom_publisher/share/cow_odom_publisher/cmake/cow_odom_publisherConfig.cmake
-- Up-to-date: /home/kyw/vscode/slam_study/ros2_ws/install/cow_odom_publisher/share/cow_odom_publisher/cmake/cow_odom_publisherConfig-version.cmake
-- Up-to-date: /home/kyw/vscode/slam_study/ros2_ws/install/cow_odom_publisher/share/cow_odom_publisher/package.xml
