[0.011s] Invoking command in '/home/kyw/vscode/slam_study/ros2_ws/build/cow_odom_publisher': CMAKE_PREFIX_PATH=${CMAKE_PREFIX_PATH}:/opt/ros/jazzy DEBUGINFOD_URLS=https://debuginfod.ubuntu.com /usr/bin/cmake --build /home/kyw/vscode/slam_study/ros2_ws/build/cow_odom_publisher -- -j4 -l4
[0.055s] [100%] Built target cow_odom_publisher
[0.070s] Invoked command in '/home/kyw/vscode/slam_study/ros2_ws/build/cow_odom_publisher' returned '0': CMAKE_PREFIX_PATH=${CMAKE_PREFIX_PATH}:/opt/ros/jazzy DEBUGINFOD_URLS=https://debuginfod.ubuntu.com /usr/bin/cmake --build /home/kyw/vscode/slam_study/ros2_ws/build/cow_odom_publisher -- -j4 -l4
[0.070s] Invoking command in '/home/kyw/vscode/slam_study/ros2_ws/build/cow_odom_publisher': CMAKE_PREFIX_PATH=${CMAKE_PREFIX_PATH}:/opt/ros/jazzy DEBUGINFOD_URLS=https://debuginfod.ubuntu.com /usr/bin/cmake --install /home/kyw/vscode/slam_study/ros2_ws/build/cow_odom_publisher
[0.075s] -- Install configuration: ""
[0.076s] -- Up-to-date: /home/kyw/vscode/slam_study/ros2_ws/install/cow_odom_publisher/lib/cow_odom_publisher/cow_odom_publisher
[0.076s] -- Up-to-date: /home/kyw/vscode/slam_study/ros2_ws/install/cow_odom_publisher/share/cow_odom_publisher/launch
[0.076s] -- Up-to-date: /home/kyw/vscode/slam_study/ros2_ws/install/cow_odom_publisher/share/cow_odom_publisher/launch/ekf_localization.launch.py
[0.076s] -- Up-to-date: /home/kyw/vscode/slam_study/ros2_ws/install/cow_odom_publisher/share/cow_odom_publisher/launch/cow.launch.py
[0.076s] -- Up-to-date: /home/kyw/vscode/slam_study/ros2_ws/install/cow_odom_publisher/share/ament_index/resource_index/package_run_dependencies/cow_odom_publisher
[0.076s] -- Up-to-date: /home/kyw/vscode/slam_study/ros2_ws/install/cow_odom_publisher/share/ament_index/resource_index/parent_prefix_path/cow_odom_publisher
[0.076s] -- Up-to-date: /home/kyw/vscode/slam_study/ros2_ws/install/cow_odom_publisher/share/cow_odom_publisher/environment/ament_prefix_path.sh
[0.076s] -- Up-to-date: /home/kyw/vscode/slam_study/ros2_ws/install/cow_odom_publisher/share/cow_odom_publisher/environment/ament_prefix_path.dsv
[0.077s] -- Up-to-date: /home/kyw/vscode/slam_study/ros2_ws/install/cow_odom_publisher/share/cow_odom_publisher/environment/path.sh
[0.077s] -- Up-to-date: /home/kyw/vscode/slam_study/ros2_ws/install/cow_odom_publisher/share/cow_odom_publisher/environment/path.dsv
[0.077s] -- Up-to-date: /home/kyw/vscode/slam_study/ros2_ws/install/cow_odom_publisher/share/cow_odom_publisher/local_setup.bash
[0.077s] -- Up-to-date: /home/kyw/vscode/slam_study/ros2_ws/install/cow_odom_publisher/share/cow_odom_publisher/local_setup.sh
[0.077s] -- Up-to-date: /home/kyw/vscode/slam_study/ros2_ws/install/cow_odom_publisher/share/cow_odom_publisher/local_setup.zsh
[0.077s] -- Up-to-date: /home/kyw/vscode/slam_study/ros2_ws/install/cow_odom_publisher/share/cow_odom_publisher/local_setup.dsv
[0.077s] -- Installing: /home/kyw/vscode/slam_study/ros2_ws/install/cow_odom_publisher/share/cow_odom_publisher/package.dsv
[0.077s] -- Up-to-date: /home/kyw/vscode/slam_study/ros2_ws/install/cow_odom_publisher/share/ament_index/resource_index/packages/cow_odom_publisher
[0.077s] -- Up-to-date: /home/kyw/vscode/slam_study/ros2_ws/install/cow_odom_publisher/share/cow_odom_publisher/cmake/cow_odom_publisherConfig.cmake
[0.077s] -- Up-to-date: /home/kyw/vscode/slam_study/ros2_ws/install/cow_odom_publisher/share/cow_odom_publisher/cmake/cow_odom_publisherConfig-version.cmake
[0.077s] -- Up-to-date: /home/kyw/vscode/slam_study/ros2_ws/install/cow_odom_publisher/share/cow_odom_publisher/package.xml
[0.096s] Invoked command in '/home/kyw/vscode/slam_study/ros2_ws/build/cow_odom_publisher' returned '0': CMAKE_PREFIX_PATH=${CMAKE_PREFIX_PATH}:/opt/ros/jazzy DEBUGINFOD_URLS=https://debuginfod.ubuntu.com /usr/bin/cmake --install /home/kyw/vscode/slam_study/ros2_ws/build/cow_odom_publisher
