[0.018s] Invoking command in '/home/kyw/vscode/slam_study/ros2_ws/build/robot_monitoring': CMAKE_PREFIX_PATH=${CMAKE_PREFIX_PATH}:/opt/ros/jazzy DEBUGINFOD_URLS=https://debuginfod.ubuntu.com /usr/bin/cmake --build /home/kyw/vscode/slam_study/ros2_ws/build/robot_monitoring -- -j4 -l4
[0.053s] [  2%] Built target robot_monitoring__rosidl_generator_type_description
[0.061s] [  2%] Built target ament_cmake_python_copy_robot_monitoring
[0.075s] [ 16%] Built target robot_monitoring__rosidl_generator_c
[0.075s] [ 19%] Built target robot_monitoring__cpp
[0.096s] [ 27%] Built target robot_monitoring__rosidl_typesupport_c
[0.103s] [ 36%] Built target robot_monitoring__rosidl_typesupport_introspection_c
[0.106s] [ 44%] Built target robot_monitoring__rosidl_typesupport_fastrtps_c
[0.110s] [ 52%] Built target robot_monitoring__rosidl_typesupport_introspection_cpp
[0.124s] [ 61%] Built target robot_monitoring__rosidl_typesupport_cpp
[0.127s] [ 69%] Built target robot_monitoring__rosidl_typesupport_fastrtps_cpp
[0.140s] [ 69%] Built target robot_monitoring
[0.154s] [ 72%] Built target robot_monitoring__py
[0.159s] [ 75%] [32mBuilding CXX object CMakeFiles/robot_monitor_node.dir/src/robot_monitor_node.cpp.o[0m
[0.169s] [ 80%] Built target robot_monitoring__rosidl_generator_py
[0.185s] [ 91%] Built target robot_monitoring_s__rosidl_typesupport_fastrtps_c
[0.185s] [ 91%] Built target robot_monitoring_s__rosidl_typesupport_introspection_c
[0.205s] [ 97%] Built target robot_monitoring_s__rosidl_typesupport_c
[0.220s] running egg_info
[0.230s] writing robot_monitoring.egg-info/PKG-INFO
[0.231s] writing dependency_links to robot_monitoring.egg-info/dependency_links.txt
[0.231s] writing top-level names to robot_monitoring.egg-info/top_level.txt
[0.260s] reading manifest file 'robot_monitoring.egg-info/SOURCES.txt'
[0.260s] writing manifest file 'robot_monitoring.egg-info/SOURCES.txt'
[0.280s] [ 97%] Built target ament_cmake_python_build_robot_monitoring_egg
[3.708s] [100%] [32m[1mLinking CXX executable robot_monitor_node[0m
[3.871s] [100%] Built target robot_monitor_node
[3.882s] Invoked command in '/home/kyw/vscode/slam_study/ros2_ws/build/robot_monitoring' returned '0': CMAKE_PREFIX_PATH=${CMAKE_PREFIX_PATH}:/opt/ros/jazzy DEBUGINFOD_URLS=https://debuginfod.ubuntu.com /usr/bin/cmake --build /home/kyw/vscode/slam_study/ros2_ws/build/robot_monitoring -- -j4 -l4
[3.883s] Invoking command in '/home/kyw/vscode/slam_study/ros2_ws/build/robot_monitoring': CMAKE_PREFIX_PATH=${CMAKE_PREFIX_PATH}:/opt/ros/jazzy DEBUGINFOD_URLS=https://debuginfod.ubuntu.com /usr/bin/cmake --install /home/kyw/vscode/slam_study/ros2_ws/build/robot_monitoring
[3.888s] -- Install configuration: ""
[3.888s] -- Up-to-date: /home/kyw/vscode/slam_study/ros2_ws/install/robot_monitoring/share/ament_index/resource_index/rosidl_interfaces/robot_monitoring
[3.888s] -- Up-to-date: /home/kyw/vscode/slam_study/ros2_ws/install/robot_monitoring/share/robot_monitoring/msg/RobotStatus.json
[3.888s] -- Up-to-date: /home/kyw/vscode/slam_study/ros2_ws/install/robot_monitoring/include/robot_monitoring/robot_monitoring
[3.888s] -- Up-to-date: /home/kyw/vscode/slam_study/ros2_ws/install/robot_monitoring/include/robot_monitoring/robot_monitoring/msg
[3.888s] -- Up-to-date: /home/kyw/vscode/slam_study/ros2_ws/install/robot_monitoring/include/robot_monitoring/robot_monitoring/msg/robot_status.h
[3.889s] -- Up-to-date: /home/kyw/vscode/slam_study/ros2_ws/install/robot_monitoring/include/robot_monitoring/robot_monitoring/msg/rosidl_generator_c__visibility_control.h
[3.889s] -- Up-to-date: /home/kyw/vscode/slam_study/ros2_ws/install/robot_monitoring/include/robot_monitoring/robot_monitoring/msg/detail
[3.889s] -- Up-to-date: /home/kyw/vscode/slam_study/ros2_ws/install/robot_monitoring/include/robot_monitoring/robot_monitoring/msg/detail/robot_status__type_support.h
[3.889s] -- Up-to-date: /home/kyw/vscode/slam_study/ros2_ws/install/robot_monitoring/include/robot_monitoring/robot_monitoring/msg/detail/robot_status__type_support.c
[3.889s] -- Up-to-date: /home/kyw/vscode/slam_study/ros2_ws/install/robot_monitoring/include/robot_monitoring/robot_monitoring/msg/detail/robot_status__description.c
[3.889s] -- Up-to-date: /home/kyw/vscode/slam_study/ros2_ws/install/robot_monitoring/include/robot_monitoring/robot_monitoring/msg/detail/robot_status__functions.c
[3.889s] -- Up-to-date: /home/kyw/vscode/slam_study/ros2_ws/install/robot_monitoring/include/robot_monitoring/robot_monitoring/msg/detail/robot_status__struct.h
[3.889s] -- Up-to-date: /home/kyw/vscode/slam_study/ros2_ws/install/robot_monitoring/include/robot_monitoring/robot_monitoring/msg/detail/robot_status__functions.h
[3.889s] -- Up-to-date: /home/kyw/vscode/slam_study/ros2_ws/install/robot_monitoring/share/robot_monitoring/environment/library_path.sh
[3.889s] -- Up-to-date: /home/kyw/vscode/slam_study/ros2_ws/install/robot_monitoring/share/robot_monitoring/environment/library_path.dsv
[3.889s] -- Up-to-date: /home/kyw/vscode/slam_study/ros2_ws/install/robot_monitoring/lib/librobot_monitoring__rosidl_generator_c.so
[3.889s] -- Up-to-date: /home/kyw/vscode/slam_study/ros2_ws/install/robot_monitoring/include/robot_monitoring/robot_monitoring
[3.889s] -- Up-to-date: /home/kyw/vscode/slam_study/ros2_ws/install/robot_monitoring/include/robot_monitoring/robot_monitoring/msg
[3.889s] -- Up-to-date: /home/kyw/vscode/slam_study/ros2_ws/install/robot_monitoring/include/robot_monitoring/robot_monitoring/msg/detail
[3.889s] -- Up-to-date: /home/kyw/vscode/slam_study/ros2_ws/install/robot_monitoring/include/robot_monitoring/robot_monitoring/msg/detail/robot_status__rosidl_typesupport_fastrtps_c.h
[3.889s] -- Up-to-date: /home/kyw/vscode/slam_study/ros2_ws/install/robot_monitoring/include/robot_monitoring/robot_monitoring/msg/rosidl_typesupport_fastrtps_c__visibility_control.h
[3.890s] -- Up-to-date: /home/kyw/vscode/slam_study/ros2_ws/install/robot_monitoring/lib/librobot_monitoring__rosidl_typesupport_fastrtps_c.so
[3.890s] -- Up-to-date: /home/kyw/vscode/slam_study/ros2_ws/install/robot_monitoring/include/robot_monitoring/robot_monitoring
[3.890s] -- Up-to-date: /home/kyw/vscode/slam_study/ros2_ws/install/robot_monitoring/include/robot_monitoring/robot_monitoring/msg
[3.890s] -- Up-to-date: /home/kyw/vscode/slam_study/ros2_ws/install/robot_monitoring/include/robot_monitoring/robot_monitoring/msg/robot_status.hpp
[3.890s] -- Up-to-date: /home/kyw/vscode/slam_study/ros2_ws/install/robot_monitoring/include/robot_monitoring/robot_monitoring/msg/rosidl_generator_cpp__visibility_control.hpp
[3.890s] -- Up-to-date: /home/kyw/vscode/slam_study/ros2_ws/install/robot_monitoring/include/robot_monitoring/robot_monitoring/msg/detail
[3.890s] -- Up-to-date: /home/kyw/vscode/slam_study/ros2_ws/install/robot_monitoring/include/robot_monitoring/robot_monitoring/msg/detail/robot_status__type_support.hpp
[3.890s] -- Up-to-date: /home/kyw/vscode/slam_study/ros2_ws/install/robot_monitoring/include/robot_monitoring/robot_monitoring/msg/detail/robot_status__builder.hpp
[3.890s] -- Up-to-date: /home/kyw/vscode/slam_study/ros2_ws/install/robot_monitoring/include/robot_monitoring/robot_monitoring/msg/detail/robot_status__traits.hpp
[3.890s] -- Up-to-date: /home/kyw/vscode/slam_study/ros2_ws/install/robot_monitoring/include/robot_monitoring/robot_monitoring/msg/detail/robot_status__struct.hpp
[3.890s] -- Up-to-date: /home/kyw/vscode/slam_study/ros2_ws/install/robot_monitoring/include/robot_monitoring/robot_monitoring
[3.890s] -- Up-to-date: /home/kyw/vscode/slam_study/ros2_ws/install/robot_monitoring/include/robot_monitoring/robot_monitoring/msg
[3.890s] -- Up-to-date: /home/kyw/vscode/slam_study/ros2_ws/install/robot_monitoring/include/robot_monitoring/robot_monitoring/msg/rosidl_typesupport_fastrtps_cpp__visibility_control.h
[3.890s] -- Up-to-date: /home/kyw/vscode/slam_study/ros2_ws/install/robot_monitoring/include/robot_monitoring/robot_monitoring/msg/detail
[3.890s] -- Up-to-date: /home/kyw/vscode/slam_study/ros2_ws/install/robot_monitoring/include/robot_monitoring/robot_monitoring/msg/detail/dds_fastrtps
[3.890s] -- Up-to-date: /home/kyw/vscode/slam_study/ros2_ws/install/robot_monitoring/include/robot_monitoring/robot_monitoring/msg/detail/robot_status__rosidl_typesupport_fastrtps_cpp.hpp
[3.890s] -- Up-to-date: /home/kyw/vscode/slam_study/ros2_ws/install/robot_monitoring/lib/librobot_monitoring__rosidl_typesupport_fastrtps_cpp.so
[3.890s] -- Up-to-date: /home/kyw/vscode/slam_study/ros2_ws/install/robot_monitoring/include/robot_monitoring/robot_monitoring
[3.890s] -- Up-to-date: /home/kyw/vscode/slam_study/ros2_ws/install/robot_monitoring/include/robot_monitoring/robot_monitoring/msg
[3.890s] -- Up-to-date: /home/kyw/vscode/slam_study/ros2_ws/install/robot_monitoring/include/robot_monitoring/robot_monitoring/msg/rosidl_typesupport_introspection_c__visibility_control.h
[3.890s] -- Up-to-date: /home/kyw/vscode/slam_study/ros2_ws/install/robot_monitoring/include/robot_monitoring/robot_monitoring/msg/detail
[3.890s] -- Up-to-date: /home/kyw/vscode/slam_study/ros2_ws/install/robot_monitoring/include/robot_monitoring/robot_monitoring/msg/detail/robot_status__type_support.c
[3.890s] -- Up-to-date: /home/kyw/vscode/slam_study/ros2_ws/install/robot_monitoring/include/robot_monitoring/robot_monitoring/msg/detail/robot_status__rosidl_typesupport_introspection_c.h
[3.890s] -- Up-to-date: /home/kyw/vscode/slam_study/ros2_ws/install/robot_monitoring/lib/librobot_monitoring__rosidl_typesupport_introspection_c.so
[3.891s] -- Up-to-date: /home/kyw/vscode/slam_study/ros2_ws/install/robot_monitoring/lib/librobot_monitoring__rosidl_typesupport_c.so
[3.891s] -- Up-to-date: /home/kyw/vscode/slam_study/ros2_ws/install/robot_monitoring/include/robot_monitoring/robot_monitoring
[3.891s] -- Up-to-date: /home/kyw/vscode/slam_study/ros2_ws/install/robot_monitoring/include/robot_monitoring/robot_monitoring/msg
[3.891s] -- Up-to-date: /home/kyw/vscode/slam_study/ros2_ws/install/robot_monitoring/include/robot_monitoring/robot_monitoring/msg/detail
[3.891s] -- Up-to-date: /home/kyw/vscode/slam_study/ros2_ws/install/robot_monitoring/include/robot_monitoring/robot_monitoring/msg/detail/robot_status__rosidl_typesupport_introspection_cpp.hpp
[3.891s] -- Up-to-date: /home/kyw/vscode/slam_study/ros2_ws/install/robot_monitoring/include/robot_monitoring/robot_monitoring/msg/detail/robot_status__type_support.cpp
[3.891s] -- Up-to-date: /home/kyw/vscode/slam_study/ros2_ws/install/robot_monitoring/lib/librobot_monitoring__rosidl_typesupport_introspection_cpp.so
[3.891s] -- Up-to-date: /home/kyw/vscode/slam_study/ros2_ws/install/robot_monitoring/lib/librobot_monitoring__rosidl_typesupport_cpp.so
[3.891s] -- Up-to-date: /home/kyw/vscode/slam_study/ros2_ws/install/robot_monitoring/share/robot_monitoring/environment/pythonpath.sh
[3.892s] -- Up-to-date: /home/kyw/vscode/slam_study/ros2_ws/install/robot_monitoring/share/robot_monitoring/environment/pythonpath.dsv
[3.892s] -- Up-to-date: /home/kyw/vscode/slam_study/ros2_ws/install/robot_monitoring/lib/python3.12/site-packages/robot_monitoring-0.0.0-py3.12.egg-info
[3.892s] -- Installing: /home/kyw/vscode/slam_study/ros2_ws/install/robot_monitoring/lib/python3.12/site-packages/robot_monitoring-0.0.0-py3.12.egg-info/SOURCES.txt
[3.892s] -- Installing: /home/kyw/vscode/slam_study/ros2_ws/install/robot_monitoring/lib/python3.12/site-packages/robot_monitoring-0.0.0-py3.12.egg-info/dependency_links.txt
[3.892s] -- Installing: /home/kyw/vscode/slam_study/ros2_ws/install/robot_monitoring/lib/python3.12/site-packages/robot_monitoring-0.0.0-py3.12.egg-info/PKG-INFO
[3.892s] -- Installing: /home/kyw/vscode/slam_study/ros2_ws/install/robot_monitoring/lib/python3.12/site-packages/robot_monitoring-0.0.0-py3.12.egg-info/top_level.txt
[3.892s] -- Up-to-date: /home/kyw/vscode/slam_study/ros2_ws/install/robot_monitoring/lib/python3.12/site-packages/robot_monitoring
[3.892s] -- Up-to-date: /home/kyw/vscode/slam_study/ros2_ws/install/robot_monitoring/lib/python3.12/site-packages/robot_monitoring/_robot_monitoring_s.ep.rosidl_typesupport_fastrtps_c.c
[3.892s] -- Up-to-date: /home/kyw/vscode/slam_study/ros2_ws/install/robot_monitoring/lib/python3.12/site-packages/robot_monitoring/_robot_monitoring_s.ep.rosidl_typesupport_c.c
[3.892s] -- Up-to-date: /home/kyw/vscode/slam_study/ros2_ws/install/robot_monitoring/lib/python3.12/site-packages/robot_monitoring/robot_monitoring_s__rosidl_typesupport_introspection_c.so
[3.892s] -- Up-to-date: /home/kyw/vscode/slam_study/ros2_ws/install/robot_monitoring/lib/python3.12/site-packages/robot_monitoring/robot_monitoring_s__rosidl_typesupport_fastrtps_c.so
[3.892s] -- Up-to-date: /home/kyw/vscode/slam_study/ros2_ws/install/robot_monitoring/lib/python3.12/site-packages/robot_monitoring/msg
[3.892s] -- Up-to-date: /home/kyw/vscode/slam_study/ros2_ws/install/robot_monitoring/lib/python3.12/site-packages/robot_monitoring/msg/_robot_status_s.c
[3.892s] -- Up-to-date: /home/kyw/vscode/slam_study/ros2_ws/install/robot_monitoring/lib/python3.12/site-packages/robot_monitoring/msg/_robot_status.py
[3.892s] -- Up-to-date: /home/kyw/vscode/slam_study/ros2_ws/install/robot_monitoring/lib/python3.12/site-packages/robot_monitoring/msg/__init__.py
[3.892s] -- Up-to-date: /home/kyw/vscode/slam_study/ros2_ws/install/robot_monitoring/lib/python3.12/site-packages/robot_monitoring/__init__.py
[3.892s] -- Up-to-date: /home/kyw/vscode/slam_study/ros2_ws/install/robot_monitoring/lib/python3.12/site-packages/robot_monitoring/_robot_monitoring_s.ep.rosidl_typesupport_introspection_c.c
[3.892s] -- Up-to-date: /home/kyw/vscode/slam_study/ros2_ws/install/robot_monitoring/lib/python3.12/site-packages/robot_monitoring/robot_monitoring_s__rosidl_typesupport_c.so
[3.912s] Listing '/home/kyw/vscode/slam_study/ros2_ws/install/robot_monitoring/lib/python3.12/site-packages/robot_monitoring'...
[3.912s] Listing '/home/kyw/vscode/slam_study/ros2_ws/install/robot_monitoring/lib/python3.12/site-packages/robot_monitoring/msg'...
[3.916s] -- Up-to-date: /home/kyw/vscode/slam_study/ros2_ws/install/robot_monitoring/lib/python3.12/site-packages/robot_monitoring/robot_monitoring_s__rosidl_typesupport_fastrtps_c.so
[3.916s] -- Up-to-date: /home/kyw/vscode/slam_study/ros2_ws/install/robot_monitoring/lib/python3.12/site-packages/robot_monitoring/robot_monitoring_s__rosidl_typesupport_introspection_c.so
[3.916s] -- Up-to-date: /home/kyw/vscode/slam_study/ros2_ws/install/robot_monitoring/lib/python3.12/site-packages/robot_monitoring/robot_monitoring_s__rosidl_typesupport_c.so
[3.916s] -- Up-to-date: /home/kyw/vscode/slam_study/ros2_ws/install/robot_monitoring/lib/librobot_monitoring__rosidl_generator_py.so
[3.916s] -- Up-to-date: /home/kyw/vscode/slam_study/ros2_ws/install/robot_monitoring/share/robot_monitoring/msg/RobotStatus.idl
[3.916s] -- Up-to-date: /home/kyw/vscode/slam_study/ros2_ws/install/robot_monitoring/share/robot_monitoring/msg/RobotStatus.msg
[3.916s] -- Installing: /home/kyw/vscode/slam_study/ros2_ws/install/robot_monitoring/lib/robot_monitoring/robot_monitor_node
[3.918s] -- Set non-toolchain portion of runtime path of "/home/kyw/vscode/slam_study/ros2_ws/install/robot_monitoring/lib/robot_monitoring/robot_monitor_node" to ""
[3.918s] -- Up-to-date: /home/kyw/vscode/slam_study/ros2_ws/install/robot_monitoring/share/robot_monitoring/launch
[3.918s] -- Up-to-date: /home/kyw/vscode/slam_study/ros2_ws/install/robot_monitoring/share/robot_monitoring/launch/robot_description.launch.py
[3.918s] -- Up-to-date: /home/kyw/vscode/slam_study/ros2_ws/install/robot_monitoring/share/ament_index/resource_index/package_run_dependencies/robot_monitoring
[3.918s] -- Up-to-date: /home/kyw/vscode/slam_study/ros2_ws/install/robot_monitoring/share/ament_index/resource_index/parent_prefix_path/robot_monitoring
[3.918s] -- Up-to-date: /home/kyw/vscode/slam_study/ros2_ws/install/robot_monitoring/share/robot_monitoring/environment/ament_prefix_path.sh
[3.918s] -- Up-to-date: /home/kyw/vscode/slam_study/ros2_ws/install/robot_monitoring/share/robot_monitoring/environment/ament_prefix_path.dsv
[3.918s] -- Up-to-date: /home/kyw/vscode/slam_study/ros2_ws/install/robot_monitoring/share/robot_monitoring/environment/path.sh
[3.918s] -- Up-to-date: /home/kyw/vscode/slam_study/ros2_ws/install/robot_monitoring/share/robot_monitoring/environment/path.dsv
[3.918s] -- Up-to-date: /home/kyw/vscode/slam_study/ros2_ws/install/robot_monitoring/share/robot_monitoring/local_setup.bash
[3.918s] -- Up-to-date: /home/kyw/vscode/slam_study/ros2_ws/install/robot_monitoring/share/robot_monitoring/local_setup.sh
[3.918s] -- Up-to-date: /home/kyw/vscode/slam_study/ros2_ws/install/robot_monitoring/share/robot_monitoring/local_setup.zsh
[3.919s] -- Up-to-date: /home/kyw/vscode/slam_study/ros2_ws/install/robot_monitoring/share/robot_monitoring/local_setup.dsv
[3.919s] -- Installing: /home/kyw/vscode/slam_study/ros2_ws/install/robot_monitoring/share/robot_monitoring/package.dsv
[3.919s] -- Up-to-date: /home/kyw/vscode/slam_study/ros2_ws/install/robot_monitoring/share/ament_index/resource_index/packages/robot_monitoring
[3.919s] -- Up-to-date: /home/kyw/vscode/slam_study/ros2_ws/install/robot_monitoring/share/robot_monitoring/cmake/export_robot_monitoring__rosidl_generator_cExport.cmake
[3.919s] -- Up-to-date: /home/kyw/vscode/slam_study/ros2_ws/install/robot_monitoring/share/robot_monitoring/cmake/export_robot_monitoring__rosidl_generator_cExport-noconfig.cmake
[3.919s] -- Up-to-date: /home/kyw/vscode/slam_study/ros2_ws/install/robot_monitoring/share/robot_monitoring/cmake/export_robot_monitoring__rosidl_typesupport_fastrtps_cExport.cmake
[3.919s] -- Up-to-date: /home/kyw/vscode/slam_study/ros2_ws/install/robot_monitoring/share/robot_monitoring/cmake/export_robot_monitoring__rosidl_typesupport_fastrtps_cExport-noconfig.cmake
[3.919s] -- Up-to-date: /home/kyw/vscode/slam_study/ros2_ws/install/robot_monitoring/share/robot_monitoring/cmake/export_robot_monitoring__rosidl_generator_cppExport.cmake
[3.919s] -- Up-to-date: /home/kyw/vscode/slam_study/ros2_ws/install/robot_monitoring/share/robot_monitoring/cmake/export_robot_monitoring__rosidl_typesupport_fastrtps_cppExport.cmake
[3.919s] -- Up-to-date: /home/kyw/vscode/slam_study/ros2_ws/install/robot_monitoring/share/robot_monitoring/cmake/export_robot_monitoring__rosidl_typesupport_fastrtps_cppExport-noconfig.cmake
[3.919s] -- Up-to-date: /home/kyw/vscode/slam_study/ros2_ws/install/robot_monitoring/share/robot_monitoring/cmake/robot_monitoring__rosidl_typesupport_introspection_cExport.cmake
[3.919s] -- Up-to-date: /home/kyw/vscode/slam_study/ros2_ws/install/robot_monitoring/share/robot_monitoring/cmake/robot_monitoring__rosidl_typesupport_introspection_cExport-noconfig.cmake
[3.919s] -- Up-to-date: /home/kyw/vscode/slam_study/ros2_ws/install/robot_monitoring/share/robot_monitoring/cmake/robot_monitoring__rosidl_typesupport_cExport.cmake
[3.919s] -- Up-to-date: /home/kyw/vscode/slam_study/ros2_ws/install/robot_monitoring/share/robot_monitoring/cmake/robot_monitoring__rosidl_typesupport_cExport-noconfig.cmake
[3.919s] -- Up-to-date: /home/kyw/vscode/slam_study/ros2_ws/install/robot_monitoring/share/robot_monitoring/cmake/robot_monitoring__rosidl_typesupport_introspection_cppExport.cmake
[3.920s] -- Up-to-date: /home/kyw/vscode/slam_study/ros2_ws/install/robot_monitoring/share/robot_monitoring/cmake/robot_monitoring__rosidl_typesupport_introspection_cppExport-noconfig.cmake
[3.920s] -- Up-to-date: /home/kyw/vscode/slam_study/ros2_ws/install/robot_monitoring/share/robot_monitoring/cmake/robot_monitoring__rosidl_typesupport_cppExport.cmake
[3.920s] -- Up-to-date: /home/kyw/vscode/slam_study/ros2_ws/install/robot_monitoring/share/robot_monitoring/cmake/robot_monitoring__rosidl_typesupport_cppExport-noconfig.cmake
[3.920s] -- Up-to-date: /home/kyw/vscode/slam_study/ros2_ws/install/robot_monitoring/share/robot_monitoring/cmake/export_robot_monitoring__rosidl_generator_pyExport.cmake
[3.920s] -- Up-to-date: /home/kyw/vscode/slam_study/ros2_ws/install/robot_monitoring/share/robot_monitoring/cmake/export_robot_monitoring__rosidl_generator_pyExport-noconfig.cmake
[3.920s] -- Up-to-date: /home/kyw/vscode/slam_study/ros2_ws/install/robot_monitoring/share/robot_monitoring/cmake/rosidl_cmake-extras.cmake
[3.920s] -- Up-to-date: /home/kyw/vscode/slam_study/ros2_ws/install/robot_monitoring/share/robot_monitoring/cmake/ament_cmake_export_include_directories-extras.cmake
[3.920s] -- Up-to-date: /home/kyw/vscode/slam_study/ros2_ws/install/robot_monitoring/share/robot_monitoring/cmake/ament_cmake_export_libraries-extras.cmake
[3.920s] -- Up-to-date: /home/kyw/vscode/slam_study/ros2_ws/install/robot_monitoring/share/robot_monitoring/cmake/ament_cmake_export_targets-extras.cmake
[3.920s] -- Up-to-date: /home/kyw/vscode/slam_study/ros2_ws/install/robot_monitoring/share/robot_monitoring/cmake/rosidl_cmake_export_typesupport_targets-extras.cmake
[3.920s] -- Up-to-date: /home/kyw/vscode/slam_study/ros2_ws/install/robot_monitoring/share/robot_monitoring/cmake/ament_cmake_export_dependencies-extras.cmake
[3.920s] -- Up-to-date: /home/kyw/vscode/slam_study/ros2_ws/install/robot_monitoring/share/robot_monitoring/cmake/rosidl_cmake_export_typesupport_libraries-extras.cmake
[3.920s] -- Up-to-date: /home/kyw/vscode/slam_study/ros2_ws/install/robot_monitoring/share/robot_monitoring/cmake/robot_monitoringConfig.cmake
[3.920s] -- Up-to-date: /home/kyw/vscode/slam_study/ros2_ws/install/robot_monitoring/share/robot_monitoring/cmake/robot_monitoringConfig-version.cmake
[3.920s] -- Up-to-date: /home/kyw/vscode/slam_study/ros2_ws/install/robot_monitoring/share/robot_monitoring/package.xml
[3.922s] Invoked command in '/home/kyw/vscode/slam_study/ros2_ws/build/robot_monitoring' returned '0': CMAKE_PREFIX_PATH=${CMAKE_PREFIX_PATH}:/opt/ros/jazzy DEBUGINFOD_URLS=https://debuginfod.ubuntu.com /usr/bin/cmake --install /home/kyw/vscode/slam_study/ros2_ws/build/robot_monitoring
