[0.017s] Invoking command in '/home/kyw/vscode/slam_study/ros2_ws/build/robot_monitoring': CMAKE_PREFIX_PATH=${CMAKE_PREFIX_PATH}:/opt/ros/jazzy DEBUGINFOD_URLS=https://debuginfod.ubuntu.com /usr/bin/cmake --build /home/kyw/vscode/slam_study/ros2_ws/build/robot_monitoring -- -j4 -l4
[0.121s] [  2%] Built target robot_monitoring__rosidl_generator_type_description
[0.133s] [  2%] Built target ament_cmake_python_copy_robot_monitoring
[0.137s] [  5%] Built target robot_monitoring__cpp
[0.148s] [ 19%] Built target robot_monitoring__rosidl_generator_c
[0.177s] [ 27%] Built target robot_monitoring__rosidl_typesupport_cpp
[0.177s] [ 36%] Built target robot_monitoring__rosidl_typesupport_fastrtps_cpp
[0.177s] [ 44%] Built target robot_monitoring__rosidl_typesupport_fastrtps_c
[0.200s] [ 52%] Built target robot_monitoring__rosidl_typesupport_introspection_c
[0.203s] [ 61%] Built target robot_monitoring__rosidl_typesupport_c
[0.207s] [ 69%] Built target robot_monitoring__rosidl_typesupport_introspection_cpp
[0.221s] [ 69%] Built target robot_monitoring
[0.240s] [ 72%] Built target robot_monitoring__py
[0.254s] [ 75%] [32mBuilding CXX object CMakeFiles/robot_monitor_node.dir/src/robot_monitor_node.cpp.o[0m
[0.266s] [ 80%] Built target robot_monitoring__rosidl_generator_py
[0.288s] [ 86%] Built target robot_monitoring_s__rosidl_typesupport_introspection_c
[0.291s] [ 91%] Built target robot_monitoring_s__rosidl_typesupport_fastrtps_c
[0.302s] running egg_info
[0.305s] [ 97%] Built target robot_monitoring_s__rosidl_typesupport_c
[0.314s] writing robot_monitoring.egg-info/PKG-INFO
[0.314s] writing dependency_links to robot_monitoring.egg-info/dependency_links.txt
[0.315s] writing top-level names to robot_monitoring.egg-info/top_level.txt
[0.345s] reading manifest file 'robot_monitoring.egg-info/SOURCES.txt'
[0.346s] writing manifest file 'robot_monitoring.egg-info/SOURCES.txt'
[0.365s] [ 97%] Built target ament_cmake_python_build_robot_monitoring_egg
[1.866s] [01m[K/home/kyw/vscode/slam_study/ros2_ws/src/robot_monitoring/src/robot_monitor_node.cpp:[m[K In constructor ‘[01m[KRobotMonitorNode::[01;32m[KRobotMonitorNode[m[K()[m[K’:
[1.866s] [01m[K/home/kyw/vscode/slam_study/ros2_ws/src/robot_monitoring/src/robot_monitor_node.cpp:13:34:[m[K [01;31m[Kerror: [m[K‘[01m[KO_RDONLY[m[K’ was not declared in this scope
[1.866s]    13 |     serial_.open("/dev/ttyAMA0", [01;31m[KO_RDONLY[m[K | O_NOCTTY | O_NONBLOCK);
[1.866s]       |                                  [01;31m[K^~~~~~~~[m[K
[1.871s] [01m[K/home/kyw/vscode/slam_study/ros2_ws/src/robot_monitoring/src/robot_monitor_node.cpp:13:45:[m[K [01;31m[Kerror: [m[K‘[01m[KO_NOCTTY[m[K’ was not declared in this scope; did you mean ‘[01m[KENOTTY[m[K’?
[1.871s]    13 |     serial_.open("/dev/ttyAMA0", O_RDONLY | [01;31m[KO_NOCTTY[m[K | O_NONBLOCK);
[1.871s]       |                                             [01;31m[K^~~~~~~~[m[K
[1.871s]       |                                             [32m[KENOTTY[m[K
[1.876s] [01m[K/home/kyw/vscode/slam_study/ros2_ws/src/robot_monitoring/src/robot_monitor_node.cpp:13:56:[m[K [01;31m[Kerror: [m[K‘[01m[KO_NONBLOCK[m[K’ was not declared in this scope
[1.876s]    13 |     serial_.open("/dev/ttyAMA0", O_RDONLY | O_NOCTTY | [01;31m[KO_NONBLOCK[m[K);
[1.876s]       |                                                        [01;31m[K^~~~~~~~~~[m[K
[2.889s] gmake[2]: *** [CMakeFiles/robot_monitor_node.dir/build.make:76: CMakeFiles/robot_monitor_node.dir/src/robot_monitor_node.cpp.o] Error 1
[2.890s] gmake[1]: *** [CMakeFiles/Makefile2:626: CMakeFiles/robot_monitor_node.dir/all] Error 2
[2.890s] gmake: *** [Makefile:146: all] Error 2
[2.891s] Invoked command in '/home/kyw/vscode/slam_study/ros2_ws/build/robot_monitoring' returned '2': CMAKE_PREFIX_PATH=${CMAKE_PREFIX_PATH}:/opt/ros/jazzy DEBUGINFOD_URLS=https://debuginfod.ubuntu.com /usr/bin/cmake --build /home/kyw/vscode/slam_study/ros2_ws/build/robot_monitoring -- -j4 -l4
