[0.009s] Invoking command in '/home/kyw/vscode/slam_study/ros2_ws/build/cow_odom_publisher': CMAKE_PREFIX_PATH=${CMAKE_PREFIX_PATH}:/opt/ros/jazzy DEBUGINFOD_URLS=https://debuginfod.ubuntu.com /usr/bin/cmake /home/kyw/vscode/slam_study/ros2_ws/src/cow_odom_publisher -DCMAKE_INSTALL_PREFIX=/home/kyw/vscode/slam_study/ros2_ws/install/cow_odom_publisher
[0.021s] -- Found ament_cmake: 2.5.4 (/opt/ros/jazzy/share/ament_cmake/cmake)
[0.173s] -- Found rclcpp: 28.1.9 (/opt/ros/jazzy/share/rclcpp/cmake)
[0.200s] -- Found rosidl_generator_c: 4.6.5 (/opt/ros/jazzy/share/rosidl_generator_c/cmake)
[0.208s] -- Found rosidl_generator_cpp: 4.6.5 (/opt/ros/jazzy/share/rosidl_generator_cpp/cmake)
[0.218s] -- Using all available rosidl_typesupport_c: rosidl_typesupport_fastrtps_c;rosidl_typesupport_introspection_c
[0.230s] -- Using all available rosidl_typesupport_cpp: rosidl_typesupport_fastrtps_cpp;rosidl_typesupport_introspection_cpp
[0.279s] -- Found rmw_implementation_cmake: 7.3.2 (/opt/ros/jazzy/share/rmw_implementation_cmake/cmake)
[0.280s] -- Found rmw_fastrtps_cpp: 8.4.2 (/opt/ros/jazzy/share/rmw_fastrtps_cpp/cmake)
[0.331s] -- Using RMW implementation 'rmw_fastrtps_cpp' as default
[0.381s] -- Found nav_msgs: 5.3.6 (/opt/ros/jazzy/share/nav_msgs/cmake)
[0.431s] -- Found tf2_ros: 0.36.11 (/opt/ros/jazzy/share/tf2_ros/cmake)
[0.530s] [31mCMake Error at CMakeLists.txt:14 (find_package):
[0.530s]   By not providing "Findrobot_monitoring.cmake" in CMAKE_MODULE_PATH this
[0.530s]   project has asked CMake to find a package configuration file provided by
[0.530s]   "robot_monitoring", but CMake did not find one.
[0.530s] 
[0.530s]   Could not find a package configuration file provided by "robot_monitoring"
[0.530s]   with any of the following names:
[0.530s] 
[0.530s]     robot_monitoringConfig.cmake
[0.530s]     robot_monitoring-config.cmake
[0.530s] 
[0.530s]   Add the installation prefix of "robot_monitoring" to CMAKE_PREFIX_PATH or
[0.530s]   set "robot_monitoring_DIR" to a directory containing one of the above
[0.530s]   files.  If "robot_monitoring" provides a separate development package or
[0.530s]   SDK, be sure it has been installed.
[0.530s] 
[0.530s] [0m
[0.530s] -- Configuring incomplete, errors occurred!
[0.539s] Invoked command in '/home/kyw/vscode/slam_study/ros2_ws/build/cow_odom_publisher' returned '1': CMAKE_PREFIX_PATH=${CMAKE_PREFIX_PATH}:/opt/ros/jazzy DEBUGINFOD_URLS=https://debuginfod.ubuntu.com /usr/bin/cmake /home/kyw/vscode/slam_study/ros2_ws/src/cow_odom_publisher -DCMAKE_INSTALL_PREFIX=/home/kyw/vscode/slam_study/ros2_ws/install/cow_odom_publisher
